#
# There is insufficient memory for the Java Runtime Environment to continue.
# Native memory allocation (malloc) failed to allocate 129536 bytes for Chunk::new
# Possible reasons:
#   The system is out of physical RAM or swap space
#   In 32 bit mode, the process size limit was hit
# Possible solutions:
#   Reduce memory load on the system
#   Increase physical memory or swap space
#   Check if swap backing store is full
#   Use 64 bit Java on a 64 bit OS
#   Decrease Java heap size (-Xmx/-Xms)
#   Decrease number of Java threads
#   Decrease Java thread stack sizes (-Xss)
#   Set larger code cache with -XX:ReservedCodeCacheSize=
# This output file may be truncated or incomplete.
#
#  Out of Memory Error (allocation.cpp:390), pid=6032, tid=6424
#
# JRE version: Java(TM) SE Runtime Environment (8.0_60-b27) (build 1.8.0_60-b27)
# Java VM: Java HotSpot(TM) 64-Bit Server VM (25.60-b23 mixed mode windows-amd64 compressed oops)
# Failed to write core dump. Minidumps are not enabled by default on client versions of Windows
#

---------------  T H R E A D  ---------------

Current thread (0x0000000054d06800):  JavaThread "C2 CompilerThread0" daemon [_thread_in_native, id=6424, stack(0x0000000056520000,0x0000000056620000)]

Stack: [0x0000000056520000,0x0000000056620000]
[error occurred during error reporting (printing stack bounds), id 0xc0000005]

Native frames: (J=compiled Java code, j=interpreted, Vv=VM code, C=native code)


Current CompileTask:
C2:   2785 1238   !   4       com.android.dx.cf.code.BytecodeArray::parseInstruction (2764 bytes)


---------------  P R O C E S S  ---------------

Java Threads: ( => current thread )
  0x0000000056aa6000 JavaThread "pool-2-thread-4" [_thread_blocked, id=7592, stack(0x0000000057ff0000,0x00000000580f0000)]
  0x0000000056ad6000 JavaThread "pool-2-thread-3" [_thread_in_Java, id=5640, stack(0x0000000057e10000,0x0000000057f10000)]
  0x0000000056adb000 JavaThread "pool-2-thread-2" [_thread_blocked, id=11188, stack(0x0000000057c40000,0x0000000057d40000)]
  0x0000000056ae5800 JavaThread "pool-3-thread-1" [_thread_blocked, id=6060, stack(0x0000000057a20000,0x0000000057b20000)]
  0x0000000056ae5000 JavaThread "pool-2-thread-1" [_thread_blocked, id=5092, stack(0x00000000577c0000,0x00000000578c0000)]
  0x0000000056869000 JavaThread "Service Thread" daemon [_thread_blocked, id=10468, stack(0x0000000056380000,0x0000000056480000)]
  0x0000000056867800 JavaThread "C1 CompilerThread2" daemon [_thread_blocked, id=840, stack(0x0000000056cb0000,0x0000000056db0000)]
  0x0000000054d0b000 JavaThread "C2 CompilerThread1" daemon [_thread_in_native, id=5044, stack(0x0000000056710000,0x0000000056810000)]
=>0x0000000054d06800 JavaThread "C2 CompilerThread0" daemon [_thread_in_native, id=6424, stack(0x0000000056520000,0x0000000056620000)]
  0x0000000054d05800 JavaThread "Attach Listener" daemon [_thread_blocked, id=7780, stack(0x0000000056260000,0x0000000056360000)]
  0x0000000054d02000 JavaThread "Signal Dispatcher" daemon [_thread_blocked, id=11004, stack(0x0000000056080000,0x0000000056180000)]
  0x0000000054ca1000 JavaThread "Finalizer" daemon [_thread_blocked, id=10320, stack(0x0000000055f20000,0x0000000056020000)]
  0x0000000054ca0000 JavaThread "Reference Handler" daemon [_thread_blocked, id=4748, stack(0x0000000055db0000,0x0000000055eb0000)]
  0x0000000001e5e000 JavaThread "main" [_thread_blocked, id=2572, stack(0x0000000002150000,0x0000000002250000)]

Other Threads:
  0x0000000054c9a800 VMThread [stack: 0x0000000055c80000,0x0000000055d80000] [id=7320]
  0x0000000056879000 WatcherThread [stack: 0x0000000056e00000,0x0000000056f00000] [id=9576]

VM state:not at safepoint (normal execution)

VM Mutex/Monitor currently owned by a thread: None

Heap:
 PSYoungGen      total 38400K, used 16690K [0x00000000eab00000, 0x00000000ef600000, 0x0000000100000000)
  eden space 33280K, 37% used [0x00000000eab00000,0x00000000eb733e50,0x00000000ecb80000)
  from space 5120K, 81% used [0x00000000ecb80000,0x00000000ecf98b88,0x00000000ed080000)
  to   space 5120K, 0% used [0x00000000ef100000,0x00000000ef100000,0x00000000ef600000)
 ParOldGen       total 87552K, used 8K [0x00000000c0000000, 0x00000000c5580000, 0x00000000eab00000)
  object space 87552K, 0% used [0x00000000c0000000,0x00000000c0002000,0x00000000c5580000)
 Metaspace       used 6039K, capacity 6960K, committed 7040K, reserved 1056768K
  class space    used 602K, capacity 616K, committed 640K, reserved 1048576K

Card table byte_map: [0x00000000118e0000,0x0000000011af0000] byte_map_base: 0x00000000112e0000

Marking Bits: (ParMarkBitMap*) 0x0000000064eba5b0
 Begin Bits: [0x0000000012110000, 0x0000000013110000)
 End Bits:   [0x0000000013110000, 0x0000000014110000)

Polling page: 0x0000000000220000

CodeCache: size=245760Kb used=5001Kb max_used=5014Kb free=240758Kb
 bounds [0x0000000002520000, 0x0000000002a10000, 0x0000000011520000]
 total_blobs=1520 nmethods=1251 adapters=182
 compilation: enabled

Compilation events (10 events):
Event: 2.781 Thread 0x0000000056867800 nmethod 1251 0x00000000029fff50 code [0x0000000002a00100, 0x0000000002a00538]
Event: 2.781 Thread 0x0000000056867800 1252       3       com.android.dx.ssa.back.FirstFitLocalCombiningAllocator::handleUnassociatedParameters (60 bytes)
Event: 2.781 Thread 0x0000000056867800 nmethod 1252 0x0000000002a00710 code [0x0000000002a008c0, 0x0000000002a00f58]
Event: 2.781 Thread 0x0000000056867800 1255       3       com.android.dx.ssa.back.SsaToRop::removePhiFunctions (83 bytes)
Event: 2.782 Thread 0x0000000056867800 nmethod 1255 0x0000000002a011d0 code [0x0000000002a014a0, 0x0000000002a027e8]
Event: 2.782 Thread 0x0000000056867800 1253       3       com.android.dx.ssa.SsaMethod::makeExitBlock (134 bytes)
Event: 2.783 Thread 0x0000000056867800 nmethod 1253 0x0000000002a032d0 code [0x0000000002a03560, 0x0000000002a04548]
Event: 2.783 Thread 0x0000000056867800 1254       3       com.android.dx.ssa.SCCP::<init> (142 bytes)
Event: 2.784 Thread 0x0000000056867800 nmethod 1254 0x0000000002a06350 code [0x0000000002a065c0, 0x0000000002a076a8]
Event: 2.784 Thread 0x0000000056867800 1257       3       java.util.TreeMap::rotateLeft (96 bytes)

GC Heap History (2 events):
Event: 1.527 GC heap before
{Heap before GC invocations=1 (full 0):
 PSYoungGen      total 38400K, used 33280K [0x00000000eab00000, 0x00000000ed580000, 0x0000000100000000)
  eden space 33280K, 100% used [0x00000000eab00000,0x00000000ecb80000,0x00000000ecb80000)
  from space 5120K, 0% used [0x00000000ed080000,0x00000000ed080000,0x00000000ed580000)
  to   space 5120K, 0% used [0x00000000ecb80000,0x00000000ecb80000,0x00000000ed080000)
 ParOldGen       total 87552K, used 0K [0x00000000c0000000, 0x00000000c5580000, 0x00000000eab00000)
  object space 87552K, 0% used [0x00000000c0000000,0x00000000c0000000,0x00000000c5580000)
 Metaspace       used 5741K, capacity 6704K, committed 6784K, reserved 1056768K
  class space    used 602K, capacity 616K, committed 640K, reserved 1048576K
Event: 1.551 GC heap after
Heap after GC invocations=1 (full 0):
 PSYoungGen      total 38400K, used 4194K [0x00000000eab00000, 0x00000000ef600000, 0x0000000100000000)
  eden space 33280K, 0% used [0x00000000eab00000,0x00000000eab00000,0x00000000ecb80000)
  from space 5120K, 81% used [0x00000000ecb80000,0x00000000ecf98b88,0x00000000ed080000)
  to   space 5120K, 0% used [0x00000000ef100000,0x00000000ef100000,0x00000000ef600000)
 ParOldGen       total 87552K, used 8K [0x00000000c0000000, 0x00000000c5580000, 0x00000000eab00000)
  object space 87552K, 0% used [0x00000000c0000000,0x00000000c0002000,0x00000000c5580000)
 Metaspace       used 5741K, capacity 6704K, committed 6784K, reserved 1056768K
  class space    used 602K, capacity 616K, committed 640K, reserved 1048576K
}

Deoptimization events (5 events):
Event: 1.567 Thread 0x0000000056ad6000 Uncommon trap: reason=unstable_if action=reinterpret pc=0x000000000275bae0 method=java.util.BitSet.nextSetBit(I)I @ 87
Event: 1.580 Thread 0x0000000056aa6000 Uncommon trap: reason=unstable_if action=reinterpret pc=0x00000000027448c8 method=java.util.HashMap.getNode(ILjava/lang/Object;)Ljava/util/HashMap$Node; @ 129
Event: 1.582 Thread 0x0000000056ae5000 Uncommon trap: reason=null_check action=make_not_entrant pc=0x00000000027e14bc method=com.android.dx.ssa.SsaRenamer.getLocalForNewReg(I)Lcom/android/dx/rop/code/LocalItem; @ 19
Event: 1.818 Thread 0x0000000001e5e000 Uncommon trap: reason=unstable_if action=reinterpret pc=0x0000000002813b48 method=java.util.HashMap.getNode(ILjava/lang/Object;)Ljava/util/HashMap$Node; @ 129
Event: 1.818 Thread 0x0000000001e5e000 Uncommon trap: reason=unstable_if action=reinterpret pc=0x0000000002758fa4 method=java.util.HashMap.getNode(ILjava/lang/Object;)Ljava/util/HashMap$Node; @ 129

Internal exceptions (3 events):
Event: 0.294 Thread 0x0000000001e5e000 Exception <a 'java/lang/NoSuchMethodError': Method sun.misc.Unsafe.defineClass(Ljava/lang/String;[BII)Ljava/lang/Class; name or signature does not match> (0x00000000eab0d710) thrown at [C:\re\workspace\8-2-build-windows-amd64-cygwin\jdk8u60\4407\hotspot\sr)Öò
òÐÒ?
Event: 0.294 Thread 0x0000000001e5e000 Exception <a 'java/lang/NoSuchMethodError': Method sun.misc.Unsafe.prefetchRead(Ljava/lang/Object;J)V name or signature does not match> (0x00000000eab0d9f8) thrown at [C:\re\workspace\8-2-build-windows-amd64-cygwin\jdk8u60\4407\hotspot\src\share\vm\prims\jê³,1~Où?
Event: 1.582 Thread 0x0000000056ae5000 Implicit null exception at 0x00000000027df3c0 to 0x00000000027e1479

Events (10 events):
Event: 1.582 Thread 0x0000000056ae5000 DEOPT PACKING pc=0x00000000027e14bc sp=0x00000000578beb00
Event: 1.582 Thread 0x0000000056ae5000 DEOPT UNPACKING pc=0x000000000256582a sp=0x00000000578be988 mode 2
Event: 1.818 Thread 0x0000000001e5e000 Uncommon trap: trap_request=0xffffff65 fr.pc=0x0000000002813b48
Event: 1.818 Thread 0x0000000001e5e000 DEOPT PACKING pc=0x0000000002813b48 sp=0x000000000224e4b0
Event: 1.818 Thread 0x0000000001e5e000 DEOPT UNPACKING pc=0x000000000256582a sp=0x000000000224e380 mode 2
Event: 1.818 Thread 0x0000000001e5e000 Uncommon trap: trap_request=0xffffff65 fr.pc=0x0000000002758fa4
Event: 1.818 Thread 0x0000000001e5e000 DEOPT PACKING pc=0x0000000002758fa4 sp=0x000000000224e450
Event: 1.818 Thread 0x0000000001e5e000 DEOPT UNPACKING pc=0x000000000256582a sp=0x000000000224e370 mode 2
Event: 2.529 Executing VM operation: ForceSafepoint
Event: 2.529 Executing VM operation: ForceSafepoint done


Dynamic libraries:
0x000000013f110000 - 0x000000013f147000 	C:\Program Files\Java\jdk1.8.0_60\bin\java.exe
0x0000000077930000 - 0x0000000077ada000 	C:\Windows\SYSTEM32\ntdll.dll
0x0000000077810000 - 0x000000007792f000 	C:\Windows\system32\kernel32.dll
0x000007fefd8d0000 - 0x000007fefd93a000 	C:\Windows\system32\KERNELBASE.dll
0x000007fefdda0000 - 0x000007fefde7b000 	C:\Windows\system32\ADVAPI32.dll
0x000007fefdd00000 - 0x000007fefdd9f000 	C:\Windows\system32\msvcrt.dll
0x000007fefdfb0000 - 0x000007fefdfcf000 	C:\Windows\SYSTEM32\sechost.dll
0x000007feff600000 - 0x000007feff72d000 	C:\Windows\system32\RPCRT4.dll
0x0000000077710000 - 0x000000007780a000 	C:\Windows\system32\USER32.dll
0x000007fefdea0000 - 0x000007fefdf07000 	C:\Windows\system32\GDI32.dll
0x000007fefda20000 - 0x000007fefda2e000 	C:\Windows\system32\LPK.dll
0x000007fefe130000 - 0x000007fefe1fa000 	C:\Windows\system32\USP10.dll
0x000007fefbf40000 - 0x000007fefc134000 	C:\Windows\WinSxS\amd64_microsoft.windows.common-controls_6595b64144ccf1df_6.0.7601.18837_none_fa3b1e3d17594757\COMCTL32.dll
0x000007fefe0b0000 - 0x000007fefe121000 	C:\Windows\system32\SHLWAPI.dll
0x000007feffa60000 - 0x000007feffa8e000 	C:\Windows\system32\IMM32.DLL
0x000007feffb30000 - 0x000007feffc39000 	C:\Windows\system32\MSCTF.dll
0x0000000064f40000 - 0x0000000065012000 	C:\Program Files\Java\jdk1.8.0_60\jre\bin\msvcr100.dll
0x00000000646b0000 - 0x0000000064f39000 	C:\Program Files\Java\jdk1.8.0_60\jre\bin\server\jvm.dll
0x000007fef4e60000 - 0x000007fef4e69000 	C:\Windows\system32\WSOCK32.dll
0x000007feff730000 - 0x000007feff77d000 	C:\Windows\system32\WS2_32.dll
0x000007fefe570000 - 0x000007fefe578000 	C:\Windows\system32\NSI.dll
0x000007fef8b80000 - 0x000007fef8bbb000 	C:\Windows\system32\WINMM.dll
0x000007fefc750000 - 0x000007fefc75c000 	C:\Windows\system32\VERSION.dll
0x0000000077af0000 - 0x0000000077af7000 	C:\Windows\system32\PSAPI.DLL
0x0000000069f00000 - 0x0000000069f0f000 	C:\Program Files\Java\jdk1.8.0_60\jre\bin\verify.dll
0x0000000069ed0000 - 0x0000000069ef9000 	C:\Program Files\Java\jdk1.8.0_60\jre\bin\java.dll
0x0000000069eb0000 - 0x0000000069ec6000 	C:\Program Files\Java\jdk1.8.0_60\jre\bin\zip.dll
0x000007fefe660000 - 0x000007feff3ea000 	C:\Windows\system32\SHELL32.dll
0x000007feff3f0000 - 0x000007feff5f3000 	C:\Windows\system32\ole32.dll
0x000007fefd670000 - 0x000007fefd67f000 	C:\Windows\system32\profapi.dll

VM Arguments:
jvm_args: -Djava.awt.headless=true -Xmx1024M -Dfile.encoding=windows-1252 -Duser.country=US -Duser.language=en -Duser.variant 
java_command: com.android.dx.command.Main --dex --force-jumbo --num-threads=4 --multi-dex --output C:\Users\Vuksa2103\Documents\coinomi-android\wallet\build\intermediates\transforms\dex\debug\folders\1000\10\guava-16.0.1_221624fe1d9ac3ff701c42b4b61fcc9957e1a222 C:\Users\Vuksa2103\.gradle\caches\modules-2\files-2.1\com.google.guava\guava\16.0.1\5fa98cd1a63c99a44dd8d3b77e4762b066a5d0c5\guava-16.0.1.jar
java_class_path (initial): C:\Users\Vuksa2103\AppData\Local\Android\sdk\tool\build-tools\23.0.3\lib\dx.jar
Launcher Type: SUN_STANDARD

Environment Variables:
PATH=C:\Program Files (x86)\Mozilla Firefox;C:\ProgramData\Oracle\Java\javapath;C:\Program Files (x86)\Intel\iCLS Client\;C:\Program Files\Intel\iCLS Client\;C:\Windows\system32;C:\Windows;C:\Windows\System32\Wbem;C:\Windows\System32\WindowsPowerShell\v1.0\;C:\Program Files (x86)\AMD\ATI.ACE\Core-Static;C:\Program Files\Intel\Intel(R) Management Engine Components\DAL;C:\Program Files\Intel\Intel(R) Management Engine Components\IPT;C:\Program Files (x86)\Intel\Intel(R) Management Engine Components\DAL;C:\Program Files (x86)\Intel\Intel(R) Management Engine Components\IPT;C:\Program Files\nodejs\;C:\Users\Vuksa2103\AppData\Roaming\npm;C:\adb;C:\gradle-2.2.1\bin;C:\Users\Vuksa2103\AppData\Roaming\npm
USERNAME=Vuksa2103
OS=Windows_NT
PROCESSOR_IDENTIFIER=Intel64 Family 6 Model 42 Stepping 7, GenuineIntel



---------------  S Y S T E M  ---------------

OS: Windows 7 , 64 bit Build 7601 (6.1.7601.23543)

CPU:total 4 (4 cores per cpu, 1 threads per core) family 6 model 42 stepping 7, cmov, cx8, fxsr, mmx, sse, sse2, sse3, ssse3, sse4.1, sse4.2, popcnt, avx, aes, clmul, tsc, tscinvbit

Memory: 4k page, physical 8351496k(1714816k free), swap 9398212k(4852k free)

vm_info: Java HotSpot(TM) 64-Bit Server VM (25.60-b23) for windows-amd64 JRE (1.8.0_60-b27), built on Aug  4 2015 11:06:27 by "java_re" with MS VC++ 10.0 (VS2010)

time: Sat Oct 29 19:50:57 2016
elapsed time: 2 seconds (0d 0h 0m 2s)

