#
# There is insufficient memory for the Java Runtime Environment to continue.
# Native memory allocation (malloc) failed to allocate 1209696 bytes for Chunk::new
# Possible reasons:
#   The system is out of physical RAM or swap space
#   In 32 bit mode, the process size limit was hit
# Possible solutions:
#   Reduce memory load on the system
#   Increase physical memory or swap space
#   Check if swap backing store is full
#   Use 64 bit Java on a 64 bit OS
#   Decrease Java heap size (-Xmx/-Xms)
#   Decrease number of Java threads
#   Decrease Java thread stack sizes (-Xss)
#   Set larger code cache with -XX:ReservedCodeCacheSize=
# This output file may be truncated or incomplete.
#
#  Out of Memory Error (allocation.cpp:390), pid=11084, tid=6304
#
# JRE version: Java(TM) SE Runtime Environment (8.0_60-b27) (build 1.8.0_60-b27)
# Java VM: Java HotSpot(TM) 64-Bit Server VM (25.60-b23 mixed mode windows-amd64 compressed oops)
# Failed to write core dump. Minidumps are not enabled by default on client versions of Windows
#

---------------  T H R E A D  ---------------

Current thread (0x0000000054ee7000):  JavaThread "C2 CompilerThread0" daemon [_thread_in_native, id=6304, stack(0x00000000564b0000,0x00000000565b0000)]

Stack: [0x00000000564b0000,0x00000000565b0000]
[error occurred during error reporting (printing stack bounds), id 0xc0000005]

Native frames: (J=compiled Java code, j=interpreted, Vv=VM code, C=native code)


Current CompileTask:
C2:   4143 1913       4       com.android.dx.ssa.SCCP::simulateBlock (54 bytes)


---------------  P R O C E S S  ---------------

Java Threads: ( => current thread )
  0x0000000056a95800 JavaThread "pool-2-thread-4" [_thread_blocked, id=10664, stack(0x00000000574a0000,0x00000000575a0000)]
  0x0000000056a91800 JavaThread "pool-2-thread-3" [_thread_blocked, id=8364, stack(0x0000000057380000,0x0000000057480000)]
  0x0000000056adc000 JavaThread "pool-2-thread-2" [_thread_blocked, id=7980, stack(0x00000000570e0000,0x00000000571e0000)]
  0x0000000056823000 JavaThread "pool-3-thread-1" [_thread_blocked, id=6000, stack(0x0000000056e90000,0x0000000056f90000)]
  0x0000000056822800 JavaThread "pool-2-thread-1" [_thread_in_vm, id=8800, stack(0x0000000056fb0000,0x00000000570b0000)]
  0x000000005675f800 JavaThread "Service Thread" daemon [_thread_blocked, id=9940, stack(0x0000000056b00000,0x0000000056c00000)]
  0x0000000054eec000 JavaThread "C1 CompilerThread2" daemon [_thread_blocked, id=7028, stack(0x00000000565e0000,0x00000000566e0000)]
  0x0000000054eeb000 JavaThread "C2 CompilerThread1" daemon [_thread_in_native, id=5196, stack(0x0000000056370000,0x0000000056470000)]
=>0x0000000054ee7000 JavaThread "C2 CompilerThread0" daemon [_thread_in_native, id=6304, stack(0x00000000564b0000,0x00000000565b0000)]
  0x0000000054ee3800 JavaThread "Attach Listener" daemon [_thread_blocked, id=9476, stack(0x0000000055f40000,0x0000000056040000)]
  0x0000000054ee2000 JavaThread "Signal Dispatcher" daemon [_thread_blocked, id=10208, stack(0x0000000056200000,0x0000000056300000)]
  0x0000000054e81800 JavaThread "Finalizer" daemon [_thread_blocked, id=10552, stack(0x0000000056090000,0x0000000056190000)]
  0x0000000054e80000 JavaThread "Reference Handler" daemon [_thread_blocked, id=2796, stack(0x0000000055cd0000,0x0000000055dd0000)]
  0x0000000001eee000 JavaThread "main" [_thread_blocked, id=7972, stack(0x0000000002140000,0x0000000002240000)]

Other Threads:
  0x0000000054e7a800 VMThread [stack: 0x0000000055df0000,0x0000000055ef0000] [id=1564]
  0x000000005676f800 WatcherThread [stack: 0x0000000056cd0000,0x0000000056dd0000] [id=9336]

VM state:not at safepoint (normal execution)

VM Mutex/Monitor currently owned by a thread: None

Heap:
 PSYoungGen      total 138240K, used 10756K [0x00000000eab00000, 0x00000000feb00000, 0x0000000100000000)
  eden space 133120K, 8% used [0x00000000eab00000,0x00000000eb581010,0x00000000f2d00000)
  from space 5120K, 0% used [0x00000000f2d00000,0x00000000f2d00000,0x00000000f3200000)
  to   space 30720K, 0% used [0x00000000fcd00000,0x00000000fcd00000,0x00000000feb00000)
 ParOldGen       total 113152K, used 42120K [0x00000000c0000000, 0x00000000c6e80000, 0x00000000eab00000)
  object space 113152K, 37% used [0x00000000c0000000,0x00000000c2922378,0x00000000c6e80000)
 Metaspace       used 6081K, capacity 7088K, committed 7296K, reserved 1056768K
  class space    used 593K, capacity 616K, committed 640K, reserved 1048576K

Card table byte_map: [0x00000000118d0000,0x0000000011ae0000] byte_map_base: 0x00000000112d0000

Marking Bits: (ParMarkBitMap*) 0x0000000064eba5b0
 Begin Bits: [0x00000000122f0000, 0x00000000132f0000)
 End Bits:   [0x00000000132f0000, 0x00000000142f0000)

Polling page: 0x0000000000110000

CodeCache: size=245760Kb used=8594Kb max_used=8621Kb free=237165Kb
 bounds [0x0000000002510000, 0x0000000002d90000, 0x0000000011510000]
 total_blobs=2179 nmethods=1916 adapters=175
 compilation: enabled

Compilation events (10 events):
Event: 3.896 Thread 0x0000000054eec000 1966       2       com.android.dx.cf.code.LineNumberList::concat (92 bytes)
Event: 3.897 Thread 0x0000000054eec000 nmethod 1966 0x0000000002d6c8d0 code [0x0000000002d6cb40, 0x0000000002d6d708]
Event: 3.945 Thread 0x0000000054ee7000 nmethod 1924 0x0000000002d730d0 code [0x0000000002d73400, 0x0000000002d74f98]
Event: 3.945 Thread 0x0000000054ee7000 1932   !   4       com.android.dx.ssa.BasicRegisterMapper::map (44 bytes)
Event: 3.992 Thread 0x0000000054ee7000 nmethod 1932 0x0000000002d78290 code [0x0000000002d784c0, 0x0000000002d79130]
Event: 3.992 Thread 0x0000000054ee7000 1965   !   4       com.android.dx.rop.code.RegisterSpec::intern (70 bytes)
Event: 4.006 Thread 0x0000000054ee7000 nmethod 1965 0x0000000002d7a710 code [0x0000000002d7a920, 0x0000000002d7b890]
Event: 4.006 Thread 0x0000000054ee7000 1910       4       java.util.ArrayList::remove (77 bytes)
Event: 4.009 Thread 0x0000000054ee7000 nmethod 1910 0x0000000002d5d150 code [0x0000000002d5d2a0, 0x0000000002d5d4d8]
Event: 4.009 Thread 0x0000000054ee7000 1913       4       com.android.dx.ssa.SCCP::simulateBlock (54 bytes)

GC Heap History (10 events):
Event: 1.144 GC heap before
{Heap before GC invocations=2 (full 0):
 PSYoungGen      total 38400K, used 38399K [0x00000000eab00000, 0x00000000ef600000, 0x0000000100000000)
  eden space 33280K, 100% used [0x00000000eab00000,0x00000000ecb80000,0x00000000ecb80000)
  from space 5120K, 99% used [0x00000000ecb80000,0x00000000ed07fca8,0x00000000ed080000)
  to   space 5120K, 0% used [0x00000000ef100000,0x00000000ef100000,0x00000000ef600000)
 ParOldGen       total 87552K, used 7694K [0x00000000c0000000, 0x00000000c5580000, 0x00000000eab00000)
  object space 87552K, 8% used [0x00000000c0000000,0x00000000c0783a68,0x00000000c5580000)
 Metaspace       used 5671K, capacity 6768K, committed 7040K, reserved 1056768K
  class space    used 586K, capacity 616K, committed 640K, reserved 1048576K
Event: 1.249 GC heap after
Heap after GC invocations=2 (full 0):
 PSYoungGen      total 71680K, used 5102K [0x00000000eab00000, 0x00000000ef600000, 0x0000000100000000)
  eden space 66560K, 0% used [0x00000000eab00000,0x00000000eab00000,0x00000000eec00000)
  from space 5120K, 99% used [0x00000000ef100000,0x00000000ef5fb858,0x00000000ef600000)
  to   space 5120K, 0% used [0x00000000eec00000,0x00000000eec00000,0x00000000ef100000)
 ParOldGen       total 87552K, used 22284K [0x00000000c0000000, 0x00000000c5580000, 0x00000000eab00000)
  object space 87552K, 25% used [0x00000000c0000000,0x00000000c15c31d0,0x00000000c5580000)
 Metaspace       used 5671K, capacity 6768K, committed 7040K, reserved 1056768K
  class space    used 586K, capacity 616K, committed 640K, reserved 1048576K
}
Event: 1.772 GC heap before
{Heap before GC invocations=3 (full 0):
 PSYoungGen      total 71680K, used 71662K [0x00000000eab00000, 0x00000000ef600000, 0x0000000100000000)
  eden space 66560K, 100% used [0x00000000eab00000,0x00000000eec00000,0x00000000eec00000)
  from space 5120K, 99% used [0x00000000ef100000,0x00000000ef5fb858,0x00000000ef600000)
  to   space 5120K, 0% used [0x00000000eec00000,0x00000000eec00000,0x00000000ef100000)
 ParOldGen       total 87552K, used 22284K [0x00000000c0000000, 0x00000000c5580000, 0x00000000eab00000)
  object space 87552K, 25% used [0x00000000c0000000,0x00000000c15c31d0,0x00000000c5580000)
 Metaspace       used 5904K, capacity 6960K, committed 7040K, reserved 1056768K
  class space    used 591K, capacity 616K, committed 640K, reserved 1048576K
Event: 1.801 GC heap after
Heap after GC invocations=3 (full 0):
 PSYoungGen      total 71680K, used 5096K [0x00000000eab00000, 0x00000000f3700000, 0x0000000100000000)
  eden space 66560K, 0% used [0x00000000eab00000,0x00000000eab00000,0x00000000eec00000)
  from space 5120K, 99% used [0x00000000eec00000,0x00000000ef0fa168,0x00000000ef100000)
  to   space 5120K, 0% used [0x00000000f3200000,0x00000000f3200000,0x00000000f3700000)
 ParOldGen       total 87552K, used 38613K [0x00000000c0000000, 0x00000000c5580000, 0x00000000eab00000)
  object space 87552K, 44% used [0x00000000c0000000,0x00000000c25b56a0,0x00000000c5580000)
 Metaspace       used 5904K, capacity 6960K, committed 7040K, reserved 1056768K
  class space    used 591K, capacity 616K, committed 640K, reserved 1048576K
}
Event: 2.231 GC heap before
{Heap before GC invocations=4 (full 0):
 PSYoungGen      total 71680K, used 71656K [0x00000000eab00000, 0x00000000f3700000, 0x0000000100000000)
  eden space 66560K, 100% used [0x00000000eab00000,0x00000000eec00000,0x00000000eec00000)
  from space 5120K, 99% used [0x00000000eec00000,0x00000000ef0fa168,0x00000000ef100000)
  to   space 5120K, 0% used [0x00000000f3200000,0x00000000f3200000,0x00000000f3700000)
 ParOldGen       total 87552K, used 38613K [0x00000000c0000000, 0x00000000c5580000, 0x00000000eab00000)
  object space 87552K, 44% used [0x00000000c0000000,0x00000000c25b56a0,0x00000000c5580000)
 Metaspace       used 6029K, capacity 7024K, committed 7296K, reserved 1056768K
  class space    used 592K, capacity 616K, committed 640K, reserved 1048576K
Event: 2.252 GC heap after
Heap after GC invocations=4 (full 0):
 PSYoungGen      total 138240K, used 5094K [0x00000000eab00000, 0x00000000f3700000, 0x0000000100000000)
  eden space 133120K, 0% used [0x00000000eab00000,0x00000000eab00000,0x00000000f2d00000)
  from space 5120K, 99% used [0x00000000f3200000,0x00000000f36f9a38,0x00000000f3700000)
  to   space 5120K, 0% used [0x00000000f2d00000,0x00000000f2d00000,0x00000000f3200000)
 ParOldGen       total 87552K, used 54244K [0x00000000c0000000, 0x00000000c5580000, 0x00000000eab00000)
  object space 87552K, 61% used [0x00000000c0000000,0x00000000c34f9200,0x00000000c5580000)
 Metaspace       used 6029K, capacity 7024K, committed 7296K, reserved 1056768K
  class space    used 592K, capacity 616K, committed 640K, reserved 1048576K
}
Event: 3.259 GC heap before
{Heap before GC invocations=5 (full 0):
 PSYoungGen      total 138240K, used 138214K [0x00000000eab00000, 0x00000000f3700000, 0x0000000100000000)
  eden space 133120K, 100% used [0x00000000eab00000,0x00000000f2d00000,0x00000000f2d00000)
  from space 5120K, 99% used [0x00000000f3200000,0x00000000f36f9a38,0x00000000f3700000)
  to   space 5120K, 0% used [0x00000000f2d00000,0x00000000f2d00000,0x00000000f3200000)
 ParOldGen       total 87552K, used 54244K [0x00000000c0000000, 0x00000000c5580000, 0x00000000eab00000)
  object space 87552K, 61% used [0x00000000c0000000,0x00000000c34f9200,0x00000000c5580000)
 Metaspace       used 6080K, capacity 7088K, committed 7296K, reserved 1056768K
  class space    used 592K, capacity 616K, committed 640K, reserved 1048576K
Event: 3.382 GC heap after
Heap after GC invocations=5 (full 0):
 PSYoungGen      total 138240K, used 5098K [0x00000000eab00000, 0x00000000feb00000, 0x0000000100000000)
  eden space 133120K, 0% used [0x00000000eab00000,0x00000000eab00000,0x00000000f2d00000)
  from space 5120K, 99% used [0x00000000f2d00000,0x00000000f31fa858,0x00000000f3200000)
  to   space 30720K, 0% used [0x00000000fcd00000,0x00000000fcd00000,0x00000000feb00000)
 ParOldGen       total 87552K, used 77101K [0x00000000c0000000, 0x00000000c5580000, 0x00000000eab00000)
  object space 87552K, 88% used [0x00000000c0000000,0x00000000c4b4b780,0x00000000c5580000)
 Metaspace       used 6080K, capacity 7088K, committed 7296K, reserved 1056768K
  class space    used 592K, capacity 616K, committed 640K, reserved 1048576K
}
Event: 3.382 GC heap before
{Heap before GC invocations=6 (full 1):
 PSYoungGen      total 138240K, used 5098K [0x00000000eab00000, 0x00000000feb00000, 0x0000000100000000)
  eden space 133120K, 0% used [0x00000000eab00000,0x00000000eab00000,0x00000000f2d00000)
  from space 5120K, 99% used [0x00000000f2d00000,0x00000000f31fa858,0x00000000f3200000)
  to   space 30720K, 0% used [0x00000000fcd00000,0x00000000fcd00000,0x00000000feb00000)
 ParOldGen       total 87552K, used 77101K [0x00000000c0000000, 0x00000000c5580000, 0x00000000eab00000)
  object space 87552K, 88% used [0x00000000c0000000,0x00000000c4b4b780,0x00000000c5580000)
 Metaspace       used 6080K, capacity 7088K, committed 7296K, reserved 1056768K
  class space    used 592K, capacity 616K, committed 640K, reserved 1048576K
Event: 3.762 GC heap after
Heap after GC invocations=6 (full 1):
 PSYoungGen      total 138240K, used 0K [0x00000000eab00000, 0x00000000feb00000, 0x0000000100000000)
  eden space 133120K, 0% used [0x00000000eab00000,0x00000000eab00000,0x00000000f2d00000)
  from space 5120K, 0% used [0x00000000f2d00000,0x00000000f2d00000,0x00000000f3200000)
  to   space 30720K, 0% used [0x00000000fcd00000,0x00000000fcd00000,0x00000000feb00000)
 ParOldGen       total 113152K, used 42120K [0x00000000c0000000, 0x00000000c6e80000, 0x00000000eab00000)
  object space 113152K, 37% used [0x00000000c0000000,0x00000000c2922378,0x00000000c6e80000)
 Metaspace       used 6080K, capacity 7088K, committed 7296K, reserved 1056768K
  class space    used 592K, capacity 616K, committed 640K, reserved 1048576K
}

Deoptimization events (10 events):
Event: 2.144 Thread 0x0000000056adc000 Uncommon trap: reason=class_check action=maybe_recompile pc=0x0000000002aa3488 method=com.android.dx.ssa.SsaMethod.isRegALocal(Lcom/android/dx/rop/code/RegisterSpec;)Z @ 16
Event: 2.144 Thread 0x0000000056adc000 Uncommon trap: reason=class_check action=maybe_recompile pc=0x0000000002aa3488 method=com.android.dx.ssa.SsaMethod.isRegALocal(Lcom/android/dx/rop/code/RegisterSpec;)Z @ 16
Event: 2.144 Thread 0x0000000056adc000 Uncommon trap: reason=class_check action=maybe_recompile pc=0x0000000002aa3488 method=com.android.dx.ssa.SsaMethod.isRegALocal(Lcom/android/dx/rop/code/RegisterSpec;)Z @ 16
Event: 2.221 Thread 0x0000000056a95800 Uncommon trap: reason=null_check action=make_not_entrant pc=0x0000000002a39ecc method=com.android.dx.rop.type.Type.equals(Ljava/lang/Object;)Z @ 8
Event: 2.227 Thread 0x0000000056a95800 Uncommon trap: reason=unstable_if action=reinterpret pc=0x0000000002ab25e0 method=com.android.dx.ssa.SCCP.simulateStmt(Lcom/android/dx/ssa/SsaInsn;)V @ 469
Event: 3.171 Thread 0x0000000056a95800 Uncommon trap: reason=class_check action=maybe_recompile pc=0x0000000002ce3214 method=com.android.dx.ssa.SCCP.simulatePhi(Lcom/android/dx/ssa/PhiInsn;)V @ 124
Event: 3.188 Thread 0x0000000056822800 Uncommon trap: reason=null_check action=make_not_entrant pc=0x0000000002939a04 method=com.android.dx.ssa.SsaRenamer.getLocalForNewReg(I)Lcom/android/dx/rop/code/LocalItem; @ 19
Event: 3.203 Thread 0x0000000056822800 Uncommon trap: reason=class_check action=maybe_recompile pc=0x0000000002ce3a24 method=com.android.dx.ssa.SCCP.setLatticeValueTo(IILcom/android/dx/rop/cst/Constant;)Z @ 43
Event: 3.836 Thread 0x0000000001eee000 Uncommon trap: reason=bimorphic action=maybe_recompile pc=0x0000000002b10874 method=com.android.dx.cf.code.BaseMachine.getLocalTarget(Z)Lcom/android/dx/rop/code/RegisterSpec; @ 70
Event: 3.836 Thread 0x0000000001eee000 Uncommon trap: reason=bimorphic action=maybe_recompile pc=0x0000000002b10874 method=com.android.dx.cf.code.BaseMachine.getLocalTarget(Z)Lcom/android/dx/rop/code/RegisterSpec; @ 70

Internal exceptions (4 events):
Event: 0.039 Thread 0x0000000001eee000 Exception <a 'java/lang/NoSuchMethodError': Method sun.misc.Unsafe.defineClass(Ljava/lang/String;[BII)Ljava/lang/Class; name or signature does not match> (0x00000000eab0d810) thrown at [C:\re\workspace\8-2-build-windows-amd64-cygwin\jdk8u60\4407\hotspot\srD•òñ¤?
Event: 0.039 Thread 0x0000000001eee000 Exception <a 'java/lang/NoSuchMethodError': Method sun.misc.Unsafe.prefetchRead(Ljava/lang/Object;J)V name or signature does not match> (0x00000000eab0daf8) thrown at [C:\re\workspace\8-2-build-windows-amd64-cygwin\jdk8u60\4407\hotspot\src\share\vm\prims\jO²Z´Ä@
Event: 2.221 Thread 0x0000000056a95800 Implicit null exception at 0x0000000002a39dca to 0x0000000002a39ebf
Event: 3.188 Thread 0x0000000056822800 Implicit null exception at 0x0000000002938be2 to 0x00000000029399cd

Events (10 events):
Event: 3.233 Executing VM operation: ParallelGCFailedAllocation
Event: 3.762 Executing VM operation: ParallelGCFailedAllocation done
Event: 3.836 Thread 0x0000000001eee000 Uncommon trap: trap_request=0xffffffc6 fr.pc=0x0000000002b10874
Event: 3.836 Thread 0x0000000001eee000 DEOPT PACKING pc=0x0000000002b10874 sp=0x000000000223d870
Event: 3.836 Thread 0x0000000001eee000 DEOPT UNPACKING pc=0x000000000255582a sp=0x000000000223d860 mode 2
Event: 3.836 Thread 0x0000000001eee000 Uncommon trap: trap_request=0xffffffc6 fr.pc=0x0000000002b10874
Event: 3.836 Thread 0x0000000001eee000 DEOPT PACKING pc=0x0000000002b10874 sp=0x000000000223d910
Event: 3.836 Thread 0x0000000001eee000 DEOPT UNPACKING pc=0x000000000255582a sp=0x000000000223d900 mode 2
Event: 3.885 Thread 0x0000000056a91800 DEOPT PACKING pc=0x0000000002bf1ad8 sp=0x000000005747e600
Event: 3.885 Thread 0x0000000056a91800 DEOPT UNPACKING pc=0x000000000255787f sp=0x000000005747e390 mode 0


Dynamic libraries:
0x000000013f110000 - 0x000000013f147000 	C:\Program Files\Java\jdk1.8.0_60\bin\java.exe
0x0000000077930000 - 0x0000000077ada000 	C:\Windows\SYSTEM32\ntdll.dll
0x0000000077810000 - 0x000000007792f000 	C:\Windows\system32\kernel32.dll
0x000007fefd8d0000 - 0x000007fefd93a000 	C:\Windows\system32\KERNELBASE.dll
0x000007fefdda0000 - 0x000007fefde7b000 	C:\Windows\system32\ADVAPI32.dll
0x000007fefdd00000 - 0x000007fefdd9f000 	C:\Windows\system32\msvcrt.dll
0x000007fefdfb0000 - 0x000007fefdfcf000 	C:\Windows\SYSTEM32\sechost.dll
0x000007feff600000 - 0x000007feff72d000 	C:\Windows\system32\RPCRT4.dll
0x0000000077710000 - 0x000000007780a000 	C:\Windows\system32\USER32.dll
0x000007fefdea0000 - 0x000007fefdf07000 	C:\Windows\system32\GDI32.dll
0x000007fefda20000 - 0x000007fefda2e000 	C:\Windows\system32\LPK.dll
0x000007fefe130000 - 0x000007fefe1fa000 	C:\Windows\system32\USP10.dll
0x000007fefbf40000 - 0x000007fefc134000 	C:\Windows\WinSxS\amd64_microsoft.windows.common-controls_6595b64144ccf1df_6.0.7601.18837_none_fa3b1e3d17594757\COMCTL32.dll
0x000007fefe0b0000 - 0x000007fefe121000 	C:\Windows\system32\SHLWAPI.dll
0x000007feffa60000 - 0x000007feffa8e000 	C:\Windows\system32\IMM32.DLL
0x000007feffb30000 - 0x000007feffc39000 	C:\Windows\system32\MSCTF.dll
0x0000000064f40000 - 0x0000000065012000 	C:\Program Files\Java\jdk1.8.0_60\jre\bin\msvcr100.dll
0x00000000646b0000 - 0x0000000064f39000 	C:\Program Files\Java\jdk1.8.0_60\jre\bin\server\jvm.dll
0x000007fef4e60000 - 0x000007fef4e69000 	C:\Windows\system32\WSOCK32.dll
0x000007feff730000 - 0x000007feff77d000 	C:\Windows\system32\WS2_32.dll
0x000007fefe570000 - 0x000007fefe578000 	C:\Windows\system32\NSI.dll
0x000007fef8b80000 - 0x000007fef8bbb000 	C:\Windows\system32\WINMM.dll
0x000007fefc750000 - 0x000007fefc75c000 	C:\Windows\system32\VERSION.dll
0x0000000077af0000 - 0x0000000077af7000 	C:\Windows\system32\PSAPI.DLL
0x0000000069f00000 - 0x0000000069f0f000 	C:\Program Files\Java\jdk1.8.0_60\jre\bin\verify.dll
0x0000000069ed0000 - 0x0000000069ef9000 	C:\Program Files\Java\jdk1.8.0_60\jre\bin\java.dll
0x0000000069eb0000 - 0x0000000069ec6000 	C:\Program Files\Java\jdk1.8.0_60\jre\bin\zip.dll
0x000007fefe660000 - 0x000007feff3ea000 	C:\Windows\system32\SHELL32.dll
0x000007feff3f0000 - 0x000007feff5f3000 	C:\Windows\system32\ole32.dll
0x000007fefd670000 - 0x000007fefd67f000 	C:\Windows\system32\profapi.dll

VM Arguments:
jvm_args: -Djava.awt.headless=true -Xmx1024M -Dfile.encoding=windows-1252 -Duser.country=US -Duser.language=en -Duser.variant 
java_command: com.android.dx.command.Main --dex --force-jumbo --num-threads=4 --multi-dex --output C:\Users\Vuksa2103\Documents\coinomi-android\wallet\build\intermediates\transforms\dex\debug\folders\1000\5\slice_4 C:\Users\Vuksa2103\Documents\coinomi-android\wallet\build\intermediates\transforms\instantRunSlicer\debug\folders\1\5\slice_4
java_class_path (initial): C:\Users\Vuksa2103\AppData\Local\Android\sdk\tool\build-tools\23.0.3\lib\dx.jar
Launcher Type: SUN_STANDARD

Environment Variables:
PATH=C:\Program Files (x86)\Mozilla Firefox;C:\ProgramData\Oracle\Java\javapath;C:\Program Files (x86)\Intel\iCLS Client\;C:\Program Files\Intel\iCLS Client\;C:\Windows\system32;C:\Windows;C:\Windows\System32\Wbem;C:\Windows\System32\WindowsPowerShell\v1.0\;C:\Program Files (x86)\AMD\ATI.ACE\Core-Static;C:\Program Files\Intel\Intel(R) Management Engine Components\DAL;C:\Program Files\Intel\Intel(R) Management Engine Components\IPT;C:\Program Files (x86)\Intel\Intel(R) Management Engine Components\DAL;C:\Program Files (x86)\Intel\Intel(R) Management Engine Components\IPT;C:\Program Files\nodejs\;C:\Users\Vuksa2103\AppData\Roaming\npm;C:\adb;C:\gradle-2.2.1\bin;C:\Users\Vuksa2103\AppData\Roaming\npm
USERNAME=Vuksa2103
OS=Windows_NT
PROCESSOR_IDENTIFIER=Intel64 Family 6 Model 42 Stepping 7, GenuineIntel



---------------  S Y S T E M  ---------------

OS: Windows 7 , 64 bit Build 7601 (6.1.7601.23543)

CPU:total 4 (4 cores per cpu, 1 threads per core) family 6 model 42 stepping 7, cmov, cx8, fxsr, mmx, sse, sse2, sse3, ssse3, sse4.1, sse4.2, popcnt, avx, aes, clmul, tsc, tscinvbit

Memory: 4k page, physical 8351496k(2002856k free), swap 9398212k(10284k free)

vm_info: Java HotSpot(TM) 64-Bit Server VM (25.60-b23) for windows-amd64 JRE (1.8.0_60-b27), built on Aug  4 2015 11:06:27 by "java_re" with MS VC++ 10.0 (VS2010)

time: Sat Oct 29 19:35:58 2016
elapsed time: 4 seconds (0d 0h 0m 4s)

