#
# There is insufficient memory for the Java Runtime Environment to continue.
# Native memory allocation (malloc) failed to allocate 1562496 bytes for Chunk::new
# Possible reasons:
#   The system is out of physical RAM or swap space
#   In 32 bit mode, the process size limit was hit
# Possible solutions:
#   Reduce memory load on the system
#   Increase physical memory or swap space
#   Check if swap backing store is full
#   Use 64 bit Java on a 64 bit OS
#   Decrease Java heap size (-Xmx/-Xms)
#   Decrease number of Java threads
#   Decrease Java thread stack sizes (-Xss)
#   Set larger code cache with -XX:ReservedCodeCacheSize=
# This output file may be truncated or incomplete.
#
#  Out of Memory Error (allocation.cpp:390), pid=4800, tid=7828
#
# JRE version: Java(TM) SE Runtime Environment (8.0_60-b27) (build 1.8.0_60-b27)
# Java VM: Java HotSpot(TM) 64-Bit Server VM (25.60-b23 mixed mode windows-amd64 compressed oops)
# Failed to write core dump. Minidumps are not enabled by default on client versions of Windows
#

---------------  T H R E A D  ---------------

Current thread (0x0000000054d79000):  JavaThread "C2 CompilerThread1" daemon [_thread_in_native, id=7828, stack(0x0000000056950000,0x0000000056a50000)]

Stack: [0x0000000056950000,0x0000000056a50000]
[error occurred during error reporting (printing stack bounds), id 0xc0000005]

Native frames: (J=compiled Java code, j=interpreted, Vv=VM code, C=native code)


Current CompileTask:
C2:  10215 2403   !   4       com.android.dx.cf.code.Ropper::processBlock (1101 bytes)


---------------  P R O C E S S  ---------------

Java Threads: ( => current thread )
  0x0000000056e98800 JavaThread "pool-2-thread-4" [_thread_blocked, id=9396, stack(0x0000000058080000,0x0000000058180000)]
  0x0000000056f7a000 JavaThread "pool-2-thread-3" [_thread_blocked, id=7452, stack(0x0000000057ed0000,0x0000000057fd0000)]
  0x0000000056eb1800 JavaThread "pool-2-thread-2" [_thread_blocked, id=5324, stack(0x0000000057d00000,0x0000000057e00000)]
  0x0000000056d72000 JavaThread "pool-3-thread-1" [_thread_blocked, id=9416, stack(0x0000000057330000,0x0000000057430000)]
  0x0000000056d46000 JavaThread "pool-2-thread-1" [_thread_blocked, id=8096, stack(0x0000000056670000,0x0000000056770000)]
  0x0000000054d7b800 JavaThread "Service Thread" daemon [_thread_blocked, id=9984, stack(0x00000000570c0000,0x00000000571c0000)]
  0x0000000054d7a000 JavaThread "C1 CompilerThread2" daemon [_thread_blocked, id=10320, stack(0x0000000056b10000,0x0000000056c10000)]
=>0x0000000054d79000 JavaThread "C2 CompilerThread1" daemon [_thread_in_native, id=7828, stack(0x0000000056950000,0x0000000056a50000)]
  0x0000000054d75000 JavaThread "C2 CompilerThread0" daemon [_thread_in_native, id=6460, stack(0x0000000056800000,0x0000000056900000)]
  0x0000000054d71800 JavaThread "Attach Listener" daemon [_thread_blocked, id=5528, stack(0x0000000056570000,0x0000000056670000)]
  0x0000000054d70000 JavaThread "Signal Dispatcher" daemon [_thread_blocked, id=8116, stack(0x0000000056380000,0x0000000056480000)]
  0x0000000054d11800 JavaThread "Finalizer" daemon [_thread_blocked, id=4184, stack(0x0000000056240000,0x0000000056340000)]
  0x0000000054d10000 JavaThread "Reference Handler" daemon [_thread_blocked, id=1028, stack(0x0000000056030000,0x0000000056130000)]
  0x0000000001dfe000 JavaThread "main" [_thread_in_native, id=840, stack(0x0000000002160000,0x0000000002260000)]

Other Threads:
  0x0000000054d0a800 VMThread [stack: 0x0000000055e40000,0x0000000055f40000] [id=8480]
  0x0000000056cad800 WatcherThread [stack: 0x0000000056130000,0x0000000056230000] [id=6564]

VM state:not at safepoint (normal execution)

VM Mutex/Monitor currently owned by a thread: None

Heap:
 PSYoungGen      total 138240K, used 116745K [0x00000000eab00000, 0x00000000f3700000, 0x0000000100000000)
  eden space 133120K, 87% used [0x00000000eab00000,0x00000000f1d02408,0x00000000f2d00000)
  from space 5120K, 0% used [0x00000000f2d00000,0x00000000f2d00000,0x00000000f3200000)
  to   space 5120K, 0% used [0x00000000f3200000,0x00000000f3200000,0x00000000f3700000)
 ParOldGen       total 122368K, used 45279K [0x00000000c0000000, 0x00000000c7780000, 0x00000000eab00000)
  object space 122368K, 37% used [0x00000000c0000000,0x00000000c2c37fc0,0x00000000c7780000)
 Metaspace       used 6134K, capacity 7152K, committed 7296K, reserved 1056768K
  class space    used 593K, capacity 616K, committed 640K, reserved 1048576K

Card table byte_map: [0x00000000118f0000,0x0000000011b00000] byte_map_base: 0x00000000112f0000

Marking Bits: (ParMarkBitMap*) 0x0000000064eba5b0
 Begin Bits: [0x0000000012180000, 0x0000000013180000)
 End Bits:   [0x0000000013180000, 0x0000000014180000)

Polling page: 0x00000000001a0000

CodeCache: size=245760Kb used=10832Kb max_used=10837Kb free=234927Kb
 bounds [0x0000000002530000, 0x0000000002fd0000, 0x0000000011530000]
 total_blobs=2541 nmethods=2278 adapters=175
 compilation: enabled

Compilation events (10 events):
Event: 10.147 Thread 0x0000000054d7a000 2415       3       com.android.dx.rop.code.SwitchInsn::getCatches (4 bytes)
Event: 10.147 Thread 0x0000000054d7a000 nmethod 2415 0x0000000002fbd450 code [0x0000000002fbd5a0, 0x0000000002fbd6f0]
Event: 10.148 Thread 0x0000000054d75000 nmethod 2411 0x0000000002fc1850 code [0x0000000002fc19a0, 0x0000000002fc1d78]
Event: 10.148 Thread 0x0000000054d75000 2412 %     4       com.android.dx.ssa.ConstCollector::getConstsSortedByCountUse @ 27 (386 bytes)
Event: 10.161 Thread 0x0000000054d7a000 2417       3       com.android.dx.cf.code.LocalVariableList$Item::matchesAllButType (53 bytes)
Event: 10.162 Thread 0x0000000054d7a000 nmethod 2417 0x0000000002fc8a90 code [0x0000000002fc8c20, 0x0000000002fc9168]
Event: 10.209 Thread 0x0000000054d7a000 2419       3       com.android.dx.cf.code.OneLocalsArray::makeInitialized (55 bytes)
Event: 10.209 Thread 0x0000000054d7a000 nmethod 2419 0x0000000002fcedd0 code [0x0000000002fcef80, 0x0000000002fcf618]
Event: 10.209 Thread 0x0000000054d7a000 2420       3       com.android.dx.rop.code.RegisterSpec::withLocalItem (41 bytes)
Event: 10.210 Thread 0x0000000054d7a000 nmethod 2420 0x0000000002fce5d0 code [0x0000000002fce760, 0x0000000002fcec78]

GC Heap History (10 events):
Event: 2.014 GC heap before
{Heap before GC invocations=2 (full 0):
 PSYoungGen      total 38400K, used 38369K [0x00000000eab00000, 0x00000000ef600000, 0x0000000100000000)
  eden space 33280K, 100% used [0x00000000eab00000,0x00000000ecb80000,0x00000000ecb80000)
  from space 5120K, 99% used [0x00000000ecb80000,0x00000000ed0785f0,0x00000000ed080000)
  to   space 5120K, 0% used [0x00000000ef100000,0x00000000ef100000,0x00000000ef600000)
 ParOldGen       total 87552K, used 8210K [0x00000000c0000000, 0x00000000c5580000, 0x00000000eab00000)
  object space 87552K, 9% used [0x00000000c0000000,0x00000000c0804ba8,0x00000000c5580000)
 Metaspace       used 5688K, capacity 6768K, committed 7040K, reserved 1056768K
  class space    used 584K, capacity 616K, committed 640K, reserved 1048576K
Event: 2.084 GC heap after
Heap after GC invocations=2 (full 0):
 PSYoungGen      total 71680K, used 5103K [0x00000000eab00000, 0x00000000ef600000, 0x0000000100000000)
  eden space 66560K, 0% used [0x00000000eab00000,0x00000000eab00000,0x00000000eec00000)
  from space 5120K, 99% used [0x00000000ef100000,0x00000000ef5fbde0,0x00000000ef600000)
  to   space 5120K, 0% used [0x00000000eec00000,0x00000000eec00000,0x00000000ef100000)
 ParOldGen       total 87552K, used 18831K [0x00000000c0000000, 0x00000000c5580000, 0x00000000eab00000)
  object space 87552K, 21% used [0x00000000c0000000,0x00000000c1263f18,0x00000000c5580000)
 Metaspace       used 5688K, capacity 6768K, committed 7040K, reserved 1056768K
  class space    used 584K, capacity 616K, committed 640K, reserved 1048576K
}
Event: 2.825 GC heap before
{Heap before GC invocations=3 (full 0):
 PSYoungGen      total 71680K, used 71663K [0x00000000eab00000, 0x00000000ef600000, 0x0000000100000000)
  eden space 66560K, 100% used [0x00000000eab00000,0x00000000eec00000,0x00000000eec00000)
  from space 5120K, 99% used [0x00000000ef100000,0x00000000ef5fbde0,0x00000000ef600000)
  to   space 5120K, 0% used [0x00000000eec00000,0x00000000eec00000,0x00000000ef100000)
 ParOldGen       total 87552K, used 18831K [0x00000000c0000000, 0x00000000c5580000, 0x00000000eab00000)
  object space 87552K, 21% used [0x00000000c0000000,0x00000000c1263f18,0x00000000c5580000)
 Metaspace       used 5924K, capacity 6960K, committed 7040K, reserved 1056768K
  class space    used 591K, capacity 616K, committed 640K, reserved 1048576K
Event: 2.887 GC heap after
Heap after GC invocations=3 (full 0):
 PSYoungGen      total 71680K, used 5094K [0x00000000eab00000, 0x00000000f3700000, 0x0000000100000000)
  eden space 66560K, 0% used [0x00000000eab00000,0x00000000eab00000,0x00000000eec00000)
  from space 5120K, 99% used [0x00000000eec00000,0x00000000ef0f9b88,0x00000000ef100000)
  to   space 5120K, 0% used [0x00000000f3200000,0x00000000f3200000,0x00000000f3700000)
 ParOldGen       total 87552K, used 38773K [0x00000000c0000000, 0x00000000c5580000, 0x00000000eab00000)
  object space 87552K, 44% used [0x00000000c0000000,0x00000000c25dd660,0x00000000c5580000)
 Metaspace       used 5924K, capacity 6960K, committed 7040K, reserved 1056768K
  class space    used 591K, capacity 616K, committed 640K, reserved 1048576K
}
Event: 3.851 GC heap before
{Heap before GC invocations=4 (full 0):
 PSYoungGen      total 71680K, used 71654K [0x00000000eab00000, 0x00000000f3700000, 0x0000000100000000)
  eden space 66560K, 100% used [0x00000000eab00000,0x00000000eec00000,0x00000000eec00000)
  from space 5120K, 99% used [0x00000000eec00000,0x00000000ef0f9b88,0x00000000ef100000)
  to   space 5120K, 0% used [0x00000000f3200000,0x00000000f3200000,0x00000000f3700000)
 ParOldGen       total 87552K, used 38773K [0x00000000c0000000, 0x00000000c5580000, 0x00000000eab00000)
  object space 87552K, 44% used [0x00000000c0000000,0x00000000c25dd660,0x00000000c5580000)
 Metaspace       used 6019K, capacity 7024K, committed 7296K, reserved 1056768K
  class space    used 592K, capacity 616K, committed 640K, reserved 1048576K
Event: 3.911 GC heap after
Heap after GC invocations=4 (full 0):
 PSYoungGen      total 138240K, used 5112K [0x00000000eab00000, 0x00000000f3700000, 0x0000000100000000)
  eden space 133120K, 0% used [0x00000000eab00000,0x00000000eab00000,0x00000000f2d00000)
  from space 5120K, 99% used [0x00000000f3200000,0x00000000f36fe130,0x00000000f3700000)
  to   space 5120K, 0% used [0x00000000f2d00000,0x00000000f2d00000,0x00000000f3200000)
 ParOldGen       total 87552K, used 54673K [0x00000000c0000000, 0x00000000c5580000, 0x00000000eab00000)
  object space 87552K, 62% used [0x00000000c0000000,0x00000000c3564610,0x00000000c5580000)
 Metaspace       used 6019K, capacity 7024K, committed 7296K, reserved 1056768K
  class space    used 592K, capacity 616K, committed 640K, reserved 1048576K
}
Event: 7.052 GC heap before
{Heap before GC invocations=5 (full 0):
 PSYoungGen      total 138240K, used 138232K [0x00000000eab00000, 0x00000000f3700000, 0x0000000100000000)
  eden space 133120K, 100% used [0x00000000eab00000,0x00000000f2d00000,0x00000000f2d00000)
  from space 5120K, 99% used [0x00000000f3200000,0x00000000f36fe130,0x00000000f3700000)
  to   space 5120K, 0% used [0x00000000f2d00000,0x00000000f2d00000,0x00000000f3200000)
 ParOldGen       total 87552K, used 54673K [0x00000000c0000000, 0x00000000c5580000, 0x00000000eab00000)
  object space 87552K, 62% used [0x00000000c0000000,0x00000000c3564610,0x00000000c5580000)
 Metaspace       used 6082K, capacity 7088K, committed 7296K, reserved 1056768K
  class space    used 592K, capacity 616K, committed 640K, reserved 1048576K
Event: 7.118 GC heap after
Heap after GC invocations=5 (full 0):
 PSYoungGen      total 138240K, used 5111K [0x00000000eab00000, 0x00000000f3700000, 0x0000000100000000)
  eden space 133120K, 0% used [0x00000000eab00000,0x00000000eab00000,0x00000000f2d00000)
  from space 5120K, 99% used [0x00000000f2d00000,0x00000000f31fdc18,0x00000000f3200000)
  to   space 5120K, 0% used [0x00000000f3200000,0x00000000f3200000,0x00000000f3700000)
 ParOldGen       total 87552K, used 78919K [0x00000000c0000000, 0x00000000c5580000, 0x00000000eab00000)
  object space 87552K, 90% used [0x00000000c0000000,0x00000000c4d11dc0,0x00000000c5580000)
 Metaspace       used 6082K, capacity 7088K, committed 7296K, reserved 1056768K
  class space    used 592K, capacity 616K, committed 640K, reserved 1048576K
}
Event: 7.118 GC heap before
{Heap before GC invocations=6 (full 1):
 PSYoungGen      total 138240K, used 5111K [0x00000000eab00000, 0x00000000f3700000, 0x0000000100000000)
  eden space 133120K, 0% used [0x00000000eab00000,0x00000000eab00000,0x00000000f2d00000)
  from space 5120K, 99% used [0x00000000f2d00000,0x00000000f31fdc18,0x00000000f3200000)
  to   space 5120K, 0% used [0x00000000f3200000,0x00000000f3200000,0x00000000f3700000)
 ParOldGen       total 87552K, used 78919K [0x00000000c0000000, 0x00000000c5580000, 0x00000000eab00000)
  object space 87552K, 90% used [0x00000000c0000000,0x00000000c4d11dc0,0x00000000c5580000)
 Metaspace       used 6082K, capacity 7088K, committed 7296K, reserved 1056768K
  class space    used 592K, capacity 616K, committed 640K, reserved 1048576K
Event: 7.781 GC heap after
Heap after GC invocations=6 (full 1):
 PSYoungGen      total 138240K, used 0K [0x00000000eab00000, 0x00000000f3700000, 0x0000000100000000)
  eden space 133120K, 0% used [0x00000000eab00000,0x00000000eab00000,0x00000000f2d00000)
  from space 5120K, 0% used [0x00000000f2d00000,0x00000000f2d00000,0x00000000f3200000)
  to   space 5120K, 0% used [0x00000000f3200000,0x00000000f3200000,0x00000000f3700000)
 ParOldGen       total 122368K, used 45279K [0x00000000c0000000, 0x00000000c7780000, 0x00000000eab00000)
  object space 122368K, 37% used [0x00000000c0000000,0x00000000c2c37fc0,0x00000000c7780000)
 Metaspace       used 6082K, capacity 7088K, committed 7296K, reserved 1056768K
  class space    used 592K, capacity 616K, committed 640K, reserved 1048576K
}

Deoptimization events (10 events):
Event: 9.876 Thread 0x0000000056f7a000 Uncommon trap: reason=unstable_if action=reinterpret pc=0x0000000002c55330 method=com.android.dx.util.IntList.binarysearch(I)I @ 105
Event: 9.880 Thread 0x0000000056f7a000 Uncommon trap: reason=unstable_if action=reinterpret pc=0x0000000002b5935c method=com.android.dx.ssa.SsaBasicBlock.newFromRop(Lcom/android/dx/rop/code/RopMethod;ILcom/android/dx/ssa/SsaMethod;)Lcom/android/dx/ssa/SsaBasicBlock; @ 164
Event: 9.886 Thread 0x0000000056f7a000 Uncommon trap: reason=unstable_if action=reinterpret pc=0x0000000002d89f60 method=com.android.dx.ssa.SsaMethod.blockIndexToRopLabel(I)I @ 1
Event: 9.890 Thread 0x0000000056f7a000 Uncommon trap: reason=unstable_if action=reinterpret pc=0x0000000002e9004c method=com.android.dx.dex.code.RopTranslator.outputBlock(Lcom/android/dx/rop/code/BasicBlock;I)V @ 132
Event: 9.900 Thread 0x0000000056f7a000 Uncommon trap: reason=unstable_if action=reinterpret pc=0x0000000002c1e90c method=com.android.dx.cf.code.RopperMachine.run(Lcom/android/dx/cf/code/Frame;II)V @ 1019
Event: 9.917 Thread 0x0000000056f7a000 Uncommon trap: reason=unstable_if action=reinterpret pc=0x0000000002d83a90 method=com.android.dx.ssa.SCCP.simulateStmt(Lcom/android/dx/ssa/SsaInsn;)V @ 53
Event: 9.920 Thread 0x0000000056f7a000 Uncommon trap: reason=bimorphic action=maybe_recompile pc=0x0000000002ba0014 method=com.android.dx.cf.code.BaseMachine.getLocalTarget(Z)Lcom/android/dx/rop/code/RegisterSpec; @ 70
Event: 9.921 Thread 0x0000000056f7a000 Uncommon trap: reason=unstable_if action=reinterpret pc=0x0000000002c38360 method=com.android.dx.ssa.SsaRenamer$BlockRenamer.addMapping(ILcom/android/dx/rop/code/RegisterSpec;)V @ 120
Event: 9.922 Thread 0x0000000056f7a000 Uncommon trap: reason=unstable_if action=reinterpret pc=0x0000000002e645f8 method=com.android.dx.ssa.LiteralOpUpgrader$1.visitNonMoveInsn(Lcom/android/dx/ssa/NormalSsaInsn;)V @ 151
Event: 9.922 Thread 0x0000000056f7a000 Uncommon trap: reason=unstable_if action=reinterpret pc=0x0000000002b612c8 method=com.android.dx.rop.code.LocalVariableExtractor.processBlock(I)V @ 179

Internal exceptions (5 events):
Event: 0.097 Thread 0x0000000001dfe000 Exception <a 'java/lang/NoSuchMethodError': Method sun.misc.Unsafe.defineClass(Ljava/lang/String;[BII)Ljava/lang/Class; name or signature does not match> (0x00000000eab0d810) thrown at [C:\re\workspace\8-2-build-windows-amd64-cygwin\jdk8u60\4407\hotspot\srÒn„Ô²ä¸?
Event: 0.097 Thread 0x0000000001dfe000 Exception <a 'java/lang/NoSuchMethodError': Method sun.misc.Unsafe.prefetchRead(Ljava/lang/Object;J)V name or signature does not match> (0x00000000eab0daf8) thrown at [C:\re\workspace\8-2-build-windows-amd64-cygwin\jdk8u60\4407\hotspot\src\share\vm\prims\j.icñ@
Event: 3.993 Thread 0x0000000056f7a000 Implicit null exception at 0x00000000029e4c4a to 0x00000000029e4d3f
Event: 6.860 Thread 0x0000000056eb1800 Implicit null exception at 0x00000000029e8939 to 0x00000000029eab8d
Event: 6.860 Thread 0x0000000056eb1800 Implicit null exception at 0x0000000002a47d65 to 0x0000000002a4adbd

Events (10 events):
Event: 9.922 Thread 0x0000000056f7a000 DEOPT PACKING pc=0x0000000002b612c8 sp=0x0000000057fced70
Event: 9.922 Thread 0x0000000056f7a000 DEOPT UNPACKING pc=0x000000000257582a sp=0x0000000057fced20 mode 2
Event: 9.929 Thread 0x0000000056f7a000 DEOPT PACKING pc=0x0000000002cad645 sp=0x0000000057fcebf0
Event: 9.929 Thread 0x0000000056f7a000 DEOPT UNPACKING pc=0x000000000257787f sp=0x0000000057fce958 mode 0
Event: 10.001 Thread 0x0000000056e98800 DEOPT PACKING pc=0x0000000002cdeb14 sp=0x000000005817ebb0
Event: 10.001 Thread 0x0000000056e98800 DEOPT UNPACKING pc=0x000000000257787f sp=0x000000005817e970 mode 0
Event: 10.070 Thread 0x0000000056d46000 DEOPT PACKING pc=0x0000000002873f72 sp=0x000000005676e7f0
Event: 10.070 Thread 0x0000000056d46000 DEOPT UNPACKING pc=0x000000000257787f sp=0x000000005676e538 mode 0
Event: 10.163 Thread 0x0000000056eb1800 DEOPT PACKING pc=0x0000000002c36f7c sp=0x0000000057dfefa0
Event: 10.163 Thread 0x0000000056eb1800 DEOPT UNPACKING pc=0x000000000257787f sp=0x0000000057dfecb8 mode 0


Dynamic libraries:
0x000000013f110000 - 0x000000013f147000 	C:\Program Files\Java\jdk1.8.0_60\bin\java.exe
0x0000000077930000 - 0x0000000077ada000 	C:\Windows\SYSTEM32\ntdll.dll
0x0000000077810000 - 0x000000007792f000 	C:\Windows\system32\kernel32.dll
0x000007fefd8d0000 - 0x000007fefd93a000 	C:\Windows\system32\KERNELBASE.dll
0x000007fefdda0000 - 0x000007fefde7b000 	C:\Windows\system32\ADVAPI32.dll
0x000007fefdd00000 - 0x000007fefdd9f000 	C:\Windows\system32\msvcrt.dll
0x000007fefdfb0000 - 0x000007fefdfcf000 	C:\Windows\SYSTEM32\sechost.dll
0x000007feff600000 - 0x000007feff72d000 	C:\Windows\system32\RPCRT4.dll
0x0000000077710000 - 0x000000007780a000 	C:\Windows\system32\USER32.dll
0x000007fefdea0000 - 0x000007fefdf07000 	C:\Windows\system32\GDI32.dll
0x000007fefda20000 - 0x000007fefda2e000 	C:\Windows\system32\LPK.dll
0x000007fefe130000 - 0x000007fefe1fa000 	C:\Windows\system32\USP10.dll
0x000007fefbf40000 - 0x000007fefc134000 	C:\Windows\WinSxS\amd64_microsoft.windows.common-controls_6595b64144ccf1df_6.0.7601.18837_none_fa3b1e3d17594757\COMCTL32.dll
0x000007fefe0b0000 - 0x000007fefe121000 	C:\Windows\system32\SHLWAPI.dll
0x000007feffa60000 - 0x000007feffa8e000 	C:\Windows\system32\IMM32.DLL
0x000007feffb30000 - 0x000007feffc39000 	C:\Windows\system32\MSCTF.dll
0x0000000064f40000 - 0x0000000065012000 	C:\Program Files\Java\jdk1.8.0_60\jre\bin\msvcr100.dll
0x00000000646b0000 - 0x0000000064f39000 	C:\Program Files\Java\jdk1.8.0_60\jre\bin\server\jvm.dll
0x000007fef4e60000 - 0x000007fef4e69000 	C:\Windows\system32\WSOCK32.dll
0x000007feff730000 - 0x000007feff77d000 	C:\Windows\system32\WS2_32.dll
0x000007fefe570000 - 0x000007fefe578000 	C:\Windows\system32\NSI.dll
0x000007fef8b80000 - 0x000007fef8bbb000 	C:\Windows\system32\WINMM.dll
0x000007fefc750000 - 0x000007fefc75c000 	C:\Windows\system32\VERSION.dll
0x0000000077af0000 - 0x0000000077af7000 	C:\Windows\system32\PSAPI.DLL
0x0000000069f00000 - 0x0000000069f0f000 	C:\Program Files\Java\jdk1.8.0_60\jre\bin\verify.dll
0x0000000069ed0000 - 0x0000000069ef9000 	C:\Program Files\Java\jdk1.8.0_60\jre\bin\java.dll
0x0000000069eb0000 - 0x0000000069ec6000 	C:\Program Files\Java\jdk1.8.0_60\jre\bin\zip.dll
0x000007fefe660000 - 0x000007feff3ea000 	C:\Windows\system32\SHELL32.dll
0x000007feff3f0000 - 0x000007feff5f3000 	C:\Windows\system32\ole32.dll
0x000007fefd670000 - 0x000007fefd67f000 	C:\Windows\system32\profapi.dll

VM Arguments:
jvm_args: -Djava.awt.headless=true -Xmx1024M -Dfile.encoding=windows-1252 -Duser.country=US -Duser.language=en -Duser.variant 
java_command: com.android.dx.command.Main --dex --force-jumbo --num-threads=4 --multi-dex --output C:\Users\Vuksa2103\Documents\coinomi-android\wallet\build\intermediates\transforms\dex\debug\folders\1000\5\slice_4 C:\Users\Vuksa2103\Documents\coinomi-android\wallet\build\intermediates\transforms\instantRunSlicer\debug\folders\1\5\slice_4
java_class_path (initial): C:\Users\Vuksa2103\AppData\Local\Android\sdk\tool\build-tools\23.0.3\lib\dx.jar
Launcher Type: SUN_STANDARD

Environment Variables:
PATH=C:\Program Files (x86)\Mozilla Firefox;C:\ProgramData\Oracle\Java\javapath;C:\Program Files (x86)\Intel\iCLS Client\;C:\Program Files\Intel\iCLS Client\;C:\Windows\system32;C:\Windows;C:\Windows\System32\Wbem;C:\Windows\System32\WindowsPowerShell\v1.0\;C:\Program Files (x86)\AMD\ATI.ACE\Core-Static;C:\Program Files\Intel\Intel(R) Management Engine Components\DAL;C:\Program Files\Intel\Intel(R) Management Engine Components\IPT;C:\Program Files (x86)\Intel\Intel(R) Management Engine Components\DAL;C:\Program Files (x86)\Intel\Intel(R) Management Engine Components\IPT;C:\Program Files\nodejs\;C:\Users\Vuksa2103\AppData\Roaming\npm;C:\adb;C:\gradle-2.2.1\bin;C:\Users\Vuksa2103\AppData\Roaming\npm
USERNAME=Vuksa2103
OS=Windows_NT
PROCESSOR_IDENTIFIER=Intel64 Family 6 Model 42 Stepping 7, GenuineIntel



---------------  S Y S T E M  ---------------

OS: Windows 7 , 64 bit Build 7601 (6.1.7601.23543)

CPU:total 4 (4 cores per cpu, 1 threads per core) family 6 model 42 stepping 7, cmov, cx8, fxsr, mmx, sse, sse2, sse3, ssse3, sse4.1, sse4.2, popcnt, avx, aes, clmul, tsc, tscinvbit

Memory: 4k page, physical 8351496k(723464k free), swap 9398212k(5124k free)

vm_info: Java HotSpot(TM) 64-Bit Server VM (25.60-b23) for windows-amd64 JRE (1.8.0_60-b27), built on Aug  4 2015 11:06:27 by "java_re" with MS VC++ 10.0 (VS2010)

time: Sat Oct 29 19:21:11 2016
elapsed time: 10 seconds (0d 0h 0m 10s)

