#
# There is insufficient memory for the Java Runtime Environment to continue.
# Native memory allocation (malloc) failed to allocate 32744 bytes for ChunkPool::allocate
# Possible reasons:
#   The system is out of physical RAM or swap space
#   In 32 bit mode, the process size limit was hit
# Possible solutions:
#   Reduce memory load on the system
#   Increase physical memory or swap space
#   Check if swap backing store is full
#   Use 64 bit Java on a 64 bit OS
#   Decrease Java heap size (-Xmx/-Xms)
#   Decrease number of Java threads
#   Decrease Java thread stack sizes (-Xss)
#   Set larger code cache with -XX:ReservedCodeCacheSize=
# This output file may be truncated or incomplete.
#
#  Out of Memory Error (allocation.cpp:273), pid=10504, tid=5600
#
# JRE version: Java(TM) SE Runtime Environment (8.0_60-b27) (build 1.8.0_60-b27)
# Java VM: Java HotSpot(TM) 64-Bit Server VM (25.60-b23 mixed mode windows-amd64 compressed oops)
# Failed to write core dump. Minidumps are not enabled by default on client versions of Windows
#

---------------  T H R E A D  ---------------

Current thread (0x000000005504b000):  JavaThread "C2 CompilerThread1" daemon [_thread_in_native, id=5600, stack(0x0000000056810000,0x0000000056910000)]

Stack: [0x0000000056810000,0x0000000056910000]
[error occurred during error reporting (printing stack bounds), id 0xc0000005]

Native frames: (J=compiled Java code, j=interpreted, Vv=VM code, C=native code)


Current CompileTask:
C2:    638  330       4       java.lang.String::equals (81 bytes)


---------------  P R O C E S S  ---------------

Java Threads: ( => current thread )
  0x0000000056b17800 JavaThread "pool-2-thread-4" [_thread_in_Java, id=3900, stack(0x0000000057780000,0x0000000057880000)]
  0x0000000056af7800 JavaThread "pool-2-thread-3" [_thread_blocked, id=7524, stack(0x00000000575c0000,0x00000000576c0000)]
  0x0000000056af7000 JavaThread "pool-2-thread-2" [_thread_blocked, id=6764, stack(0x00000000573d0000,0x00000000574d0000)]
  0x0000000056b26000 JavaThread "pool-3-thread-1" [_thread_blocked, id=10384, stack(0x0000000057200000,0x0000000057300000)]
  0x0000000056b25800 JavaThread "pool-2-thread-1" [_thread_in_native, id=5300, stack(0x0000000057000000,0x0000000057100000)]
  0x000000005697a000 JavaThread "Service Thread" daemon [_thread_blocked, id=8464, stack(0x0000000056d40000,0x0000000056e40000)]
  0x000000005504c000 JavaThread "C1 CompilerThread2" daemon [_thread_in_native, id=8332, stack(0x00000000565a0000,0x00000000566a0000)]
=>0x000000005504b000 JavaThread "C2 CompilerThread1" daemon [_thread_in_native, id=5600, stack(0x0000000056810000,0x0000000056910000)]
  0x0000000055047000 JavaThread "C2 CompilerThread0" daemon [_thread_blocked, id=5296, stack(0x00000000566c0000,0x00000000567c0000)]
  0x0000000055043800 JavaThread "Attach Listener" daemon [_thread_blocked, id=11116, stack(0x0000000056230000,0x0000000056330000)]
  0x0000000055042000 JavaThread "Signal Dispatcher" daemon [_thread_blocked, id=10308, stack(0x0000000056400000,0x0000000056500000)]
  0x0000000054fe7000 JavaThread "Finalizer" daemon [_thread_blocked, id=8892, stack(0x0000000056130000,0x0000000056230000)]
  0x0000000054fe0000 JavaThread "Reference Handler" daemon [_thread_blocked, id=10796, stack(0x0000000055e80000,0x0000000055f80000)]
  0x0000000001ffe000 JavaThread "main" [_thread_blocked, id=5132, stack(0x0000000002210000,0x0000000002310000)]

Other Threads:
  0x0000000054fda800 VMThread [stack: 0x0000000055fc0000,0x00000000560c0000] [id=8388]
  0x000000005698a000 WatcherThread [stack: 0x0000000056ed0000,0x0000000056fd0000] [id=4528]

VM state:not at safepoint (normal execution)

VM Mutex/Monitor currently owned by a thread: None

Heap:
 PSYoungGen      total 38400K, used 10788K [0x00000000eab00000, 0x00000000ed580000, 0x0000000100000000)
  eden space 33280K, 32% used [0x00000000eab00000,0x00000000eb589008,0x00000000ecb80000)
  from space 5120K, 0% used [0x00000000ed080000,0x00000000ed080000,0x00000000ed580000)
  to   space 5120K, 0% used [0x00000000ecb80000,0x00000000ecb80000,0x00000000ed080000)
 ParOldGen       total 87552K, used 0K [0x00000000c0000000, 0x00000000c5580000, 0x00000000eab00000)
  object space 87552K, 0% used [0x00000000c0000000,0x00000000c0000000,0x00000000c5580000)
 Metaspace       used 5148K, capacity 6160K, committed 6272K, reserved 1056768K
  class space    used 572K, capacity 584K, committed 640K, reserved 1048576K

Card table byte_map: [0x00000000119a0000,0x0000000011bb0000] byte_map_base: 0x00000000113a0000

Marking Bits: (ParMarkBitMap*) 0x0000000064eba5b0
 Begin Bits: [0x0000000012450000, 0x0000000013450000)
 End Bits:   [0x0000000013450000, 0x0000000014450000)

Polling page: 0x0000000000110000

CodeCache: size=245760Kb used=1726Kb max_used=1733Kb free=244034Kb
 bounds [0x00000000025e0000, 0x0000000002850000, 0x00000000115e0000]
 total_blobs=595 nmethods=327 adapters=181
 compilation: enabled

Compilation events (10 events):
Event: 0.616 Thread 0x000000005504b000  319       4       java.util.concurrent.ConcurrentHashMap::tabAt (21 bytes)
Event: 0.616 Thread 0x000000005504b000 nmethod 319 0x0000000002791390 code [0x00000000027914c0, 0x0000000002791518]
Event: 0.616 Thread 0x000000005504c000  321       1       java.util.concurrent.atomic.AtomicInteger::get (5 bytes)
Event: 0.616 Thread 0x000000005504c000 nmethod 321 0x0000000002790d10 code [0x0000000002790e60, 0x0000000002790f70]
Event: 0.616 Thread 0x0000000055047000  322       4       java.util.concurrent.ConcurrentHashMap::casTabAt (20 bytes)
Event: 0.616 Thread 0x0000000055047000 nmethod 322 0x000000000278f250 code [0x000000000278f380, 0x000000000278f3f8]
Event: 0.631 Thread 0x000000005504c000  324       3       java.util.zip.ZipEntry::<init> (43 bytes)
Event: 0.631 Thread 0x000000005504c000 nmethod 324 0x000000000278ee50 code [0x000000000278efa0, 0x000000000278f1b0]
Event: 0.634 Thread 0x000000005504c000  328       3       java.util.zip.ZipEntry::setExtra0 (360 bytes)
Event: 0.635 Thread 0x000000005504b000  330       4       java.lang.String::equals (81 bytes)

GC Heap History (0 events):
No events

Deoptimization events (0 events):
No events

Internal exceptions (2 events):
Event: 0.041 Thread 0x0000000001ffe000 Exception <a 'java/lang/NoSuchMethodError': Method sun.misc.Unsafe.defineClass(Ljava/lang/String;[BII)Ljava/lang/Class; name or signature does not match> (0x00000000eab0d8a0) thrown at [C:\re\workspace\8-2-build-windows-amd64-cygwin\jdk8u60\4407\hotspot\srêCã_Ç)¥?
Event: 0.041 Thread 0x0000000001ffe000 Exception <a 'java/lang/NoSuchMethodError': Method sun.misc.Unsafe.prefetchRead(Ljava/lang/Object;J)V name or signature does not match> (0x00000000eab0db88) thrown at [C:\re\workspace\8-2-build-windows-amd64-cygwin\jdk8u60\4407\hotspot\src\share\vm\prims\j

Events (10 events):
Event: 0.630 loading class com/android/dx/dex/code/form/Form51l
Event: 0.630 loading class com/android/dx/dex/code/form/Form51l done
Event: 0.631 loading class com/android/dx/dex/code/form/Form21c
Event: 0.631 loading class com/android/dx/dex/code/form/Form21c done
Event: 0.634 loading class com/android/dx/dex/code/form/Form31c
Event: 0.634 loading class com/android/dx/dex/code/form/Form31c done
Event: 0.634 loading class com/android/dx/dex/code/form/Form22c
Event: 0.634 loading class com/android/dx/dex/code/form/Form22c done
Event: 0.635 loading class com/android/dx/dex/code/form/Form35c
Event: 0.635 loading class com/android/dx/dex/code/form/Form35c done


Dynamic libraries:
0x000000013f110000 - 0x000000013f147000 	C:\Program Files\Java\jdk1.8.0_60\bin\java.exe
0x0000000077930000 - 0x0000000077ada000 	C:\Windows\SYSTEM32\ntdll.dll
0x0000000077810000 - 0x000000007792f000 	C:\Windows\system32\kernel32.dll
0x000007fefd8d0000 - 0x000007fefd93a000 	C:\Windows\system32\KERNELBASE.dll
0x000007fefdda0000 - 0x000007fefde7b000 	C:\Windows\system32\ADVAPI32.dll
0x000007fefdd00000 - 0x000007fefdd9f000 	C:\Windows\system32\msvcrt.dll
0x000007fefdfb0000 - 0x000007fefdfcf000 	C:\Windows\SYSTEM32\sechost.dll
0x000007feff600000 - 0x000007feff72d000 	C:\Windows\system32\RPCRT4.dll
0x0000000077710000 - 0x000000007780a000 	C:\Windows\system32\USER32.dll
0x000007fefdea0000 - 0x000007fefdf07000 	C:\Windows\system32\GDI32.dll
0x000007fefda20000 - 0x000007fefda2e000 	C:\Windows\system32\LPK.dll
0x000007fefe130000 - 0x000007fefe1fa000 	C:\Windows\system32\USP10.dll
0x000007fefbf40000 - 0x000007fefc134000 	C:\Windows\WinSxS\amd64_microsoft.windows.common-controls_6595b64144ccf1df_6.0.7601.18837_none_fa3b1e3d17594757\COMCTL32.dll
0x000007fefe0b0000 - 0x000007fefe121000 	C:\Windows\system32\SHLWAPI.dll
0x000007feffa60000 - 0x000007feffa8e000 	C:\Windows\system32\IMM32.DLL
0x000007feffb30000 - 0x000007feffc39000 	C:\Windows\system32\MSCTF.dll
0x0000000064f40000 - 0x0000000065012000 	C:\Program Files\Java\jdk1.8.0_60\jre\bin\msvcr100.dll
0x00000000646b0000 - 0x0000000064f39000 	C:\Program Files\Java\jdk1.8.0_60\jre\bin\server\jvm.dll
0x000007fef4e60000 - 0x000007fef4e69000 	C:\Windows\system32\WSOCK32.dll
0x000007feff730000 - 0x000007feff77d000 	C:\Windows\system32\WS2_32.dll
0x000007fefe570000 - 0x000007fefe578000 	C:\Windows\system32\NSI.dll
0x000007fef8b80000 - 0x000007fef8bbb000 	C:\Windows\system32\WINMM.dll
0x000007fefc750000 - 0x000007fefc75c000 	C:\Windows\system32\VERSION.dll
0x0000000077af0000 - 0x0000000077af7000 	C:\Windows\system32\PSAPI.DLL
0x0000000069f00000 - 0x0000000069f0f000 	C:\Program Files\Java\jdk1.8.0_60\jre\bin\verify.dll
0x0000000069ed0000 - 0x0000000069ef9000 	C:\Program Files\Java\jdk1.8.0_60\jre\bin\java.dll
0x0000000069eb0000 - 0x0000000069ec6000 	C:\Program Files\Java\jdk1.8.0_60\jre\bin\zip.dll
0x000007fefe660000 - 0x000007feff3ea000 	C:\Windows\system32\SHELL32.dll
0x000007feff3f0000 - 0x000007feff5f3000 	C:\Windows\system32\ole32.dll
0x000007fefd670000 - 0x000007fefd67f000 	C:\Windows\system32\profapi.dll

VM Arguments:
jvm_args: -Djava.awt.headless=true -Xmx1024M -Dfile.encoding=windows-1252 -Duser.country=US -Duser.language=en -Duser.variant 
java_command: com.android.dx.command.Main --dex --force-jumbo --num-threads=4 --multi-dex --output C:\Users\Vuksa2103\Documents\coinomi-android\wallet\build\intermediates\transforms\dex\debug\folders\1000\10\jsr305-2.0.1_76e850a73643fd9010e7db143e9b4d8823750c02 C:\Users\Vuksa2103\.gradle\caches\modules-2\files-2.1\com.google.code.findbugs\jsr305\2.0.1\516c03b21d50a644d538de0f0369c620989cd8f0\jsr305-2.0.1.jar
java_class_path (initial): C:\Users\Vuksa2103\AppData\Local\Android\sdk\tool\build-tools\23.0.3\lib\dx.jar
Launcher Type: SUN_STANDARD

Environment Variables:



---------------  S Y S T E M  ---------------

OS: Windows 7 , 64 bit Build 7601 (6.1.7601.23543)

CPU:total 4 (4 cores per cpu, 1 threads per core) family 6 model 42 stepping 7, cmov, cx8, fxsr, mmx, sse, sse2, sse3, ssse3, sse4.1, sse4.2, popcnt, avx, aes, clmul, tsc, tscinvbit

Memory: 4k page, physical 8351496k(2195048k free), swap 9398212k(5044k free)

vm_info: Java HotSpot(TM) 64-Bit Server VM (25.60-b23) for windows-amd64 JRE (1.8.0_60-b27), built on Aug  4 2015 11:06:27 by "java_re" with MS VC++ 10.0 (VS2010)

time: Sat Oct 29 19:32:25 2016
elapsed time: 0 seconds (0d 0h 0m 0s)

