#
# There is insufficient memory for the Java Runtime Environment to continue.
# Native memory allocation (malloc) failed to allocate 620048 bytes for Chunk::new
# Possible reasons:
#   The system is out of physical RAM or swap space
#   In 32 bit mode, the process size limit was hit
# Possible solutions:
#   Reduce memory load on the system
#   Increase physical memory or swap space
#   Check if swap backing store is full
#   Use 64 bit Java on a 64 bit OS
#   Decrease Java heap size (-Xmx/-Xms)
#   Decrease number of Java threads
#   Decrease Java thread stack sizes (-Xss)
#   Set larger code cache with -XX:ReservedCodeCacheSize=
# This output file may be truncated or incomplete.
#
#  Out of Memory Error (allocation.cpp:390), pid=5436, tid=8948
#
# JRE version: Java(TM) SE Runtime Environment (8.0_60-b27) (build 1.8.0_60-b27)
# Java VM: Java HotSpot(TM) 64-Bit Server VM (25.60-b23 mixed mode windows-amd64 compressed oops)
# Failed to write core dump. Minidumps are not enabled by default on client versions of Windows
#

---------------  T H R E A D  ---------------

Current thread (0x0000000054f0a000):  JavaThread "C2 CompilerThread0" daemon [_thread_in_native, id=8948, stack(0x0000000056650000,0x0000000056750000)]

Stack: [0x0000000056650000,0x0000000056750000]
[error occurred during error reporting (printing stack bounds), id 0xc0000005]

Native frames: (J=compiled Java code, j=interpreted, Vv=VM code, C=native code)


Current CompileTask:
C2:   4711 1994   !   4       com.android.dx.cf.code.RopperMachine::run (1550 bytes)


---------------  P R O C E S S  ---------------

Java Threads: ( => current thread )
  0x0000000056b67800 JavaThread "pool-2-thread-4" [_thread_blocked, id=7696, stack(0x0000000057d20000,0x0000000057e20000)]
  0x0000000056b54800 JavaThread "pool-2-thread-3" [_thread_blocked, id=6292, stack(0x0000000057b40000,0x0000000057c40000)]
  0x0000000056b53800 JavaThread "pool-2-thread-2" [_thread_blocked, id=4728, stack(0x00000000575e0000,0x00000000576e0000)]
  0x0000000056b51800 JavaThread "pool-3-thread-1" [_thread_blocked, id=10420, stack(0x0000000057870000,0x0000000057970000)]
  0x0000000056b50000 JavaThread "pool-2-thread-1" [_thread_in_Java, id=7932, stack(0x00000000576f0000,0x00000000577f0000)]
  0x0000000056861800 JavaThread "Service Thread" daemon [_thread_blocked, id=9628, stack(0x00000000562f0000,0x00000000563f0000)]
  0x0000000054f0f000 JavaThread "C1 CompilerThread2" daemon [_thread_blocked, id=4560, stack(0x0000000056550000,0x0000000056650000)]
  0x0000000054f0e000 JavaThread "C2 CompilerThread1" daemon [_thread_in_native, id=7204, stack(0x0000000056760000,0x0000000056860000)]
=>0x0000000054f0a000 JavaThread "C2 CompilerThread0" daemon [_thread_in_native, id=8948, stack(0x0000000056650000,0x0000000056750000)]
  0x0000000054f06800 JavaThread "Attach Listener" daemon [_thread_blocked, id=9080, stack(0x0000000056440000,0x0000000056540000)]
  0x0000000054f04000 JavaThread "Signal Dispatcher" daemon [_thread_blocked, id=7136, stack(0x00000000561d0000,0x00000000562d0000)]
  0x0000000054ea7000 JavaThread "Finalizer" daemon [_thread_blocked, id=4016, stack(0x0000000056000000,0x0000000056100000)]
  0x0000000054ea0000 JavaThread "Reference Handler" daemon [_thread_blocked, id=7636, stack(0x0000000055f00000,0x0000000056000000)]
  0x0000000001fae000 JavaThread "main" [_thread_in_native, id=6904, stack(0x0000000002240000,0x0000000002340000)]

Other Threads:
  0x0000000054e9a800 VMThread [stack: 0x0000000055dd0000,0x0000000055ed0000] [id=8776]
  0x00000000568da000 WatcherThread [stack: 0x0000000056ce0000,0x0000000056de0000] [id=3764]

VM state:not at safepoint (normal execution)

VM Mutex/Monitor currently owned by a thread: None

Heap:
 PSYoungGen      total 71680K, used 55168K [0x00000000eab00000, 0x00000000f3700000, 0x0000000100000000)
  eden space 66560K, 75% used [0x00000000eab00000,0x00000000edbe4320,0x00000000eec00000)
  from space 5120K, 99% used [0x00000000ef100000,0x00000000ef5fc028,0x00000000ef600000)
  to   space 5120K, 0% used [0x00000000eec00000,0x00000000eec00000,0x00000000ef100000)
 ParOldGen       total 87552K, used 24202K [0x00000000c0000000, 0x00000000c5580000, 0x00000000eab00000)
  object space 87552K, 27% used [0x00000000c0000000,0x00000000c17a2a58,0x00000000c5580000)
 Metaspace       used 6294K, capacity 7088K, committed 7296K, reserved 1056768K
  class space    used 595K, capacity 616K, committed 640K, reserved 1048576K

Card table byte_map: [0x00000000119d0000,0x0000000011be0000] byte_map_base: 0x00000000113d0000

Marking Bits: (ParMarkBitMap*) 0x0000000064eba5b0
 Begin Bits: [0x0000000012310000, 0x0000000013310000)
 End Bits:   [0x0000000013310000, 0x0000000014310000)

Polling page: 0x0000000000210000

CodeCache: size=245760Kb used=9302Kb max_used=9319Kb free=236457Kb
 bounds [0x0000000002610000, 0x0000000002f40000, 0x0000000011610000]
 total_blobs=2262 nmethods=1992 adapters=182
 compilation: enabled

Compilation events (10 events):
Event: 4.659 Thread 0x0000000054f0f000 2012       3       sun.util.calendar.AbstractCalendar::getTime (174 bytes)
Event: 4.660 Thread 0x0000000054f0f000 nmethod 2012 0x0000000002f1ec10 code [0x0000000002f1ee60, 0x0000000002f202c8]
Event: 4.660 Thread 0x0000000054f0f000 2013       3       java.util.zip.ZipUtils::dosToJavaTime (71 bytes)
Event: 4.660 Thread 0x0000000054f0f000 nmethod 2013 0x0000000002f1e450 code [0x0000000002f1e5e0, 0x0000000002f1ea78]
Event: 4.660 Thread 0x0000000054f0f000 2014       3       java.util.Date::<init> (113 bytes)
Event: 4.661 Thread 0x0000000054f0f000 nmethod 2014 0x0000000002f29b50 code [0x0000000002f29de0, 0x0000000002f2b548]
Event: 4.661 Thread 0x0000000054f0f000 2015       3       com.android.dx.ssa.back.FirstFitLocalCombiningAllocator::access$100 (5 bytes)
Event: 4.661 Thread 0x0000000054f0f000 nmethod 2015 0x0000000002effd90 code [0x0000000002efff00, 0x0000000002f000f0]
Event: 4.682 Thread 0x0000000054f0e000 nmethod 2004 0x0000000002f30350 code [0x0000000002f30560, 0x0000000002f31c68]
Event: 4.682 Thread 0x0000000054f0e000 1989       4       com.android.dx.ssa.back.SsaToRop::convertBasicBlocks (151 bytes)

GC Heap History (8 events):
Event: 0.433 GC heap before
{Heap before GC invocations=1 (full 0):
 PSYoungGen      total 38400K, used 33280K [0x00000000eab00000, 0x00000000ed580000, 0x0000000100000000)
  eden space 33280K, 100% used [0x00000000eab00000,0x00000000ecb80000,0x00000000ecb80000)
  from space 5120K, 0% used [0x00000000ed080000,0x00000000ed080000,0x00000000ed580000)
  to   space 5120K, 0% used [0x00000000ecb80000,0x00000000ecb80000,0x00000000ed080000)
 ParOldGen       total 87552K, used 0K [0x00000000c0000000, 0x00000000c5580000, 0x00000000eab00000)
  object space 87552K, 0% used [0x00000000c0000000,0x00000000c0000000,0x00000000c5580000)
 Metaspace       used 5270K, capacity 6320K, committed 6528K, reserved 1056768K
  class space    used 582K, capacity 616K, committed 640K, reserved 1048576K
Event: 0.444 GC heap after
Heap after GC invocations=1 (full 0):
 PSYoungGen      total 38400K, used 3457K [0x00000000eab00000, 0x00000000ef600000, 0x0000000100000000)
  eden space 33280K, 0% used [0x00000000eab00000,0x00000000eab00000,0x00000000ecb80000)
  from space 5120K, 67% used [0x00000000ecb80000,0x00000000ecee0780,0x00000000ed080000)
  to   space 5120K, 0% used [0x00000000ef100000,0x00000000ef100000,0x00000000ef600000)
 ParOldGen       total 87552K, used 8K [0x00000000c0000000, 0x00000000c5580000, 0x00000000eab00000)
  object space 87552K, 0% used [0x00000000c0000000,0x00000000c0002000,0x00000000c5580000)
 Metaspace       used 5270K, capacity 6320K, committed 6528K, reserved 1056768K
  class space    used 582K, capacity 616K, committed 640K, reserved 1048576K
}
Event: 0.904 GC heap before
{Heap before GC invocations=2 (full 0):
 PSYoungGen      total 38400K, used 36737K [0x00000000eab00000, 0x00000000ef600000, 0x0000000100000000)
  eden space 33280K, 100% used [0x00000000eab00000,0x00000000ecb80000,0x00000000ecb80000)
  from space 5120K, 67% used [0x00000000ecb80000,0x00000000ecee0780,0x00000000ed080000)
  to   space 5120K, 0% used [0x00000000ef100000,0x00000000ef100000,0x00000000ef600000)
 ParOldGen       total 87552K, used 8K [0x00000000c0000000, 0x00000000c5580000, 0x00000000eab00000)
  object space 87552K, 0% used [0x00000000c0000000,0x00000000c0002000,0x00000000c5580000)
 Metaspace       used 5998K, capacity 6960K, committed 7040K, reserved 1056768K
  class space    used 592K, capacity 616K, committed 640K, reserved 1048576K
Event: 0.913 GC heap after
Heap after GC invocations=2 (full 0):
 PSYoungGen      total 71680K, used 5095K [0x00000000eab00000, 0x00000000ef600000, 0x0000000100000000)
  eden space 66560K, 0% used [0x00000000eab00000,0x00000000eab00000,0x00000000eec00000)
  from space 5120K, 99% used [0x00000000ef100000,0x00000000ef5f9c98,0x00000000ef600000)
  to   space 5120K, 0% used [0x00000000eec00000,0x00000000eec00000,0x00000000ef100000)
 ParOldGen       total 87552K, used 1987K [0x00000000c0000000, 0x00000000c5580000, 0x00000000eab00000)
  object space 87552K, 2% used [0x00000000c0000000,0x00000000c01f0e08,0x00000000c5580000)
 Metaspace       used 5998K, capacity 6960K, committed 7040K, reserved 1056768K
  class space    used 592K, capacity 616K, committed 640K, reserved 1048576K
}
Event: 3.490 GC heap before
{Heap before GC invocations=3 (full 0):
 PSYoungGen      total 71680K, used 71655K [0x00000000eab00000, 0x00000000ef600000, 0x0000000100000000)
  eden space 66560K, 100% used [0x00000000eab00000,0x00000000eec00000,0x00000000eec00000)
  from space 5120K, 99% used [0x00000000ef100000,0x00000000ef5f9c98,0x00000000ef600000)
  to   space 5120K, 0% used [0x00000000eec00000,0x00000000eec00000,0x00000000ef100000)
 ParOldGen       total 87552K, used 1987K [0x00000000c0000000, 0x00000000c5580000, 0x00000000eab00000)
  object space 87552K, 2% used [0x00000000c0000000,0x00000000c01f0e08,0x00000000c5580000)
 Metaspace       used 6204K, capacity 7088K, committed 7296K, reserved 1056768K
  class space    used 594K, capacity 616K, committed 640K, reserved 1048576K
Event: 3.522 GC heap after
Heap after GC invocations=3 (full 0):
 PSYoungGen      total 71680K, used 5114K [0x00000000eab00000, 0x00000000ef600000, 0x0000000100000000)
  eden space 66560K, 0% used [0x00000000eab00000,0x00000000eab00000,0x00000000eec00000)
  from space 5120K, 99% used [0x00000000eec00000,0x00000000ef0feab8,0x00000000ef100000)
  to   space 5120K, 0% used [0x00000000ef100000,0x00000000ef100000,0x00000000ef600000)
 ParOldGen       total 87552K, used 12707K [0x00000000c0000000, 0x00000000c5580000, 0x00000000eab00000)
  object space 87552K, 14% used [0x00000000c0000000,0x00000000c0c68fa0,0x00000000c5580000)
 Metaspace       used 6204K, capacity 7088K, committed 7296K, reserved 1056768K
  class space    used 594K, capacity 616K, committed 640K, reserved 1048576K
}
Event: 4.518 GC heap before
{Heap before GC invocations=4 (full 0):
 PSYoungGen      total 71680K, used 71674K [0x00000000eab00000, 0x00000000ef600000, 0x0000000100000000)
  eden space 66560K, 100% used [0x00000000eab00000,0x00000000eec00000,0x00000000eec00000)
  from space 5120K, 99% used [0x00000000eec00000,0x00000000ef0feab8,0x00000000ef100000)
  to   space 5120K, 0% used [0x00000000ef100000,0x00000000ef100000,0x00000000ef600000)
 ParOldGen       total 87552K, used 12707K [0x00000000c0000000, 0x00000000c5580000, 0x00000000eab00000)
  object space 87552K, 14% used [0x00000000c0000000,0x00000000c0c68fa0,0x00000000c5580000)
 Metaspace       used 6288K, capacity 7088K, committed 7296K, reserved 1056768K
  class space    used 595K, capacity 616K, committed 640K, reserved 1048576K
Event: 4.584 GC heap after
Heap after GC invocations=4 (full 0):
 PSYoungGen      total 71680K, used 5104K [0x00000000eab00000, 0x00000000f3700000, 0x0000000100000000)
  eden space 66560K, 0% used [0x00000000eab00000,0x00000000eab00000,0x00000000eec00000)
  from space 5120K, 99% used [0x00000000ef100000,0x00000000ef5fc028,0x00000000ef600000)
  to   space 5120K, 0% used [0x00000000eec00000,0x00000000eec00000,0x00000000ef100000)
 ParOldGen       total 87552K, used 24202K [0x00000000c0000000, 0x00000000c5580000, 0x00000000eab00000)
  object space 87552K, 27% used [0x00000000c0000000,0x00000000c17a2a58,0x00000000c5580000)
 Metaspace       used 6288K, capacity 7088K, committed 7296K, reserved 1056768K
  class space    used 595K, capacity 616K, committed 640K, reserved 1048576K
}

Deoptimization events (10 events):
Event: 2.428 Thread 0x0000000056b67800 Uncommon trap: reason=bimorphic action=maybe_recompile pc=0x0000000002c8a008 method=com.android.dx.ssa.SCCP.setLatticeValueTo(IILcom/android/dx/rop/cst/Constant;)Z @ 43
Event: 2.765 Thread 0x0000000056b50000 Uncommon trap: reason=unstable_if action=reinterpret pc=0x0000000002c988f8 method=com.android.dx.cf.code.Merger.isPossiblyAssignableFrom(Lcom/android/dx/rop/type/TypeBearer;Lcom/android/dx/rop/type/TypeBearer;)Z @ 131
Event: 3.686 Thread 0x0000000056b67800 Uncommon trap: reason=unstable_if action=reinterpret pc=0x0000000002c7bc58 method=com.android.dx.cf.code.RopperMachine.run(Lcom/android/dx/cf/code/Frame;II)V @ 1250
Event: 3.690 Thread 0x0000000056b67800 Uncommon trap: reason=unstable_if action=reinterpret pc=0x0000000002bf130c method=com.android.dx.rop.code.DexTranslationAdvice.requiresSourcesInOrder(Lcom/android/dx/rop/code/Rop;Lcom/android/dx/rop/code/RegisterSpecList;)Z @ 21
Event: 3.707 Thread 0x0000000056b67800 Uncommon trap: reason=unstable_if action=reinterpret pc=0x0000000002ded06c method=com.android.dx.cf.code.LocalVariableList$Item.matchesPcAndIndex(II)Z @ 13
Event: 4.163 Thread 0x0000000056b67800 Uncommon trap: reason=bimorphic action=maybe_recompile pc=0x0000000002ce33b4 method=com.android.dx.cf.code.BytecodeArray.parseInstruction(ILcom/android/dx/cf/code/BytecodeArray$Visitor;)I @ 2281
Event: 4.163 Thread 0x0000000056b67800 Uncommon trap: reason=bimorphic action=maybe_recompile pc=0x0000000002ce33b4 method=com.android.dx.cf.code.BytecodeArray.parseInstruction(ILcom/android/dx/cf/code/BytecodeArray$Visitor;)I @ 2281
Event: 4.256 Thread 0x0000000056b50000 Uncommon trap: reason=unstable_if action=reinterpret pc=0x0000000002bf9b50 method=com.android.dx.ssa.LiteralOpUpgrader$1.visitNonMoveInsn(Lcom/android/dx/ssa/NormalSsaInsn;)V @ 55
Event: 4.257 Thread 0x0000000056b50000 Uncommon trap: reason=unstable_if action=reinterpret pc=0x00000000029f598c method=com.android.dx.ssa.SsaMethod.updateOneDefinition(Lcom/android/dx/ssa/SsaInsn;Lcom/android/dx/rop/code/RegisterSpec;)V @ 4
Event: 4.655 Thread 0x0000000056b53800 Uncommon trap: reason=unstable_if action=reinterpret pc=0x0000000002bddee4 method=com.android.dx.ssa.LocalVariableExtractor.processBlock(I)V @ 251

Internal exceptions (5 events):
Event: 0.041 Thread 0x0000000001fae000 Exception <a 'java/lang/NoSuchMethodError': Method sun.misc.Unsafe.defineClass(Ljava/lang/String;[BII)Ljava/lang/Class; name or signature does not match> (0x00000000eab0d8a0) thrown at [C:\re\workspace\8-2-build-windows-amd64-cygwin\jdk8u60\4407\hotspot\sr.¬áï∞—§?
Event: 0.041 Thread 0x0000000001fae000 Exception <a 'java/lang/NoSuchMethodError': Method sun.misc.Unsafe.prefetchRead(Ljava/lang/Object;J)V name or signature does not match> (0x00000000eab0db88) thrown at [C:\re\workspace\8-2-build-windows-amd64-cygwin\jdk8u60\4407\hotspot\src\share\vm\prims\jç≤Uä∞ı„?
Event: 0.624 Thread 0x0000000056b50000 Implicit null exception at 0x00000000028ee79f to 0x00000000028eff25
Event: 0.649 Thread 0x0000000056b53800 Implicit null exception at 0x00000000028b5152 to 0x00000000028b5242
Event: 0.959 Thread 0x0000000056b50000 Implicit null exception at 0x00000000028b568c to 0x00000000028b567d

Events (10 events):
Event: 4.375 loading class com/android/dx/cf/iface/ParseObserver done
Event: 4.517 Executing VM operation: ParallelGCFailedAllocation
Event: 4.584 Executing VM operation: ParallelGCFailedAllocation done
Event: 4.617 Thread 0x0000000001fae000 DEOPT PACKING pc=0x0000000002a955f7 sp=0x000000000233e860
Event: 4.617 Thread 0x0000000001fae000 DEOPT UNPACKING pc=0x000000000265787f sp=0x000000000233e5b8 mode 0
Event: 4.655 Thread 0x0000000056b53800 Uncommon trap: trap_request=0xffffff65 fr.pc=0x0000000002bddee4
Event: 4.655 Thread 0x0000000056b53800 DEOPT PACKING pc=0x0000000002bddee4 sp=0x00000000576de900
Event: 4.655 Thread 0x0000000056b53800 DEOPT UNPACKING pc=0x000000000265582a sp=0x00000000576de8e0 mode 2
Event: 4.659 Thread 0x0000000001fae000 DEOPT PACKING pc=0x0000000002a955f7 sp=0x000000000233e860
Event: 4.659 Thread 0x0000000001fae000 DEOPT UNPACKING pc=0x000000000265787f sp=0x000000000233e5b8 mode 0


Dynamic libraries:
0x000000013f110000 - 0x000000013f147000 	C:\Program Files\Java\jdk1.8.0_60\bin\java.exe
0x0000000077930000 - 0x0000000077ada000 	C:\Windows\SYSTEM32\ntdll.dll
0x0000000077810000 - 0x000000007792f000 	C:\Windows\system32\kernel32.dll
0x000007fefd8d0000 - 0x000007fefd93a000 	C:\Windows\system32\KERNELBASE.dll
0x000007fefdda0000 - 0x000007fefde7b000 	C:\Windows\system32\ADVAPI32.dll
0x000007fefdd00000 - 0x000007fefdd9f000 	C:\Windows\system32\msvcrt.dll
0x000007fefdfb0000 - 0x000007fefdfcf000 	C:\Windows\SYSTEM32\sechost.dll
0x000007feff600000 - 0x000007feff72d000 	C:\Windows\system32\RPCRT4.dll
0x0000000077710000 - 0x000000007780a000 	C:\Windows\system32\USER32.dll
0x000007fefdea0000 - 0x000007fefdf07000 	C:\Windows\system32\GDI32.dll
0x000007fefda20000 - 0x000007fefda2e000 	C:\Windows\system32\LPK.dll
0x000007fefe130000 - 0x000007fefe1fa000 	C:\Windows\system32\USP10.dll
0x000007fefbf40000 - 0x000007fefc134000 	C:\Windows\WinSxS\amd64_microsoft.windows.common-controls_6595b64144ccf1df_6.0.7601.18837_none_fa3b1e3d17594757\COMCTL32.dll
0x000007fefe0b0000 - 0x000007fefe121000 	C:\Windows\system32\SHLWAPI.dll
0x000007feffa60000 - 0x000007feffa8e000 	C:\Windows\system32\IMM32.DLL
0x000007feffb30000 - 0x000007feffc39000 	C:\Windows\system32\MSCTF.dll
0x0000000064f40000 - 0x0000000065012000 	C:\Program Files\Java\jdk1.8.0_60\jre\bin\msvcr100.dll
0x00000000646b0000 - 0x0000000064f39000 	C:\Program Files\Java\jdk1.8.0_60\jre\bin\server\jvm.dll
0x000007fef4e60000 - 0x000007fef4e69000 	C:\Windows\system32\WSOCK32.dll
0x000007feff730000 - 0x000007feff77d000 	C:\Windows\system32\WS2_32.dll
0x000007fefe570000 - 0x000007fefe578000 	C:\Windows\system32\NSI.dll
0x000007fef8b80000 - 0x000007fef8bbb000 	C:\Windows\system32\WINMM.dll
0x000007fefc750000 - 0x000007fefc75c000 	C:\Windows\system32\VERSION.dll
0x0000000077af0000 - 0x0000000077af7000 	C:\Windows\system32\PSAPI.DLL
0x0000000069f00000 - 0x0000000069f0f000 	C:\Program Files\Java\jdk1.8.0_60\jre\bin\verify.dll
0x0000000069ed0000 - 0x0000000069ef9000 	C:\Program Files\Java\jdk1.8.0_60\jre\bin\java.dll
0x0000000069eb0000 - 0x0000000069ec6000 	C:\Program Files\Java\jdk1.8.0_60\jre\bin\zip.dll
0x000007fefe660000 - 0x000007feff3ea000 	C:\Windows\system32\SHELL32.dll
0x000007feff3f0000 - 0x000007feff5f3000 	C:\Windows\system32\ole32.dll
0x000007fefd670000 - 0x000007fefd67f000 	C:\Windows\system32\profapi.dll

VM Arguments:
jvm_args: -Djava.awt.headless=true -Xmx1024M -Dfile.encoding=windows-1252 -Duser.country=US -Duser.language=en -Duser.variant 
java_command: com.android.dx.command.Main --dex --force-jumbo --num-threads=4 --multi-dex --output C:\Users\Vuksa2103\Documents\coinomi-android\wallet\build\intermediates\transforms\dex\debug\folders\1000\10\core-1.51.0.0_7034a668198f23c9b522f8f23bace6d2ce749100 C:\Users\Vuksa2103\.gradle\caches\modules-2\files-2.1\com.madgag.spongycastle\core\1.51.0.0\f642963312ea0e615ad65f28adc5a5b3a2a0862\core-1.51.0.0.jar
java_class_path (initial): C:\Users\Vuksa2103\AppData\Local\Android\sdk\tool\build-tools\23.0.3\lib\dx.jar
Launcher Type: SUN_STANDARD

Environment Variables:
PATH=C:\Program Files (x86)\Mozilla Firefox;C:\ProgramData\Oracle\Java\javapath;C:\Program Files (x86)\Intel\iCLS Client\;C:\Program Files\Intel\iCLS Client\;C:\Windows\system32;C:\Windows;C:\Windows\System32\Wbem;C:\Windows\System32\WindowsPowerShell\v1.0\;C:\Program Files (x86)\AMD\ATI.ACE\Core-Static;C:\Program Files\Intel\Intel(R) Management Engine Components\DAL;C:\Program Files\Intel\Intel(R) Management Engine Components\IPT;C:\Program Files (x86)\Intel\Intel(R) Management Engine Components\DAL;C:\Program Files (x86)\Intel\Intel(R) Management Engine Components\IPT;C:\Program Files\nodejs\;C:\Users\Vuksa2103\AppData\Roaming\npm;C:\adb;C:\gradle-2.2.1\bin;C:\Users\Vuksa2103\AppData\Roaming\npm
USERNAME=Vuksa2103
OS=Windows_NT
PROCESSOR_IDENTIFIER=Intel64 Family 6 Model 42 Stepping 7, GenuineIntel



---------------  S Y S T E M  ---------------

OS: Windows 7 , 64 bit Build 7601 (6.1.7601.23543)

CPU:total 4 (4 cores per cpu, 1 threads per core) family 6 model 42 stepping 7, cmov, cx8, fxsr, mmx, sse, sse2, sse3, ssse3, sse4.1, sse4.2, popcnt, avx, aes, clmul, tsc, tscinvbit

Memory: 4k page, physical 8351496k(2038972k free), swap 9398212k(5240k free)

vm_info: Java HotSpot(TM) 64-Bit Server VM (25.60-b23) for windows-amd64 JRE (1.8.0_60-b27), built on Aug  4 2015 11:06:27 by "java_re" with MS VC++ 10.0 (VS2010)

time: Sat Oct 29 19:34:37 2016
elapsed time: 4 seconds (0d 0h 0m 4s)

