#
# There is insufficient memory for the Java Runtime Environment to continue.
# Native memory allocation (malloc) failed to allocate 1120784 bytes for Chunk::new
# Possible reasons:
#   The system is out of physical RAM or swap space
#   In 32 bit mode, the process size limit was hit
# Possible solutions:
#   Reduce memory load on the system
#   Increase physical memory or swap space
#   Check if swap backing store is full
#   Use 64 bit Java on a 64 bit OS
#   Decrease Java heap size (-Xmx/-Xms)
#   Decrease number of Java threads
#   Decrease Java thread stack sizes (-Xss)
#   Set larger code cache with -XX:ReservedCodeCacheSize=
# This output file may be truncated or incomplete.
#
#  Out of Memory Error (allocation.cpp:390), pid=8000, tid=10276
#
# JRE version: Java(TM) SE Runtime Environment (8.0_60-b27) (build 1.8.0_60-b27)
# Java VM: Java HotSpot(TM) 64-Bit Server VM (25.60-b23 mixed mode windows-amd64 compressed oops)
# Failed to write core dump. Minidumps are not enabled by default on client versions of Windows
#

---------------  T H R E A D  ---------------

Current thread (0x0000000054c1e000):  JavaThread "C2 CompilerThread1" daemon [_thread_in_native, id=10276, stack(0x0000000056150000,0x0000000056250000)]

Stack: [0x0000000056150000,0x0000000056250000]
[error occurred during error reporting (printing stack bounds), id 0xc0000005]

Native frames: (J=compiled Java code, j=interpreted, Vv=VM code, C=native code)


Current CompileTask:
C2:  13706 2231   !   4       com.android.dx.cf.code.BytecodeArray::parseInstruction (2764 bytes)


---------------  P R O C E S S  ---------------

Java Threads: ( => current thread )
  0x0000000056990000 JavaThread "pool-2-thread-4" [_thread_blocked, id=5432, stack(0x0000000057e40000,0x0000000057f40000)]
  0x000000005698d000 JavaThread "pool-2-thread-3" [_thread_blocked, id=7416, stack(0x0000000057c80000,0x0000000057d80000)]
  0x0000000056988800 JavaThread "pool-2-thread-2" [_thread_blocked, id=9028, stack(0x0000000057b40000,0x0000000057c40000)]
  0x0000000056a04800 JavaThread "pool-3-thread-1" [_thread_blocked, id=10428, stack(0x0000000056ad0000,0x0000000056bd0000)]
  0x0000000056a03800 JavaThread "pool-2-thread-1" [_thread_blocked, id=5796, stack(0x00000000578c0000,0x00000000579c0000)]
  0x00000000566b3800 JavaThread "Service Thread" daemon [_thread_blocked, id=10540, stack(0x0000000056dd0000,0x0000000056ed0000)]
  0x00000000566b3000 JavaThread "C1 CompilerThread2" daemon [_thread_blocked, id=9620, stack(0x0000000056c10000,0x0000000056d10000)]
=>0x0000000054c1e000 JavaThread "C2 CompilerThread1" daemon [_thread_in_native, id=10276, stack(0x0000000056150000,0x0000000056250000)]
  0x0000000054c19800 JavaThread "C2 CompilerThread0" daemon [_thread_in_native, id=7432, stack(0x00000000565b0000,0x00000000566b0000)]
  0x0000000054c18000 JavaThread "Attach Listener" daemon [_thread_blocked, id=5428, stack(0x0000000056490000,0x0000000056590000)]
  0x0000000054c14000 JavaThread "Signal Dispatcher" daemon [_thread_blocked, id=11092, stack(0x00000000562c0000,0x00000000563c0000)]
  0x0000000054bb1000 JavaThread "Finalizer" daemon [_thread_blocked, id=10484, stack(0x0000000056020000,0x0000000056120000)]
  0x0000000054bb0000 JavaThread "Reference Handler" daemon [_thread_blocked, id=5716, stack(0x0000000055e70000,0x0000000055f70000)]
  0x0000000001dce000 JavaThread "main" [_thread_blocked, id=7856, stack(0x0000000002020000,0x0000000002120000)]

Other Threads:
  0x0000000054baa800 VMThread [stack: 0x0000000055d10000,0x0000000055e10000] [id=10620]
  0x00000000566bb000 WatcherThread [stack: 0x0000000056f50000,0x0000000057050000] [id=8704]

VM state:not at safepoint (normal execution)

VM Mutex/Monitor currently owned by a thread: None

Heap:
 PSYoungGen      total 71680K, used 46384K [0x00000000eab00000, 0x00000000f4a00000, 0x0000000100000000)
  eden space 66560K, 62% used [0x00000000eab00000,0x00000000ed3541c0,0x00000000eec00000)
  from space 5120K, 99% used [0x00000000eec00000,0x00000000ef0f8048,0x00000000ef100000)
  to   space 14848K, 0% used [0x00000000f3b80000,0x00000000f3b80000,0x00000000f4a00000)
 ParOldGen       total 87552K, used 22621K [0x00000000c0000000, 0x00000000c5580000, 0x00000000eab00000)
  object space 87552K, 25% used [0x00000000c0000000,0x00000000c16174a8,0x00000000c5580000)
 Metaspace       used 6384K, capacity 7192K, committed 7424K, reserved 1056768K
  class space    used 618K, capacity 656K, committed 768K, reserved 1048576K

Card table byte_map: [0x00000000117b0000,0x00000000119c0000] byte_map_base: 0x00000000111b0000

Marking Bits: (ParMarkBitMap*) 0x0000000064eba5b0
 Begin Bits: [0x0000000012020000, 0x0000000013020000)
 End Bits:   [0x0000000013020000, 0x0000000014020000)

Polling page: 0x0000000000310000

CodeCache: size=245760Kb used=10978Kb max_used=10978Kb free=234781Kb
 bounds [0x00000000023f0000, 0x0000000002ec0000, 0x00000000113f0000]
 total_blobs=2472 nmethods=2202 adapters=182
 compilation: enabled

Compilation events (10 events):
Event: 13.522 Thread 0x00000000566b3000 nmethod 2226 0x0000000002ea8910 code [0x0000000002ea8a80, 0x0000000002ea8ea8]
Event: 13.566 Thread 0x00000000566b3000 2227       3       com.android.dx.ssa.ConstCollector::getConstsSortedByCountUse (386 bytes)
Event: 13.567 Thread 0x0000000054c1e000 2228       4       com.android.dx.ssa.SsaInsn::makeFromRop (10 bytes)
Event: 13.568 Thread 0x0000000054c1e000 nmethod 2228 0x0000000002eace90 code [0x0000000002eacfe0, 0x0000000002ead0f8]
Event: 13.569 Thread 0x00000000566b3000 nmethod 2227 0x0000000002ead210 code [0x0000000002ead7e0, 0x0000000002eb1a48]
Event: 13.577 Thread 0x00000000566b3000 2230       3       com.android.dx.rop.cst.CstBaseMethodRef::isClassInit (8 bytes)
Event: 13.577 Thread 0x00000000566b3000 nmethod 2230 0x0000000002eac790 code [0x0000000002eac900, 0x0000000002eacd28]
Event: 13.577 Thread 0x00000000566b3000 2229       3       com.android.dx.cf.code.SwitchList::getTarget (9 bytes)
Event: 13.577 Thread 0x00000000566b3000 nmethod 2229 0x0000000002eac350 code [0x0000000002eac4c0, 0x0000000002eac6c8]
Event: 13.668 Thread 0x0000000054c1e000 2231   !   4       com.android.dx.cf.code.BytecodeArray::parseInstruction (2764 bytes)

GC Heap History (10 events):
Event: 0.914 GC heap before
{Heap before GC invocations=1 (full 0):
 PSYoungGen      total 38400K, used 33280K [0x00000000eab00000, 0x00000000ed580000, 0x0000000100000000)
  eden space 33280K, 100% used [0x00000000eab00000,0x00000000ecb80000,0x00000000ecb80000)
  from space 5120K, 0% used [0x00000000ed080000,0x00000000ed080000,0x00000000ed580000)
  to   space 5120K, 0% used [0x00000000ecb80000,0x00000000ecb80000,0x00000000ed080000)
 ParOldGen       total 87552K, used 0K [0x00000000c0000000, 0x00000000c5580000, 0x00000000eab00000)
  object space 87552K, 0% used [0x00000000c0000000,0x00000000c0000000,0x00000000c5580000)
 Metaspace       used 5896K, capacity 6832K, committed 7040K, reserved 1056768K
  class space    used 597K, capacity 616K, committed 640K, reserved 1048576K
Event: 0.920 GC heap after
Heap after GC invocations=1 (full 0):
 PSYoungGen      total 38400K, used 5113K [0x00000000eab00000, 0x00000000ed580000, 0x0000000100000000)
  eden space 33280K, 0% used [0x00000000eab00000,0x00000000eab00000,0x00000000ecb80000)
  from space 5120K, 99% used [0x00000000ecb80000,0x00000000ed07e400,0x00000000ed080000)
  to   space 5120K, 0% used [0x00000000ed080000,0x00000000ed080000,0x00000000ed580000)
 ParOldGen       total 87552K, used 977K [0x00000000c0000000, 0x00000000c5580000, 0x00000000eab00000)
  object space 87552K, 1% used [0x00000000c0000000,0x00000000c00f4638,0x00000000c5580000)
 Metaspace       used 5896K, capacity 6832K, committed 7040K, reserved 1056768K
  class space    used 597K, capacity 616K, committed 640K, reserved 1048576K
}
Event: 1.972 GC heap before
{Heap before GC invocations=2 (full 0):
 PSYoungGen      total 38400K, used 38393K [0x00000000eab00000, 0x00000000ed580000, 0x0000000100000000)
  eden space 33280K, 100% used [0x00000000eab00000,0x00000000ecb80000,0x00000000ecb80000)
  from space 5120K, 99% used [0x00000000ecb80000,0x00000000ed07e400,0x00000000ed080000)
  to   space 5120K, 0% used [0x00000000ed080000,0x00000000ed080000,0x00000000ed580000)
 ParOldGen       total 87552K, used 977K [0x00000000c0000000, 0x00000000c5580000, 0x00000000eab00000)
  object space 87552K, 1% used [0x00000000c0000000,0x00000000c00f4638,0x00000000c5580000)
 Metaspace       used 6103K, capacity 7024K, committed 7296K, reserved 1056768K
  class space    used 597K, capacity 616K, committed 640K, reserved 1048576K
Event: 2.006 GC heap after
Heap after GC invocations=2 (full 0):
 PSYoungGen      total 38400K, used 5111K [0x00000000eab00000, 0x00000000ef600000, 0x0000000100000000)
  eden space 33280K, 0% used [0x00000000eab00000,0x00000000eab00000,0x00000000ecb80000)
  from space 5120K, 99% used [0x00000000ed080000,0x00000000ed57dc88,0x00000000ed580000)
  to   space 5120K, 0% used [0x00000000ecb80000,0x00000000ecb80000,0x00000000ed080000)
 ParOldGen       total 87552K, used 4505K [0x00000000c0000000, 0x00000000c5580000, 0x00000000eab00000)
  object space 87552K, 5% used [0x00000000c0000000,0x00000000c04667d8,0x00000000c5580000)
 Metaspace       used 6103K, capacity 7024K, committed 7296K, reserved 1056768K
  class space    used 597K, capacity 616K, committed 640K, reserved 1048576K
}
Event: 3.970 GC heap before
{Heap before GC invocations=3 (full 0):
 PSYoungGen      total 38400K, used 38391K [0x00000000eab00000, 0x00000000ef600000, 0x0000000100000000)
  eden space 33280K, 100% used [0x00000000eab00000,0x00000000ecb80000,0x00000000ecb80000)
  from space 5120K, 99% used [0x00000000ed080000,0x00000000ed57dc88,0x00000000ed580000)
  to   space 5120K, 0% used [0x00000000ecb80000,0x00000000ecb80000,0x00000000ed080000)
 ParOldGen       total 87552K, used 4505K [0x00000000c0000000, 0x00000000c5580000, 0x00000000eab00000)
  object space 87552K, 5% used [0x00000000c0000000,0x00000000c04667d8,0x00000000c5580000)
 Metaspace       used 6186K, capacity 7088K, committed 7296K, reserved 1056768K
  class space    used 597K, capacity 616K, committed 640K, reserved 1048576K
Event: 4.146 GC heap after
Heap after GC invocations=3 (full 0):
 PSYoungGen      total 38400K, used 5088K [0x00000000eab00000, 0x00000000ef600000, 0x0000000100000000)
  eden space 33280K, 0% used [0x00000000eab00000,0x00000000eab00000,0x00000000ecb80000)
  from space 5120K, 99% used [0x00000000ecb80000,0x00000000ed078028,0x00000000ed080000)
  to   space 5120K, 0% used [0x00000000ef100000,0x00000000ef100000,0x00000000ef600000)
 ParOldGen       total 87552K, used 9008K [0x00000000c0000000, 0x00000000c5580000, 0x00000000eab00000)
  object space 87552K, 10% used [0x00000000c0000000,0x00000000c08cc130,0x00000000c5580000)
 Metaspace       used 6186K, capacity 7088K, committed 7296K, reserved 1056768K
  class space    used 597K, capacity 616K, committed 640K, reserved 1048576K
}
Event: 6.427 GC heap before
{Heap before GC invocations=4 (full 0):
 PSYoungGen      total 38400K, used 38368K [0x00000000eab00000, 0x00000000ef600000, 0x0000000100000000)
  eden space 33280K, 100% used [0x00000000eab00000,0x00000000ecb80000,0x00000000ecb80000)
  from space 5120K, 99% used [0x00000000ecb80000,0x00000000ed078028,0x00000000ed080000)
  to   space 5120K, 0% used [0x00000000ef100000,0x00000000ef100000,0x00000000ef600000)
 ParOldGen       total 87552K, used 9008K [0x00000000c0000000, 0x00000000c5580000, 0x00000000eab00000)
  object space 87552K, 10% used [0x00000000c0000000,0x00000000c08cc130,0x00000000c5580000)
 Metaspace       used 6316K, capacity 7128K, committed 7424K, reserved 1056768K
  class space    used 618K, capacity 656K, committed 768K, reserved 1048576K
Event: 6.459 GC heap after
Heap after GC invocations=4 (full 0):
 PSYoungGen      total 71680K, used 5104K [0x00000000eab00000, 0x00000000ef600000, 0x0000000100000000)
  eden space 66560K, 0% used [0x00000000eab00000,0x00000000eab00000,0x00000000eec00000)
  from space 5120K, 99% used [0x00000000ef100000,0x00000000ef5fc038,0x00000000ef600000)
  to   space 5120K, 0% used [0x00000000eec00000,0x00000000eec00000,0x00000000ef100000)
 ParOldGen       total 87552K, used 13408K [0x00000000c0000000, 0x00000000c5580000, 0x00000000eab00000)
  object space 87552K, 15% used [0x00000000c0000000,0x00000000c0d180b0,0x00000000c5580000)
 Metaspace       used 6316K, capacity 7128K, committed 7424K, reserved 1056768K
  class space    used 618K, capacity 656K, committed 768K, reserved 1048576K
}
Event: 9.561 GC heap before
{Heap before GC invocations=5 (full 0):
 PSYoungGen      total 71680K, used 71664K [0x00000000eab00000, 0x00000000ef600000, 0x0000000100000000)
  eden space 66560K, 100% used [0x00000000eab00000,0x00000000eec00000,0x00000000eec00000)
  from space 5120K, 99% used [0x00000000ef100000,0x00000000ef5fc038,0x00000000ef600000)
  to   space 5120K, 0% used [0x00000000eec00000,0x00000000eec00000,0x00000000ef100000)
 ParOldGen       total 87552K, used 13408K [0x00000000c0000000, 0x00000000c5580000, 0x00000000eab00000)
  object space 87552K, 15% used [0x00000000c0000000,0x00000000c0d180b0,0x00000000c5580000)
 Metaspace       used 6370K, capacity 7128K, committed 7424K, reserved 1056768K
  class space    used 618K, capacity 656K, committed 768K, reserved 1048576K
Event: 10.903 GC heap after
Heap after GC invocations=5 (full 0):
 PSYoungGen      total 71680K, used 5088K [0x00000000eab00000, 0x00000000f4a00000, 0x0000000100000000)
  eden space 66560K, 0% used [0x00000000eab00000,0x00000000eab00000,0x00000000eec00000)
  from space 5120K, 99% used [0x00000000eec00000,0x00000000ef0f8048,0x00000000ef100000)
  to   space 14848K, 0% used [0x00000000f3b80000,0x00000000f3b80000,0x00000000f4a00000)
 ParOldGen       total 87552K, used 22621K [0x00000000c0000000, 0x00000000c5580000, 0x00000000eab00000)
  object space 87552K, 25% used [0x00000000c0000000,0x00000000c16174a8,0x00000000c5580000)
 Metaspace       used 6370K, capacity 7128K, committed 7424K, reserved 1056768K
  class space    used 618K, capacity 656K, committed 768K, reserved 1048576K
}

Deoptimization events (10 events):
Event: 7.833 Thread 0x000000005698d000 Uncommon trap: reason=unstable_if action=reinterpret pc=0x0000000002c06930 method=java.util.HashMap.putVal(ILjava/lang/Object;Ljava/lang/Object;ZZ)Ljava/lang/Object; @ 109
Event: 8.364 Thread 0x0000000056a03800 Uncommon trap: reason=unstable_if action=reinterpret pc=0x0000000002acb580 method=java.util.HashMap.resize()[Ljava/util/HashMap$Node; @ 206
Event: 9.315 Thread 0x0000000056988800 Uncommon trap: reason=unstable_if action=reinterpret pc=0x0000000002d9b798 method=com.android.dx.cf.code.Ropper.isSynchronized()Z @ 12
Event: 9.316 Thread 0x0000000056988800 Uncommon trap: reason=unstable_if action=reinterpret pc=0x0000000002d041b0 method=com.android.dx.cf.code.Ropper.isSynchronized()Z @ 12
Event: 9.341 Thread 0x0000000056988800 Uncommon trap: reason=unstable_if action=reinterpret pc=0x0000000002985df0 method=com.android.dx.ssa.MoveParamCombiner$1.visitNonMoveInsn(Lcom/android/dx/ssa/NormalSsaInsn;)V @ 27
Event: 9.345 Thread 0x0000000056a03800 Uncommon trap: reason=class_check action=maybe_recompile pc=0x0000000002c64874 method=com.android.dx.cf.code.BaseMachine.localArg(Lcom/android/dx/cf/code/Frame;I)V @ 17
Event: 9.404 Thread 0x0000000056a03800 Uncommon trap: reason=unstable_if action=reinterpret pc=0x0000000002dc51ec method=com.android.dx.cf.code.Merger.mergeType(Lcom/android/dx/rop/type/TypeBearer;Lcom/android/dx/rop/type/TypeBearer;)Lcom/android/dx/rop/type/TypeBearer; @ 52
Event: 13.525 Thread 0x0000000056a03800 Uncommon trap: reason=unstable_if action=reinterpret pc=0x0000000002dd1370 method=java.lang.Integer.valueOf(I)Ljava/lang/Integer; @ 10
Event: 13.667 Thread 0x0000000056a03800 Uncommon trap: reason=bimorphic action=maybe_recompile pc=0x0000000002d7858c method=com.android.dx.cf.code.BytecodeArray.parseInstruction(ILcom/android/dx/cf/code/BytecodeArray$Visitor;)I @ 2554
Event: 13.667 Thread 0x0000000056a03800 Uncommon trap: reason=bimorphic action=maybe_recompile pc=0x0000000002d7858c method=com.android.dx.cf.code.BytecodeArray.parseInstruction(ILcom/android/dx/cf/code/BytecodeArray$Visitor;)I @ 2554

Internal exceptions (7 events):
Event: 0.048 Thread 0x0000000001dce000 Exception <a 'java/lang/NoSuchMethodError': Method sun.misc.Unsafe.defineClass(Ljava/lang/String;[BII)Ljava/lang/Class; name or signature does not match> (0x00000000eab0d880) thrown at [C:\re\workspace\8-2-build-windows-amd64-cygwin\jdk8u60\4407\hotspot\srUh–5¡n®?
Event: 0.048 Thread 0x0000000001dce000 Exception <a 'java/lang/NoSuchMethodError': Method sun.misc.Unsafe.prefetchRead(Ljava/lang/Object;J)V name or signature does not match> (0x00000000eab0db68) thrown at [C:\re\workspace\8-2-build-windows-amd64-cygwin\jdk8u60\4407\hotspot\src\share\vm\prims\j(MºeëÁ?
Event: 0.720 Thread 0x0000000001dce000 Implicit null exception at 0x00000000026b7ca3 to 0x00000000026b94c9
Event: 1.212 Thread 0x0000000056990000 Implicit null exception at 0x00000000026b2192 to 0x00000000026b2282
Event: 4.521 Thread 0x000000005698d000 Exception <a 'java/lang/ArrayIndexOutOfBoundsException': 18> (0x00000000eae21208) thrown at [C:\re\workspace\8-2-build-windows-amd64-cygwin\jdk8u60\4407\hotspot\src\share\vm\interpreter\interpreterRuntime.cpp, line 366]
Event: 4.521 Thread 0x000000005698d000 Exception <a 'java/lang/ArrayIndexOutOfBoundsException': 145> (0x00000000eae22d88) thrown at [C:\re\workspace\8-2-build-windows-amd64-cygwin\jdk8u60\4407\hotspot\src\share\vm\interpreter\interpreterRuntime.cpp, line 366]
Event: 4.521 Thread 0x000000005698d000 Exception <a 'java/lang/ArrayIndexOutOfBoundsException'> (0x00000000eae24070) thrown at [C:\re\workspace\8-2-build-windows-amd64-cygwin\jdk8u60\4407\hotspot\src\share\vm\runtime\sharedRuntime.cpp, line 605]

Events (10 events):
Event: 12.200 Thread 0x0000000056a03800 DEOPT UNPACKING pc=0x000000000243787f sp=0x00000000579be478 mode 0
Event: 13.525 Thread 0x0000000056a03800 Uncommon trap: trap_request=0xffffff65 fr.pc=0x0000000002dd1370
Event: 13.525 Thread 0x0000000056a03800 DEOPT PACKING pc=0x0000000002dd1370 sp=0x00000000579be3c0
Event: 13.525 Thread 0x0000000056a03800 DEOPT UNPACKING pc=0x000000000243582a sp=0x00000000579be340 mode 2
Event: 13.667 Thread 0x0000000056a03800 Uncommon trap: trap_request=0xffffffc6 fr.pc=0x0000000002d7858c
Event: 13.667 Thread 0x0000000056a03800 DEOPT PACKING pc=0x0000000002d7858c sp=0x00000000579be330
Event: 13.667 Thread 0x0000000056a03800 DEOPT UNPACKING pc=0x000000000243582a sp=0x00000000579be2f0 mode 2
Event: 13.667 Thread 0x0000000056a03800 Uncommon trap: trap_request=0xffffffc6 fr.pc=0x0000000002d7858c
Event: 13.667 Thread 0x0000000056a03800 DEOPT PACKING pc=0x0000000002d7858c sp=0x00000000579be190
Event: 13.667 Thread 0x0000000056a03800 DEOPT UNPACKING pc=0x000000000243582a sp=0x00000000579be150 mode 2


Dynamic libraries:
0x000000013f110000 - 0x000000013f147000 	C:\Program Files\Java\jdk1.8.0_60\bin\java.exe
0x0000000077930000 - 0x0000000077ada000 	C:\Windows\SYSTEM32\ntdll.dll
0x0000000077810000 - 0x000000007792f000 	C:\Windows\system32\kernel32.dll
0x000007fefd8d0000 - 0x000007fefd93a000 	C:\Windows\system32\KERNELBASE.dll
0x000007fefdda0000 - 0x000007fefde7b000 	C:\Windows\system32\ADVAPI32.dll
0x000007fefdd00000 - 0x000007fefdd9f000 	C:\Windows\system32\msvcrt.dll
0x000007fefdfb0000 - 0x000007fefdfcf000 	C:\Windows\SYSTEM32\sechost.dll
0x000007feff600000 - 0x000007feff72d000 	C:\Windows\system32\RPCRT4.dll
0x0000000077710000 - 0x000000007780a000 	C:\Windows\system32\USER32.dll
0x000007fefdea0000 - 0x000007fefdf07000 	C:\Windows\system32\GDI32.dll
0x000007fefda20000 - 0x000007fefda2e000 	C:\Windows\system32\LPK.dll
0x000007fefe130000 - 0x000007fefe1fa000 	C:\Windows\system32\USP10.dll
0x000007fefbf40000 - 0x000007fefc134000 	C:\Windows\WinSxS\amd64_microsoft.windows.common-controls_6595b64144ccf1df_6.0.7601.18837_none_fa3b1e3d17594757\COMCTL32.dll
0x000007fefe0b0000 - 0x000007fefe121000 	C:\Windows\system32\SHLWAPI.dll
0x000007feffa60000 - 0x000007feffa8e000 	C:\Windows\system32\IMM32.DLL
0x000007feffb30000 - 0x000007feffc39000 	C:\Windows\system32\MSCTF.dll
0x0000000064f40000 - 0x0000000065012000 	C:\Program Files\Java\jdk1.8.0_60\jre\bin\msvcr100.dll
0x00000000646b0000 - 0x0000000064f39000 	C:\Program Files\Java\jdk1.8.0_60\jre\bin\server\jvm.dll
0x000007fef4e60000 - 0x000007fef4e69000 	C:\Windows\system32\WSOCK32.dll
0x000007feff730000 - 0x000007feff77d000 	C:\Windows\system32\WS2_32.dll
0x000007fefe570000 - 0x000007fefe578000 	C:\Windows\system32\NSI.dll
0x000007fef8b80000 - 0x000007fef8bbb000 	C:\Windows\system32\WINMM.dll
0x000007fefc750000 - 0x000007fefc75c000 	C:\Windows\system32\VERSION.dll
0x0000000077af0000 - 0x0000000077af7000 	C:\Windows\system32\PSAPI.DLL
0x0000000069f00000 - 0x0000000069f0f000 	C:\Program Files\Java\jdk1.8.0_60\jre\bin\verify.dll
0x0000000069ed0000 - 0x0000000069ef9000 	C:\Program Files\Java\jdk1.8.0_60\jre\bin\java.dll
0x0000000069eb0000 - 0x0000000069ec6000 	C:\Program Files\Java\jdk1.8.0_60\jre\bin\zip.dll
0x000007fefe660000 - 0x000007feff3ea000 	C:\Windows\system32\SHELL32.dll
0x000007feff3f0000 - 0x000007feff5f3000 	C:\Windows\system32\ole32.dll
0x000007fefd670000 - 0x000007fefd67f000 	C:\Windows\system32\profapi.dll

VM Arguments:
jvm_args: -Djava.awt.headless=true -Xmx1024M -Dfile.encoding=windows-1252 -Duser.country=US -Duser.language=en -Duser.variant 
java_command: com.android.dx.command.Main --dex --force-jumbo --num-threads=4 --multi-dex --output C:\Users\Vuksa2103\Documents\coinomi-android\wallet\build\intermediates\transforms\dex\debug\folders\1000\10\core-3.1.0_629a8d0c3874d66c9d87bc590f6ab6727cb9b469 C:\Users\Vuksa2103\.gradle\caches\modules-2\files-2.1\com.google.zxing\core\3.1.0\908e18674f895e3e1fa8f4a954b8c637a23d2801\core-3.1.0.jar
java_class_path (initial): C:\Users\Vuksa2103\AppData\Local\Android\sdk\tool\build-tools\23.0.3\lib\dx.jar
Launcher Type: SUN_STANDARD

Environment Variables:
PATH=C:\Program Files (x86)\Mozilla Firefox;C:\ProgramData\Oracle\Java\javapath;C:\Program Files (x86)\Intel\iCLS Client\;C:\Program Files\Intel\iCLS Client\;C:\Windows\system32;C:\Windows;C:\Windows\System32\Wbem;C:\Windows\System32\WindowsPowerShell\v1.0\;C:\Program Files (x86)\AMD\ATI.ACE\Core-Static;C:\Program Files\Intel\Intel(R) Management Engine Components\DAL;C:\Program Files\Intel\Intel(R) Management Engine Components\IPT;C:\Program Files (x86)\Intel\Intel(R) Management Engine Components\DAL;C:\Program Files (x86)\Intel\Intel(R) Management Engine Components\IPT;C:\Program Files\nodejs\;C:\Users\Vuksa2103\AppData\Roaming\npm;C:\adb;C:\gradle-2.2.1\bin;C:\Users\Vuksa2103\AppData\Roaming\npm
USERNAME=Vuksa2103
OS=Windows_NT
PROCESSOR_IDENTIFIER=Intel64 Family 6 Model 42 Stepping 7, GenuineIntel



---------------  S Y S T E M  ---------------

OS: Windows 7 , 64 bit Build 7601 (6.1.7601.23543)

CPU:total 4 (4 cores per cpu, 1 threads per core) family 6 model 42 stepping 7, cmov, cx8, fxsr, mmx, sse, sse2, sse3, ssse3, sse4.1, sse4.2, popcnt, avx, aes, clmul, tsc, tscinvbit

Memory: 4k page, physical 8351496k(1816328k free), swap 9398212k(6088k free)

vm_info: Java HotSpot(TM) 64-Bit Server VM (25.60-b23) for windows-amd64 JRE (1.8.0_60-b27), built on Aug  4 2015 11:06:27 by "java_re" with MS VC++ 10.0 (VS2010)

time: Sat Oct 29 19:36:31 2016
elapsed time: 13 seconds (0d 0h 0m 13s)

