#
# There is insufficient memory for the Java Runtime Environment to continue.
# Native memory allocation (malloc) failed to allocate 819536 bytes for Chunk::new
# Possible reasons:
#   The system is out of physical RAM or swap space
#   In 32 bit mode, the process size limit was hit
# Possible solutions:
#   Reduce memory load on the system
#   Increase physical memory or swap space
#   Check if swap backing store is full
#   Use 64 bit Java on a 64 bit OS
#   Decrease Java heap size (-Xmx/-Xms)
#   Decrease number of Java threads
#   Decrease Java thread stack sizes (-Xss)
#   Set larger code cache with -XX:ReservedCodeCacheSize=
# This output file may be truncated or incomplete.
#
#  Out of Memory Error (allocation.cpp:390), pid=11032, tid=6840
#
# JRE version: Java(TM) SE Runtime Environment (8.0_60-b27) (build 1.8.0_60-b27)
# Java VM: Java HotSpot(TM) 64-Bit Server VM (25.60-b23 mixed mode windows-amd64 compressed oops)
# Failed to write core dump. Minidumps are not enabled by default on client versions of Windows
#

---------------  T H R E A D  ---------------

Current thread (0x0000000056827000):  JavaThread "C2 CompilerThread1" daemon [_thread_in_native, id=6840, stack(0x00000000562b0000,0x00000000563b0000)]

Stack: [0x00000000562b0000,0x00000000563b0000]
[error occurred during error reporting (printing stack bounds), id 0xc0000005]

Native frames: (J=compiled Java code, j=interpreted, Vv=VM code, C=native code)


Current CompileTask:
C2:   7576 1799       4       com.android.dx.ssa.SCCP::run (298 bytes)


---------------  P R O C E S S  ---------------

Java Threads: ( => current thread )
  0x0000000056b57000 JavaThread "pool-2-thread-4" [_thread_in_Java, id=1056, stack(0x0000000056040000,0x0000000056140000)]
  0x0000000056b54800 JavaThread "pool-2-thread-3" [_thread_blocked, id=6776, stack(0x00000000573c0000,0x00000000574c0000)]
  0x0000000056b53800 JavaThread "pool-2-thread-2" [_thread_blocked, id=8324, stack(0x0000000057220000,0x0000000057320000)]
  0x0000000056b53000 JavaThread "pool-3-thread-1" [_thread_blocked, id=8736, stack(0x0000000057060000,0x0000000057160000)]
  0x0000000056ab5000 JavaThread "pool-2-thread-1" [_thread_blocked, id=9556, stack(0x0000000056f00000,0x0000000057000000)]
  0x0000000056829800 JavaThread "Service Thread" daemon [_thread_blocked, id=6792, stack(0x0000000056e00000,0x0000000056f00000)]
  0x0000000056828000 JavaThread "C1 CompilerThread2" daemon [_thread_blocked, id=5500, stack(0x0000000056be0000,0x0000000056ce0000)]
=>0x0000000056827000 JavaThread "C2 CompilerThread1" daemon [_thread_in_native, id=6840, stack(0x00000000562b0000,0x00000000563b0000)]
  0x0000000054dd7000 JavaThread "C2 CompilerThread0" daemon [_thread_in_native, id=10360, stack(0x00000000566d0000,0x00000000567d0000)]
  0x0000000054dd3800 JavaThread "Attach Listener" daemon [_thread_blocked, id=7012, stack(0x0000000056590000,0x0000000056690000)]
  0x0000000054dd2800 JavaThread "Signal Dispatcher" daemon [_thread_blocked, id=9432, stack(0x00000000563d0000,0x00000000564d0000)]
  0x0000000054d77000 JavaThread "Finalizer" daemon [_thread_blocked, id=6696, stack(0x00000000561b0000,0x00000000562b0000)]
  0x0000000054d70000 JavaThread "Reference Handler" daemon [_thread_blocked, id=6624, stack(0x0000000055f10000,0x0000000056010000)]
  0x0000000001e3e000 JavaThread "main" [_thread_blocked, id=5080, stack(0x0000000002080000,0x0000000002180000)]

Other Threads:
  0x0000000054d6b000 VMThread [stack: 0x0000000055db0000,0x0000000055eb0000] [id=11012]
  0x0000000056849800 WatcherThread [stack: 0x0000000056cf0000,0x0000000056df0000] [id=7500]

VM state:not at safepoint (normal execution)

VM Mutex/Monitor currently owned by a thread: None

Heap:
 PSYoungGen      total 71680K, used 22421K [0x00000000eab00000, 0x00000000ef600000, 0x0000000100000000)
  eden space 66560K, 26% used [0x00000000eab00000,0x00000000ebbeb8f0,0x00000000eec00000)
  from space 5120K, 99% used [0x00000000ef100000,0x00000000ef5f9c98,0x00000000ef600000)
  to   space 5120K, 0% used [0x00000000eec00000,0x00000000eec00000,0x00000000ef100000)
 ParOldGen       total 87552K, used 4747K [0x00000000c0000000, 0x00000000c5580000, 0x00000000eab00000)
  object space 87552K, 5% used [0x00000000c0000000,0x00000000c04a2f70,0x00000000c5580000)
 Metaspace       used 6272K, capacity 7152K, committed 7296K, reserved 1056768K
  class space    used 602K, capacity 616K, committed 640K, reserved 1048576K

Card table byte_map: [0x0000000011810000,0x0000000011a20000] byte_map_base: 0x0000000011210000

Marking Bits: (ParMarkBitMap*) 0x0000000064eba5b0
 Begin Bits: [0x00000000121e0000, 0x00000000131e0000)
 End Bits:   [0x00000000131e0000, 0x00000000141e0000)

Polling page: 0x0000000000310000

CodeCache: size=245760Kb used=7776Kb max_used=7793Kb free=237983Kb
 bounds [0x0000000002450000, 0x0000000002c00000, 0x0000000011450000]
 total_blobs=2057 nmethods=1787 adapters=182
 compilation: enabled

Compilation events (10 events):
Event: 7.505 Thread 0x0000000054dd7000 1794   !   4       com.android.dx.cf.cst.ConstantPoolParser::parseUtf8 (47 bytes)
Event: 7.505 Thread 0x0000000056827000 1795 %     4       com.android.dx.ssa.Dominators::run @ 137 (506 bytes)
Event: 7.509 Thread 0x0000000054dd7000 nmethod 1794 0x0000000002bdec90 code [0x0000000002bdee20, 0x0000000002bdf2b8]
Event: 7.536 Thread 0x0000000056828000 1796       1       com.android.dx.rop.cst.TypedConstant::getFrameType (2 bytes)
Event: 7.536 Thread 0x0000000056828000 nmethod 1796 0x0000000002bde9d0 code [0x0000000002bdeb20, 0x0000000002bdec30]
Event: 7.536 Thread 0x0000000056828000 1797       3       java.util.Arrays::copyOf (19 bytes)
Event: 7.536 Thread 0x0000000056828000 nmethod 1797 0x0000000002be0810 code [0x0000000002be0980, 0x0000000002be0ca8]
Event: 7.538 Thread 0x0000000056827000 nmethod 1795% 0x0000000002bf0cd0 code [0x0000000002bf0f20, 0x0000000002bf26b8]
Event: 7.539 Thread 0x0000000054dd7000 1798       4       com.android.dx.ssa.Dominators::run (506 bytes)
Event: 7.539 Thread 0x0000000056827000 1799       4       com.android.dx.ssa.SCCP::run (298 bytes)

GC Heap History (4 events):
Event: 4.286 GC heap before
{Heap before GC invocations=1 (full 0):
 PSYoungGen      total 38400K, used 33280K [0x00000000eab00000, 0x00000000ed580000, 0x0000000100000000)
  eden space 33280K, 100% used [0x00000000eab00000,0x00000000ecb80000,0x00000000ecb80000)
  from space 5120K, 0% used [0x00000000ed080000,0x00000000ed080000,0x00000000ed580000)
  to   space 5120K, 0% used [0x00000000ecb80000,0x00000000ecb80000,0x00000000ed080000)
 ParOldGen       total 87552K, used 0K [0x00000000c0000000, 0x00000000c5580000, 0x00000000eab00000)
  object space 87552K, 0% used [0x00000000c0000000,0x00000000c0000000,0x00000000c5580000)
 Metaspace       used 5964K, capacity 6896K, committed 7040K, reserved 1056768K
  class space    used 595K, capacity 616K, committed 640K, reserved 1048576K
Event: 4.429 GC heap after
Heap after GC invocations=1 (full 0):
 PSYoungGen      total 38400K, used 5104K [0x00000000eab00000, 0x00000000ef600000, 0x0000000100000000)
  eden space 33280K, 0% used [0x00000000eab00000,0x00000000eab00000,0x00000000ecb80000)
  from space 5120K, 99% used [0x00000000ecb80000,0x00000000ed07c040,0x00000000ed080000)
  to   space 5120K, 0% used [0x00000000ef100000,0x00000000ef100000,0x00000000ef600000)
 ParOldGen       total 87552K, used 677K [0x00000000c0000000, 0x00000000c5580000, 0x00000000eab00000)
  object space 87552K, 0% used [0x00000000c0000000,0x00000000c00a9520,0x00000000c5580000)
 Metaspace       used 5964K, capacity 6896K, committed 7040K, reserved 1056768K
  class space    used 595K, capacity 616K, committed 640K, reserved 1048576K
}
Event: 6.177 GC heap before
{Heap before GC invocations=2 (full 0):
 PSYoungGen      total 38400K, used 38384K [0x00000000eab00000, 0x00000000ef600000, 0x0000000100000000)
  eden space 33280K, 100% used [0x00000000eab00000,0x00000000ecb80000,0x00000000ecb80000)
  from space 5120K, 99% used [0x00000000ecb80000,0x00000000ed07c040,0x00000000ed080000)
  to   space 5120K, 0% used [0x00000000ef100000,0x00000000ef100000,0x00000000ef600000)
 ParOldGen       total 87552K, used 677K [0x00000000c0000000, 0x00000000c5580000, 0x00000000eab00000)
  object space 87552K, 0% used [0x00000000c0000000,0x00000000c00a9520,0x00000000c5580000)
 Metaspace       used 6238K, capacity 7088K, committed 7296K, reserved 1056768K
  class space    used 601K, capacity 616K, committed 640K, reserved 1048576K
Event: 6.202 GC heap after
Heap after GC invocations=2 (full 0):
 PSYoungGen      total 71680K, used 5095K [0x00000000eab00000, 0x00000000ef600000, 0x0000000100000000)
  eden space 66560K, 0% used [0x00000000eab00000,0x00000000eab00000,0x00000000eec00000)
  from space 5120K, 99% used [0x00000000ef100000,0x00000000ef5f9c98,0x00000000ef600000)
  to   space 5120K, 0% used [0x00000000eec00000,0x00000000eec00000,0x00000000ef100000)
 ParOldGen       total 87552K, used 4747K [0x00000000c0000000, 0x00000000c5580000, 0x00000000eab00000)
  object space 87552K, 5% used [0x00000000c0000000,0x00000000c04a2f70,0x00000000c5580000)
 Metaspace       used 6238K, capacity 7088K, committed 7296K, reserved 1056768K
  class space    used 601K, capacity 616K, committed 640K, reserved 1048576K
}

Deoptimization events (10 events):
Event: 7.014 Thread 0x0000000056b54800 Uncommon trap: reason=unstable_if action=reinterpret pc=0x0000000002b1d264 method=com.android.dx.rop.code.RegisterSpecSet.<init>(I)V @ 2
Event: 7.014 Thread 0x0000000056b54800 Uncommon trap: reason=unstable_if action=reinterpret pc=0x0000000002883d18 method=com.android.dx.rop.code.RegisterSpecSet.<init>(I)V @ 2
Event: 7.180 Thread 0x0000000056ab5000 Uncommon trap: reason=bimorphic action=maybe_recompile pc=0x0000000002ad6e44 method=com.android.dx.cf.code.RopperMachine.run(Lcom/android/dx/cf/code/Frame;II)V @ 988
Event: 7.180 Thread 0x0000000056ab5000 Uncommon trap: reason=unstable_if action=reinterpret pc=0x00000000029bc8d8 method=com.android.dx.ssa.SCCP.simulateBranch(Lcom/android/dx/ssa/SsaInsn;)V @ 64
Event: 7.180 Thread 0x0000000056ab5000 Uncommon trap: reason=unloaded action=reinterpret pc=0x0000000002a5da48 method=com.android.dx.ssa.LiteralOpUpgrader$1.visitNonMoveInsn(Lcom/android/dx/ssa/NormalSsaInsn;)V @ 72
Event: 7.181 Thread 0x0000000056ab5000 Uncommon trap: reason=unstable_if action=reinterpret pc=0x000000000272174c method=com.android.dx.ssa.SsaMethod.updateOneDefinition(Lcom/android/dx/ssa/SsaInsn;Lcom/android/dx/rop/code/RegisterSpec;)V @ 4
Event: 7.183 Thread 0x0000000056ab5000 Uncommon trap: reason=bimorphic action=maybe_recompile pc=0x0000000002a07990 method=com.android.dx.ssa.SCCP.setLatticeValueTo(IILcom/android/dx/rop/cst/Constant;)Z @ 43
Event: 7.183 Thread 0x0000000056ab5000 Uncommon trap: reason=bimorphic action=maybe_recompile pc=0x0000000002a07990 method=com.android.dx.ssa.SCCP.setLatticeValueTo(IILcom/android/dx/rop/cst/Constant;)Z @ 43
Event: 7.183 Thread 0x0000000056ab5000 Uncommon trap: reason=bimorphic action=maybe_recompile pc=0x0000000002a07990 method=com.android.dx.ssa.SCCP.setLatticeValueTo(IILcom/android/dx/rop/cst/Constant;)Z @ 43
Event: 7.183 Thread 0x0000000056ab5000 Uncommon trap: reason=bimorphic action=maybe_recompile pc=0x0000000002a07990 method=com.android.dx.ssa.SCCP.setLatticeValueTo(IILcom/android/dx/rop/cst/Constant;)Z @ 43

Internal exceptions (3 events):
Event: 0.059 Thread 0x0000000001e3e000 Exception <a 'java/lang/NoSuchMethodError': Method sun.misc.Unsafe.defineClass(Ljava/lang/String;[BII)Ljava/lang/Class; name or signature does not match> (0x00000000eab0d8c0) thrown at [C:\re\workspace\8-2-build-windows-amd64-cygwin\jdk8u60\4407\hotspot\srÒÍ)d€®?
Event: 0.059 Thread 0x0000000001e3e000 Exception <a 'java/lang/NoSuchMethodError': Method sun.misc.Unsafe.prefetchRead(Ljava/lang/Object;J)V name or signature does not match> (0x00000000eab0dba8) thrown at [C:\re\workspace\8-2-build-windows-amd64-cygwin\jdk8u60\4407\hotspot\src\share\vm\prims\jí%m„É×@
Event: 4.461 Thread 0x0000000056b57000 Implicit null exception at 0x0000000002724ba2 to 0x00000000027262d9

Events (10 events):
Event: 7.183 Thread 0x0000000056ab5000 DEOPT PACKING pc=0x0000000002a07990 sp=0x0000000056ffeb50
Event: 7.183 Thread 0x0000000056ab5000 DEOPT UNPACKING pc=0x000000000249582a sp=0x0000000056ffeaa8 mode 2
Event: 7.183 Thread 0x0000000056ab5000 Uncommon trap: trap_request=0xffffffc6 fr.pc=0x0000000002a07990
Event: 7.183 Thread 0x0000000056ab5000 DEOPT PACKING pc=0x0000000002a07990 sp=0x0000000056ffeba0
Event: 7.183 Thread 0x0000000056ab5000 DEOPT UNPACKING pc=0x000000000249582a sp=0x0000000056ffeaf8 mode 2
Event: 7.183 Thread 0x0000000056ab5000 Uncommon trap: trap_request=0xffffffc6 fr.pc=0x0000000002a07990
Event: 7.183 Thread 0x0000000056ab5000 DEOPT PACKING pc=0x0000000002a07990 sp=0x0000000056ffeba0
Event: 7.183 Thread 0x0000000056ab5000 DEOPT UNPACKING pc=0x000000000249582a sp=0x0000000056ffeaf8 mode 2
Event: 7.539 Thread 0x0000000056b57000 DEOPT PACKING pc=0x00000000028a3a42 sp=0x000000005613ea50
Event: 7.539 Thread 0x0000000056b57000 DEOPT UNPACKING pc=0x000000000249787f sp=0x000000005613e890 mode 0


Dynamic libraries:
0x000000013f110000 - 0x000000013f147000 	C:\Program Files\Java\jdk1.8.0_60\bin\java.exe
0x0000000077930000 - 0x0000000077ada000 	C:\Windows\SYSTEM32\ntdll.dll
0x0000000077810000 - 0x000000007792f000 	C:\Windows\system32\kernel32.dll
0x000007fefd8d0000 - 0x000007fefd93a000 	C:\Windows\system32\KERNELBASE.dll
0x000007fefdda0000 - 0x000007fefde7b000 	C:\Windows\system32\ADVAPI32.dll
0x000007fefdd00000 - 0x000007fefdd9f000 	C:\Windows\system32\msvcrt.dll
0x000007fefdfb0000 - 0x000007fefdfcf000 	C:\Windows\SYSTEM32\sechost.dll
0x000007feff600000 - 0x000007feff72d000 	C:\Windows\system32\RPCRT4.dll
0x0000000077710000 - 0x000000007780a000 	C:\Windows\system32\USER32.dll
0x000007fefdea0000 - 0x000007fefdf07000 	C:\Windows\system32\GDI32.dll
0x000007fefda20000 - 0x000007fefda2e000 	C:\Windows\system32\LPK.dll
0x000007fefe130000 - 0x000007fefe1fa000 	C:\Windows\system32\USP10.dll
0x000007fefbf40000 - 0x000007fefc134000 	C:\Windows\WinSxS\amd64_microsoft.windows.common-controls_6595b64144ccf1df_6.0.7601.18837_none_fa3b1e3d17594757\COMCTL32.dll
0x000007fefe0b0000 - 0x000007fefe121000 	C:\Windows\system32\SHLWAPI.dll
0x000007feffa60000 - 0x000007feffa8e000 	C:\Windows\system32\IMM32.DLL
0x000007feffb30000 - 0x000007feffc39000 	C:\Windows\system32\MSCTF.dll
0x0000000064f40000 - 0x0000000065012000 	C:\Program Files\Java\jdk1.8.0_60\jre\bin\msvcr100.dll
0x00000000646b0000 - 0x0000000064f39000 	C:\Program Files\Java\jdk1.8.0_60\jre\bin\server\jvm.dll
0x000007fef4e60000 - 0x000007fef4e69000 	C:\Windows\system32\WSOCK32.dll
0x000007feff730000 - 0x000007feff77d000 	C:\Windows\system32\WS2_32.dll
0x000007fefe570000 - 0x000007fefe578000 	C:\Windows\system32\NSI.dll
0x000007fef8b80000 - 0x000007fef8bbb000 	C:\Windows\system32\WINMM.dll
0x000007fefc750000 - 0x000007fefc75c000 	C:\Windows\system32\VERSION.dll
0x0000000077af0000 - 0x0000000077af7000 	C:\Windows\system32\PSAPI.DLL
0x0000000069f00000 - 0x0000000069f0f000 	C:\Program Files\Java\jdk1.8.0_60\jre\bin\verify.dll
0x0000000069ed0000 - 0x0000000069ef9000 	C:\Program Files\Java\jdk1.8.0_60\jre\bin\java.dll
0x0000000069eb0000 - 0x0000000069ec6000 	C:\Program Files\Java\jdk1.8.0_60\jre\bin\zip.dll
0x000007fefe660000 - 0x000007feff3ea000 	C:\Windows\system32\SHELL32.dll
0x000007feff3f0000 - 0x000007feff5f3000 	C:\Windows\system32\ole32.dll
0x000007fefd670000 - 0x000007fefd67f000 	C:\Windows\system32\profapi.dll

VM Arguments:
jvm_args: -Djava.awt.headless=true -Xmx1024M -Dfile.encoding=windows-1252 -Duser.country=US -Duser.language=en -Duser.variant 
java_command: com.android.dx.command.Main --dex --force-jumbo --num-threads=4 --multi-dex --output C:\Users\Vuksa2103\Documents\coinomi-android\wallet\build\intermediates\transforms\dex\debug\folders\1000\10\internal_impl-23.3.0_9e32f704fcd65fdfade878b5bafa5b5184f1b258 C:\Users\Vuksa2103\Documents\coinomi-android\wallet\build\intermediates\exploded-aar\com.android.support\support-v4\23.3.0\jars\libs\internal_impl-23.3.0.jar
java_class_path (initial): C:\Users\Vuksa2103\AppData\Local\Android\sdk\tool\build-tools\23.0.3\lib\dx.jar
Launcher Type: SUN_STANDARD

Environment Variables:
PATH=C:\Program Files (x86)\Mozilla Firefox;C:\ProgramData\Oracle\Java\javapath;C:\Program Files (x86)\Intel\iCLS Client\;C:\Program Files\Intel\iCLS Client\;C:\Windows\system32;C:\Windows;C:\Windows\System32\Wbem;C:\Windows\System32\WindowsPowerShell\v1.0\;C:\Program Files (x86)\AMD\ATI.ACE\Core-Static;C:\Program Files\Intel\Intel(R) Management Engine Components\DAL;C:\Program Files\Intel\Intel(R) Management Engine Components\IPT;C:\Program Files (x86)\Intel\Intel(R) Management Engine Components\DAL;C:\Program Files (x86)\Intel\Intel(R) Management Engine Components\IPT;C:\Program Files\nodejs\;C:\Users\Vuksa2103\AppData\Roaming\npm;C:\adb;C:\gradle-2.2.1\bin;C:\Users\Vuksa2103\AppData\Roaming\npm
USERNAME=Vuksa2103
OS=Windows_NT
PROCESSOR_IDENTIFIER=Intel64 Family 6 Model 42 Stepping 7, GenuineIntel



---------------  S Y S T E M  ---------------

OS: Windows 7 , 64 bit Build 7601 (6.1.7601.23543)

CPU:total 4 (4 cores per cpu, 1 threads per core) family 6 model 42 stepping 7, cmov, cx8, fxsr, mmx, sse, sse2, sse3, ssse3, sse4.1, sse4.2, popcnt, avx, aes, clmul, tsc, tscinvbit

Memory: 4k page, physical 8351496k(1987176k free), swap 9398212k(5620k free)

vm_info: Java HotSpot(TM) 64-Bit Server VM (25.60-b23) for windows-amd64 JRE (1.8.0_60-b27), built on Aug  4 2015 11:06:27 by "java_re" with MS VC++ 10.0 (VS2010)

time: Sat Oct 29 19:34:31 2016
elapsed time: 7 seconds (0d 0h 0m 7s)

