#
# There is insufficient memory for the Java Runtime Environment to continue.
# Native memory allocation (malloc) failed to allocate 904976 bytes for Chunk::new
# Possible reasons:
#   The system is out of physical RAM or swap space
#   In 32 bit mode, the process size limit was hit
# Possible solutions:
#   Reduce memory load on the system
#   Increase physical memory or swap space
#   Check if swap backing store is full
#   Use 64 bit Java on a 64 bit OS
#   Decrease Java heap size (-Xmx/-Xms)
#   Decrease number of Java threads
#   Decrease Java thread stack sizes (-Xss)
#   Set larger code cache with -XX:ReservedCodeCacheSize=
# This output file may be truncated or incomplete.
#
#  Out of Memory Error (allocation.cpp:390), pid=7132, tid=6252
#
# JRE version: Java(TM) SE Runtime Environment (8.0_60-b27) (build 1.8.0_60-b27)
# Java VM: Java HotSpot(TM) 64-Bit Server VM (25.60-b23 mixed mode windows-amd64 compressed oops)
# Failed to write core dump. Minidumps are not enabled by default on client versions of Windows
#

---------------  T H R E A D  ---------------

Current thread (0x00000000560e6000):  JavaThread "C2 CompilerThread1" daemon [_thread_in_native, id=6252, stack(0x0000000056b30000,0x0000000056c30000)]

Stack: [0x0000000056b30000,0x0000000056c30000]
[error occurred during error reporting (printing stack bounds), id 0xc0000005]

Native frames: (J=compiled Java code, j=interpreted, Vv=VM code, C=native code)


Current CompileTask:
C2:   3841 1474       4       com.android.dx.ssa.SCCP::simulatePhi (169 bytes)


---------------  P R O C E S S  ---------------

Java Threads: ( => current thread )
  0x00000000564de000 JavaThread "pool-2-thread-4" [_thread_in_Java, id=11136, stack(0x0000000057e40000,0x0000000057f40000)]
  0x00000000564dd800 JavaThread "pool-2-thread-3" [_thread_in_vm, id=5368, stack(0x0000000057c20000,0x0000000057d20000)]
  0x00000000563cf000 JavaThread "pool-2-thread-2" [_thread_in_Java, id=9868, stack(0x00000000571b0000,0x00000000572b0000)]
  0x0000000056232800 JavaThread "pool-3-thread-1" [_thread_blocked, id=5836, stack(0x0000000057030000,0x0000000057130000)]
  0x0000000056232000 JavaThread "pool-2-thread-1" [_thread_in_Java, id=3240, stack(0x0000000056ed0000,0x0000000056fd0000)]
  0x00000000560ea000 JavaThread "Service Thread" daemon [_thread_blocked, id=10056, stack(0x00000000564e0000,0x00000000565e0000)]
  0x00000000560e7000 JavaThread "C1 CompilerThread2" daemon [_thread_blocked, id=9580, stack(0x0000000056c30000,0x0000000056d30000)]
=>0x00000000560e6000 JavaThread "C2 CompilerThread1" daemon [_thread_in_native, id=6252, stack(0x0000000056b30000,0x0000000056c30000)]
  0x00000000560e2800 JavaThread "C2 CompilerThread0" daemon [_thread_in_native, id=6260, stack(0x0000000056980000,0x0000000056a80000)]
  0x0000000054e36000 JavaThread "Attach Listener" daemon [_thread_blocked, id=8228, stack(0x0000000056780000,0x0000000056880000)]
  0x0000000054e34800 JavaThread "Signal Dispatcher" daemon [_thread_blocked, id=2676, stack(0x0000000056670000,0x0000000056770000)]
  0x0000000054dda000 JavaThread "Finalizer" daemon [_thread_blocked, id=5928, stack(0x0000000055fe0000,0x00000000560e0000)]
  0x0000000054dd3800 JavaThread "Reference Handler" daemon [_thread_blocked, id=7932, stack(0x0000000055e40000,0x0000000055f40000)]
  0x0000000001f0e000 JavaThread "main" [_thread_in_Java, id=6164, stack(0x00000000020a0000,0x00000000021a0000)]

Other Threads:
  0x0000000054dce000 VMThread [stack: 0x0000000055d20000,0x0000000055e20000] [id=5284]
  0x0000000056153000 WatcherThread [stack: 0x0000000056d50000,0x0000000056e50000] [id=9064]

VM state:not at safepoint (normal execution)

VM Mutex/Monitor currently owned by a thread: None

Heap:
 PSYoungGen      total 129536K, used 45078K [0x00000000eab00000, 0x00000000f6e80000, 0x0000000100000000)
  eden space 124416K, 32% used [0x00000000eab00000,0x00000000ed208ad0,0x00000000f2480000)
  from space 5120K, 99% used [0x00000000f2d00000,0x00000000f31fcef0,0x00000000f3200000)
  to   space 37888K, 0% used [0x00000000f4980000,0x00000000f4980000,0x00000000f6e80000)
 ParOldGen       total 139776K, used 95613K [0x00000000c0000000, 0x00000000c8880000, 0x00000000eab00000)
  object space 139776K, 68% used [0x00000000c0000000,0x00000000c5d5f408,0x00000000c8880000)
 Metaspace       used 5927K, capacity 6960K, committed 7040K, reserved 1056768K
  class space    used 593K, capacity 616K, committed 640K, reserved 1048576K

Card table byte_map: [0x0000000011830000,0x0000000011a40000] byte_map_base: 0x0000000011230000

Marking Bits: (ParMarkBitMap*) 0x0000000064eba5b0
 Begin Bits: [0x0000000012240000, 0x0000000013240000)
 End Bits:   [0x0000000013240000, 0x0000000014240000)

Polling page: 0x0000000000110000

CodeCache: size=245760Kb used=6387Kb max_used=6387Kb free=239372Kb
 bounds [0x0000000002470000, 0x0000000002ac0000, 0x0000000011470000]
 total_blobs=1727 nmethods=1462 adapters=178
 compilation: enabled

Compilation events (10 events):
Event: 3.837 Thread 0x00000000560e7000 1510       1       com.android.dx.ssa.back.FirstFitLocalCombiningAllocator::wantsParamsMovedHigh (2 bytes)
Event: 3.837 Thread 0x00000000560e7000 nmethod 1510 0x0000000002ab16d0 code [0x0000000002ab1820, 0x0000000002ab1930]
Event: 3.837 Thread 0x00000000560e7000 1511       1       com.android.dx.rop.code.DexTranslationAdvice::getMaxOptimalRegisterCount (3 bytes)
Event: 3.837 Thread 0x00000000560e7000 nmethod 1511 0x0000000002ab1990 code [0x0000000002ab1ae0, 0x0000000002ab1bf0]
Event: 3.837 Thread 0x00000000560e7000 1520       1       com.android.dx.cf.attrib.BaseLocalVariables::getLocalVariables (5 bytes)
Event: 3.837 Thread 0x00000000560e7000 nmethod 1520 0x0000000002ab1c50 code [0x0000000002ab1da0, 0x0000000002ab1eb0]
Event: 3.837 Thread 0x00000000560e7000 1504       1       com.android.dx.cf.code.Simulator::access$000 (5 bytes)
Event: 3.837 Thread 0x00000000560e7000 nmethod 1504 0x0000000002ab1f10 code [0x0000000002ab2060, 0x0000000002ab2150]
Event: 3.837 Thread 0x00000000560e7000 1505       1       com.android.dx.cf.code.Ropper::access$700 (5 bytes)
Event: 3.837 Thread 0x00000000560e7000 nmethod 1505 0x0000000002ab21d0 code [0x0000000002ab2320, 0x0000000002ab2410]

GC Heap History (10 events):
Event: 1.318 GC heap before
{Heap before GC invocations=2 (full 0):
 PSYoungGen      total 38400K, used 38395K [0x00000000eab00000, 0x00000000ef600000, 0x0000000100000000)
  eden space 33280K, 100% used [0x00000000eab00000,0x00000000ecb80000,0x00000000ecb80000)
  from space 5120K, 99% used [0x00000000ecb80000,0x00000000ed07ee28,0x00000000ed080000)
  to   space 5120K, 0% used [0x00000000ef100000,0x00000000ef100000,0x00000000ef600000)
 ParOldGen       total 87552K, used 7511K [0x00000000c0000000, 0x00000000c5580000, 0x00000000eab00000)
  object space 87552K, 8% used [0x00000000c0000000,0x00000000c0755cb8,0x00000000c5580000)
 Metaspace       used 5740K, capacity 6832K, committed 7040K, reserved 1056768K
  class space    used 589K, capacity 616K, committed 640K, reserved 1048576K
Event: 1.334 GC heap after
Heap after GC invocations=2 (full 0):
 PSYoungGen      total 71680K, used 5116K [0x00000000eab00000, 0x00000000ef600000, 0x0000000100000000)
  eden space 66560K, 0% used [0x00000000eab00000,0x00000000eab00000,0x00000000eec00000)
  from space 5120K, 99% used [0x00000000ef100000,0x00000000ef5ff150,0x00000000ef600000)
  to   space 5120K, 0% used [0x00000000eec00000,0x00000000eec00000,0x00000000ef100000)
 ParOldGen       total 87552K, used 24803K [0x00000000c0000000, 0x00000000c5580000, 0x00000000eab00000)
  object space 87552K, 28% used [0x00000000c0000000,0x00000000c1838e70,0x00000000c5580000)
 Metaspace       used 5740K, capacity 6832K, committed 7040K, reserved 1056768K
  class space    used 589K, capacity 616K, committed 640K, reserved 1048576K
}
Event: 1.995 GC heap before
{Heap before GC invocations=3 (full 0):
 PSYoungGen      total 71680K, used 71676K [0x00000000eab00000, 0x00000000ef600000, 0x0000000100000000)
  eden space 66560K, 100% used [0x00000000eab00000,0x00000000eec00000,0x00000000eec00000)
  from space 5120K, 99% used [0x00000000ef100000,0x00000000ef5ff150,0x00000000ef600000)
  to   space 5120K, 0% used [0x00000000eec00000,0x00000000eec00000,0x00000000ef100000)
 ParOldGen       total 87552K, used 24803K [0x00000000c0000000, 0x00000000c5580000, 0x00000000eab00000)
  object space 87552K, 28% used [0x00000000c0000000,0x00000000c1838e70,0x00000000c5580000)
 Metaspace       used 5778K, capacity 6896K, committed 7040K, reserved 1056768K
  class space    used 591K, capacity 616K, committed 640K, reserved 1048576K
Event: 2.114 GC heap after
Heap after GC invocations=3 (full 0):
 PSYoungGen      total 71680K, used 5103K [0x00000000eab00000, 0x00000000f3700000, 0x0000000100000000)
  eden space 66560K, 0% used [0x00000000eab00000,0x00000000eab00000,0x00000000eec00000)
  from space 5120K, 99% used [0x00000000eec00000,0x00000000ef0fbe28,0x00000000ef100000)
  to   space 5120K, 0% used [0x00000000f3200000,0x00000000f3200000,0x00000000f3700000)
 ParOldGen       total 87552K, used 54452K [0x00000000c0000000, 0x00000000c5580000, 0x00000000eab00000)
  object space 87552K, 62% used [0x00000000c0000000,0x00000000c352d3f8,0x00000000c5580000)
 Metaspace       used 5778K, capacity 6896K, committed 7040K, reserved 1056768K
  class space    used 591K, capacity 616K, committed 640K, reserved 1048576K
}
Event: 2.114 GC heap before
{Heap before GC invocations=4 (full 1):
 PSYoungGen      total 71680K, used 5103K [0x00000000eab00000, 0x00000000f3700000, 0x0000000100000000)
  eden space 66560K, 0% used [0x00000000eab00000,0x00000000eab00000,0x00000000eec00000)
  from space 5120K, 99% used [0x00000000eec00000,0x00000000ef0fbe28,0x00000000ef100000)
  to   space 5120K, 0% used [0x00000000f3200000,0x00000000f3200000,0x00000000f3700000)
 ParOldGen       total 87552K, used 54452K [0x00000000c0000000, 0x00000000c5580000, 0x00000000eab00000)
  object space 87552K, 62% used [0x00000000c0000000,0x00000000c352d3f8,0x00000000c5580000)
 Metaspace       used 5778K, capacity 6896K, committed 7040K, reserved 1056768K
  class space    used 591K, capacity 616K, committed 640K, reserved 1048576K
Event: 3.012 GC heap after
Heap after GC invocations=4 (full 1):
 PSYoungGen      total 71680K, used 0K [0x00000000eab00000, 0x00000000f3700000, 0x0000000100000000)
  eden space 66560K, 0% used [0x00000000eab00000,0x00000000eab00000,0x00000000eec00000)
  from space 5120K, 0% used [0x00000000eec00000,0x00000000eec00000,0x00000000ef100000)
  to   space 5120K, 0% used [0x00000000f3200000,0x00000000f3200000,0x00000000f3700000)
 ParOldGen       total 139776K, used 51691K [0x00000000c0000000, 0x00000000c8880000, 0x00000000eab00000)
  object space 139776K, 36% used [0x00000000c0000000,0x00000000c327afb0,0x00000000c8880000)
 Metaspace       used 5778K, capacity 6896K, committed 7040K, reserved 1056768K
  class space    used 591K, capacity 616K, committed 640K, reserved 1048576K
}
Event: 3.241 GC heap before
{Heap before GC invocations=5 (full 1):
 PSYoungGen      total 71680K, used 66560K [0x00000000eab00000, 0x00000000f3700000, 0x0000000100000000)
  eden space 66560K, 100% used [0x00000000eab00000,0x00000000eec00000,0x00000000eec00000)
  from space 5120K, 0% used [0x00000000eec00000,0x00000000eec00000,0x00000000ef100000)
  to   space 5120K, 0% used [0x00000000f3200000,0x00000000f3200000,0x00000000f3700000)
 ParOldGen       total 139776K, used 51691K [0x00000000c0000000, 0x00000000c8880000, 0x00000000eab00000)
  object space 139776K, 36% used [0x00000000c0000000,0x00000000c327afb0,0x00000000c8880000)
 Metaspace       used 5848K, capacity 6896K, committed 7040K, reserved 1056768K
  class space    used 593K, capacity 616K, committed 640K, reserved 1048576K
Event: 3.367 GC heap after
Heap after GC invocations=5 (full 1):
 PSYoungGen      total 96768K, used 5101K [0x00000000eab00000, 0x00000000f3700000, 0x0000000100000000)
  eden space 91648K, 0% used [0x00000000eab00000,0x00000000eab00000,0x00000000f0480000)
  from space 5120K, 99% used [0x00000000f3200000,0x00000000f36fb518,0x00000000f3700000)
  to   space 5120K, 0% used [0x00000000f2d00000,0x00000000f2d00000,0x00000000f3200000)
 ParOldGen       total 139776K, used 74884K [0x00000000c0000000, 0x00000000c8880000, 0x00000000eab00000)
  object space 139776K, 53% used [0x00000000c0000000,0x00000000c4921338,0x00000000c8880000)
 Metaspace       used 5848K, capacity 6896K, committed 7040K, reserved 1056768K
  class space    used 593K, capacity 616K, committed 640K, reserved 1048576K
}
Event: 3.652 GC heap before
{Heap before GC invocations=6 (full 1):
 PSYoungGen      total 96768K, used 96749K [0x00000000eab00000, 0x00000000f3700000, 0x0000000100000000)
  eden space 91648K, 100% used [0x00000000eab00000,0x00000000f0480000,0x00000000f0480000)
  from space 5120K, 99% used [0x00000000f3200000,0x00000000f36fb518,0x00000000f3700000)
  to   space 5120K, 0% used [0x00000000f2d00000,0x00000000f2d00000,0x00000000f3200000)
 ParOldGen       total 139776K, used 74884K [0x00000000c0000000, 0x00000000c8880000, 0x00000000eab00000)
  object space 139776K, 53% used [0x00000000c0000000,0x00000000c4921338,0x00000000c8880000)
 Metaspace       used 5927K, capacity 6960K, committed 7040K, reserved 1056768K
  class space    used 593K, capacity 616K, committed 640K, reserved 1048576K
Event: 3.695 GC heap after
Heap after GC invocations=6 (full 1):
 PSYoungGen      total 129536K, used 5107K [0x00000000eab00000, 0x00000000f6e80000, 0x0000000100000000)
  eden space 124416K, 0% used [0x00000000eab00000,0x00000000eab00000,0x00000000f2480000)
  from space 5120K, 99% used [0x00000000f2d00000,0x00000000f31fcef0,0x00000000f3200000)
  to   space 37888K, 0% used [0x00000000f4980000,0x00000000f4980000,0x00000000f6e80000)
 ParOldGen       total 139776K, used 95613K [0x00000000c0000000, 0x00000000c8880000, 0x00000000eab00000)
  object space 139776K, 68% used [0x00000000c0000000,0x00000000c5d5f408,0x00000000c8880000)
 Metaspace       used 5927K, capacity 6960K, committed 7040K, reserved 1056768K
  class space    used 593K, capacity 616K, committed 640K, reserved 1048576K
}

Deoptimization events (10 events):
Event: 3.426 Thread 0x0000000001f0e000 Uncommon trap: reason=unstable_if action=reinterpret pc=0x000000000287a6a0 method=com.android.dx.rop.code.RegisterSpecSet.equals(Ljava/lang/Object;)Z @ 41
Event: 3.644 Thread 0x00000000563cf000 Uncommon trap: reason=unstable_if action=reinterpret pc=0x00000000029adf20 method=com.android.dx.ssa.SsaRenamer$BlockRenamer.process()V @ 90
Event: 3.645 Thread 0x00000000563cf000 Uncommon trap: reason=bimorphic action=maybe_recompile pc=0x00000000029e7714 method=com.android.dx.ssa.SCCP.setLatticeValueTo(IILcom/android/dx/rop/cst/Constant;)Z @ 43
Event: 3.645 Thread 0x00000000563cf000 Uncommon trap: reason=bimorphic action=maybe_recompile pc=0x00000000029e7714 method=com.android.dx.ssa.SCCP.setLatticeValueTo(IILcom/android/dx/rop/cst/Constant;)Z @ 43
Event: 3.645 Thread 0x00000000563cf000 Uncommon trap: reason=bimorphic action=maybe_recompile pc=0x00000000029e7714 method=com.android.dx.ssa.SCCP.setLatticeValueTo(IILcom/android/dx/rop/cst/Constant;)Z @ 43
Event: 3.645 Thread 0x00000000563cf000 Uncommon trap: reason=bimorphic action=maybe_recompile pc=0x00000000029e7714 method=com.android.dx.ssa.SCCP.setLatticeValueTo(IILcom/android/dx/rop/cst/Constant;)Z @ 43
Event: 3.646 Thread 0x00000000563cf000 Uncommon trap: reason=unstable_if action=reinterpret pc=0x00000000029be8b4 method=com.android.dx.ssa.SCCP.simulateBranch(Lcom/android/dx/ssa/SsaInsn;)V @ 81
Event: 3.801 Thread 0x0000000056232000 Uncommon trap: reason=unstable_if action=reinterpret pc=0x0000000002a09620 method=com.android.dx.rop.code.InsnList.contentEquals(Lcom/android/dx/rop/code/InsnList;)Z @ 25
Event: 3.802 Thread 0x0000000056232000 Uncommon trap: reason=unstable_if action=reinterpret pc=0x00000000027f5bb0 method=java.util.HashMap.putVal(ILjava/lang/Object;Ljava/lang/Object;ZZ)Ljava/lang/Object; @ 94
Event: 3.816 Thread 0x00000000563cf000 Uncommon trap: reason=unstable_if action=reinterpret pc=0x0000000002896de0 method=com.android.dx.cf.code.OneLocalsArray.<init>(I)V @ 2

Internal exceptions (3 events):
Event: 0.040 Thread 0x0000000001f0e000 Exception <a 'java/lang/NoSuchMethodError': Method sun.misc.Unsafe.defineClass(Ljava/lang/String;[BII)Ljava/lang/Class; name or signature does not match> (0x00000000eab0d690) thrown at [C:\re\workspace\8-2-build-windows-amd64-cygwin\jdk8u60\4407\hotspot\sr›ÅÖ§?
Event: 0.040 Thread 0x0000000001f0e000 Exception <a 'java/lang/NoSuchMethodError': Method sun.misc.Unsafe.prefetchRead(Ljava/lang/Object;J)V name or signature does not match> (0x00000000eab0d978) thrown at [C:\re\workspace\8-2-build-windows-amd64-cygwin\jdk8u60\4407\hotspot\src\share\vm\prims\jpı·W[˚?
Event: 1.710 Thread 0x0000000056232000 Implicit null exception at 0x000000000279a252 to 0x000000000279a342

Events (10 events):
Event: 3.802 Thread 0x0000000056232000 Uncommon trap: trap_request=0xffffff65 fr.pc=0x00000000027f5bb0
Event: 3.802 Thread 0x0000000056232000 DEOPT PACKING pc=0x00000000027f5bb0 sp=0x0000000056fce980
Event: 3.802 Thread 0x0000000056232000 DEOPT UNPACKING pc=0x00000000024b582a sp=0x0000000056fce900 mode 2
Event: 3.812 Thread 0x0000000001f0e000 DEOPT PACKING pc=0x00000000029813e2 sp=0x000000000219df90
Event: 3.812 Thread 0x0000000001f0e000 DEOPT UNPACKING pc=0x00000000024b787f sp=0x000000000219dd70 mode 0
Event: 3.814 Thread 0x00000000563cf000 DEOPT PACKING pc=0x0000000002963675 sp=0x00000000572ae720
Event: 3.814 Thread 0x00000000563cf000 DEOPT UNPACKING pc=0x00000000024b787f sp=0x00000000572ae4b8 mode 0
Event: 3.816 Thread 0x00000000563cf000 Uncommon trap: trap_request=0xffffff65 fr.pc=0x0000000002896de0
Event: 3.816 Thread 0x00000000563cf000 DEOPT PACKING pc=0x0000000002896de0 sp=0x00000000572ae860
Event: 3.816 Thread 0x00000000563cf000 DEOPT UNPACKING pc=0x00000000024b582a sp=0x00000000572ae698 mode 2


Dynamic libraries:
0x000000013f110000 - 0x000000013f147000 	C:\Program Files\Java\jdk1.8.0_60\bin\java.exe
0x0000000077930000 - 0x0000000077ada000 	C:\Windows\SYSTEM32\ntdll.dll
0x0000000077810000 - 0x000000007792f000 	C:\Windows\system32\kernel32.dll
0x000007fefd8d0000 - 0x000007fefd93a000 	C:\Windows\system32\KERNELBASE.dll
0x000007fefdda0000 - 0x000007fefde7b000 	C:\Windows\system32\ADVAPI32.dll
0x000007fefdd00000 - 0x000007fefdd9f000 	C:\Windows\system32\msvcrt.dll
0x000007fefdfb0000 - 0x000007fefdfcf000 	C:\Windows\SYSTEM32\sechost.dll
0x000007feff600000 - 0x000007feff72d000 	C:\Windows\system32\RPCRT4.dll
0x0000000077710000 - 0x000000007780a000 	C:\Windows\system32\USER32.dll
0x000007fefdea0000 - 0x000007fefdf07000 	C:\Windows\system32\GDI32.dll
0x000007fefda20000 - 0x000007fefda2e000 	C:\Windows\system32\LPK.dll
0x000007fefe130000 - 0x000007fefe1fa000 	C:\Windows\system32\USP10.dll
0x000007fefbf40000 - 0x000007fefc134000 	C:\Windows\WinSxS\amd64_microsoft.windows.common-controls_6595b64144ccf1df_6.0.7601.18837_none_fa3b1e3d17594757\COMCTL32.dll
0x000007fefe0b0000 - 0x000007fefe121000 	C:\Windows\system32\SHLWAPI.dll
0x000007feffa60000 - 0x000007feffa8e000 	C:\Windows\system32\IMM32.DLL
0x000007feffb30000 - 0x000007feffc39000 	C:\Windows\system32\MSCTF.dll
0x0000000064f40000 - 0x0000000065012000 	C:\Program Files\Java\jdk1.8.0_60\jre\bin\msvcr100.dll
0x00000000646b0000 - 0x0000000064f39000 	C:\Program Files\Java\jdk1.8.0_60\jre\bin\server\jvm.dll
0x000007fef4e60000 - 0x000007fef4e69000 	C:\Windows\system32\WSOCK32.dll
0x000007feff730000 - 0x000007feff77d000 	C:\Windows\system32\WS2_32.dll
0x000007fefe570000 - 0x000007fefe578000 	C:\Windows\system32\NSI.dll
0x000007fef8b80000 - 0x000007fef8bbb000 	C:\Windows\system32\WINMM.dll
0x000007fefc750000 - 0x000007fefc75c000 	C:\Windows\system32\VERSION.dll
0x0000000077af0000 - 0x0000000077af7000 	C:\Windows\system32\PSAPI.DLL
0x0000000069f00000 - 0x0000000069f0f000 	C:\Program Files\Java\jdk1.8.0_60\jre\bin\verify.dll
0x0000000069ed0000 - 0x0000000069ef9000 	C:\Program Files\Java\jdk1.8.0_60\jre\bin\java.dll
0x0000000069eb0000 - 0x0000000069ec6000 	C:\Program Files\Java\jdk1.8.0_60\jre\bin\zip.dll
0x000007fefe660000 - 0x000007feff3ea000 	C:\Windows\system32\SHELL32.dll
0x000007feff3f0000 - 0x000007feff5f3000 	C:\Windows\system32\ole32.dll
0x000007fefd670000 - 0x000007fefd67f000 	C:\Windows\system32\profapi.dll

VM Arguments:
jvm_args: -Djava.awt.headless=true -Xmx1024M -Dfile.encoding=windows-1252 -Duser.country=US -Duser.language=en -Duser.variant 
java_command: com.android.dx.command.Main --dex --force-jumbo --num-threads=4 --multi-dex --output C:\Users\Vuksa2103\Documents\coinomi-android\wallet\build\intermediates\transforms\dex\debug\folders\1000\5\slice_6 C:\Users\Vuksa2103\Documents\coinomi-android\wallet\build\intermediates\transforms\instantRunSlicer\debug\folders\1\5\slice_6
java_class_path (initial): C:\Users\Vuksa2103\AppData\Local\Android\sdk\tool\build-tools\23.0.3\lib\dx.jar
Launcher Type: SUN_STANDARD

Environment Variables:
PATH=C:\Program Files (x86)\Mozilla Firefox;C:\ProgramData\Oracle\Java\javapath;C:\Program Files (x86)\Intel\iCLS Client\;C:\Program Files\Intel\iCLS Client\;C:\Windows\system32;C:\Windows;C:\Windows\System32\Wbem;C:\Windows\System32\WindowsPowerShell\v1.0\;C:\Program Files (x86)\AMD\ATI.ACE\Core-Static;C:\Program Files\Intel\Intel(R) Management Engine Components\DAL;C:\Program Files\Intel\Intel(R) Management Engine Components\IPT;C:\Program Files (x86)\Intel\Intel(R) Management Engine Components\DAL;C:\Program Files (x86)\Intel\Intel(R) Management Engine Components\IPT;C:\Program Files\nodejs\;C:\Users\Vuksa2103\AppData\Roaming\npm;C:\adb;C:\gradle-2.2.1\bin;C:\Users\Vuksa2103\AppData\Roaming\npm
USERNAME=Vuksa2103
OS=Windows_NT
PROCESSOR_IDENTIFIER=Intel64 Family 6 Model 42 Stepping 7, GenuineIntel



---------------  S Y S T E M  ---------------

OS: Windows 7 , 64 bit Build 7601 (6.1.7601.23543)

CPU:total 4 (4 cores per cpu, 1 threads per core) family 6 model 42 stepping 7, cmov, cx8, fxsr, mmx, sse, sse2, sse3, ssse3, sse4.1, sse4.2, popcnt, avx, aes, clmul, tsc, tscinvbit

Memory: 4k page, physical 8351496k(1578600k free), swap 9398212k(5940k free)

vm_info: Java HotSpot(TM) 64-Bit Server VM (25.60-b23) for windows-amd64 JRE (1.8.0_60-b27), built on Aug  4 2015 11:06:27 by "java_re" with MS VC++ 10.0 (VS2010)

time: Sat Oct 29 19:44:06 2016
elapsed time: 3 seconds (0d 0h 0m 3s)

