#
# There is insufficient memory for the Java Runtime Environment to continue.
# Native memory allocation (malloc) failed to allocate 32784 bytes for Chunk::new
# Possible reasons:
#   The system is out of physical RAM or swap space
#   In 32 bit mode, the process size limit was hit
# Possible solutions:
#   Reduce memory load on the system
#   Increase physical memory or swap space
#   Check if swap backing store is full
#   Use 64 bit Java on a 64 bit OS
#   Decrease Java heap size (-Xmx/-Xms)
#   Decrease number of Java threads
#   Decrease Java thread stack sizes (-Xss)
#   Set larger code cache with -XX:ReservedCodeCacheSize=
# This output file may be truncated or incomplete.
#
#  Out of Memory Error (allocation.cpp:390), pid=9148, tid=10104
#
# JRE version: Java(TM) SE Runtime Environment (8.0_60-b27) (build 1.8.0_60-b27)
# Java VM: Java HotSpot(TM) 64-Bit Server VM (25.60-b23 mixed mode windows-amd64 compressed oops)
# Failed to write core dump. Minidumps are not enabled by default on client versions of Windows
#

---------------  T H R E A D  ---------------

Current thread (0x0000000054d9e000):  JavaThread "C2 CompilerThread1" daemon [_thread_in_native, id=10104, stack(0x00000000563d0000,0x00000000564d0000)]

Stack: [0x00000000563d0000,0x00000000564d0000]
[error occurred during error reporting (printing stack bounds), id 0xc0000005]

Native frames: (J=compiled Java code, j=interpreted, Vv=VM code, C=native code)


Current CompileTask:
C2:  19906 2289       4       com.android.dx.cf.code.ConcreteMethod::<init> (262 bytes)


---------------  P R O C E S S  ---------------

Java Threads: ( => current thread )
  0x0000000056ddc800 JavaThread "pool-2-thread-4" [_thread_blocked, id=10496, stack(0x0000000057e10000,0x0000000057f10000)]
  0x0000000056d91000 JavaThread "pool-2-thread-3" [_thread_blocked, id=9936, stack(0x0000000057c50000,0x0000000057d50000)]
  0x00000000569b2800 JavaThread "pool-2-thread-2" [_thread_blocked, id=3324, stack(0x00000000579d0000,0x0000000057ad0000)]
  0x00000000569b1800 JavaThread "pool-3-thread-1" [_thread_blocked, id=11136, stack(0x00000000577d0000,0x00000000578d0000)]
  0x00000000569b1000 JavaThread "pool-2-thread-1" [_thread_in_vm, id=5844, stack(0x0000000057640000,0x0000000057740000)]
  0x0000000056666800 JavaThread "Service Thread" daemon [_thread_blocked, id=6700, stack(0x0000000056a00000,0x0000000056b00000)]
  0x0000000056652000 JavaThread "C1 CompilerThread2" daemon [_thread_blocked, id=4272, stack(0x0000000056b40000,0x0000000056c40000)]
=>0x0000000054d9e000 JavaThread "C2 CompilerThread1" daemon [_thread_in_native, id=10104, stack(0x00000000563d0000,0x00000000564d0000)]
  0x0000000054d99800 JavaThread "C2 CompilerThread0" daemon [_thread_blocked, id=5160, stack(0x0000000055da0000,0x0000000055ea0000)]
  0x0000000054d98800 JavaThread "Attach Listener" daemon [_thread_blocked, id=7756, stack(0x00000000564f0000,0x00000000565f0000)]
  0x0000000054d94800 JavaThread "Signal Dispatcher" daemon [_thread_blocked, id=8688, stack(0x0000000011df0000,0x0000000011ef0000)]
  0x0000000054d31000 JavaThread "Finalizer" daemon [_thread_blocked, id=2076, stack(0x00000000562b0000,0x00000000563b0000)]
  0x0000000054d30000 JavaThread "Reference Handler" daemon [_thread_blocked, id=8716, stack(0x00000000560e0000,0x00000000561e0000)]
  0x0000000001f2e000 JavaThread "main" [_thread_in_Java, id=7960, stack(0x00000000021a0000,0x00000000022a0000)]

Other Threads:
  0x0000000054d2a800 VMThread [stack: 0x0000000055ef0000,0x0000000055ff0000] [id=10232]
  0x0000000056670000 WatcherThread [stack: 0x0000000056c50000,0x0000000056d50000] [id=5540]

VM state:not at safepoint (normal execution)

VM Mutex/Monitor currently owned by a thread: None

Heap:
 PSYoungGen      total 138240K, used 108451K [0x00000000eab00000, 0x00000000f3700000, 0x0000000100000000)
  eden space 133120K, 77% used [0x00000000eab00000,0x00000000f0fef0e8,0x00000000f2d00000)
  from space 5120K, 99% used [0x00000000f3200000,0x00000000f36f9b98,0x00000000f3700000)
  to   space 5120K, 0% used [0x00000000f2d00000,0x00000000f2d00000,0x00000000f3200000)
 ParOldGen       total 87552K, used 24234K [0x00000000c0000000, 0x00000000c5580000, 0x00000000eab00000)
  object space 87552K, 27% used [0x00000000c0000000,0x00000000c17aaba8,0x00000000c5580000)
 Metaspace       used 6518K, capacity 7256K, committed 7424K, reserved 1056768K
  class space    used 624K, capacity 656K, committed 768K, reserved 1048576K

Card table byte_map: [0x0000000011930000,0x0000000011b40000] byte_map_base: 0x0000000011330000

Marking Bits: (ParMarkBitMap*) 0x0000000064eba5b0
 Begin Bits: [0x00000000121a0000, 0x00000000131a0000)
 End Bits:   [0x00000000131a0000, 0x00000000141a0000)

Polling page: 0x0000000000110000

CodeCache: size=245760Kb used=10998Kb max_used=11014Kb free=234761Kb
 bounds [0x0000000002570000, 0x0000000003040000, 0x0000000011570000]
 total_blobs=2502 nmethods=2232 adapters=182
 compilation: enabled

Compilation events (10 events):
Event: 19.172 Thread 0x0000000054d9e000 nmethod 2284 0x000000000302c110 code [0x000000000302c240, 0x000000000302c338]
Event: 19.468 Thread 0x0000000056652000 2285       3       com.android.dx.cf.attrib.BaseParameterAnnotations::byteLength (8 bytes)
Event: 19.468 Thread 0x0000000056652000 nmethod 2285 0x000000000302bdd0 code [0x000000000302bf20, 0x000000000302c070]
Event: 19.469 Thread 0x0000000056652000 2286   !   3       com.android.dx.cf.attrib.BaseParameterAnnotations::<init> (48 bytes)
Event: 19.469 Thread 0x0000000056652000 nmethod 2286 0x000000000302aa50 code [0x000000000302ac00, 0x000000000302b1e8]
Event: 19.469 Thread 0x0000000054d99800 2287   !   4       com.android.dx.cf.direct.StdAttributeFactory::parseLocalVariables (274 bytes)
Event: 19.506 Thread 0x0000000054d99800 nmethod 2287 0x0000000003035d90 code [0x0000000003035fa0, 0x0000000003037818]
Event: 19.899 Thread 0x0000000056652000 2288       1       com.android.dx.ssa.LiteralOpUpgrader$1::visitPhiInsn (1 bytes)
Event: 19.899 Thread 0x0000000056652000 nmethod 2288 0x000000000302bb10 code [0x000000000302bc60, 0x000000000302bd70]
Event: 19.900 Thread 0x0000000054d9e000 2289       4       com.android.dx.cf.code.ConcreteMethod::<init> (262 bytes)

GC Heap History (8 events):
Event: 0.668 GC heap before
{Heap before GC invocations=1 (full 0):
 PSYoungGen      total 38400K, used 33280K [0x00000000eab00000, 0x00000000ed580000, 0x0000000100000000)
  eden space 33280K, 100% used [0x00000000eab00000,0x00000000ecb80000,0x00000000ecb80000)
  from space 5120K, 0% used [0x00000000ed080000,0x00000000ed080000,0x00000000ed580000)
  to   space 5120K, 0% used [0x00000000ecb80000,0x00000000ecb80000,0x00000000ed080000)
 ParOldGen       total 87552K, used 0K [0x00000000c0000000, 0x00000000c5580000, 0x00000000eab00000)
  object space 87552K, 0% used [0x00000000c0000000,0x00000000c0000000,0x00000000c5580000)
 Metaspace       used 5796K, capacity 6768K, committed 7040K, reserved 1056768K
  class space    used 601K, capacity 616K, committed 640K, reserved 1048576K
Event: 0.886 GC heap after
Heap after GC invocations=1 (full 0):
 PSYoungGen      total 38400K, used 4374K [0x00000000eab00000, 0x00000000ef600000, 0x0000000100000000)
  eden space 33280K, 0% used [0x00000000eab00000,0x00000000eab00000,0x00000000ecb80000)
  from space 5120K, 85% used [0x00000000ecb80000,0x00000000ecfc5850,0x00000000ed080000)
  to   space 5120K, 0% used [0x00000000ef100000,0x00000000ef100000,0x00000000ef600000)
 ParOldGen       total 87552K, used 0K [0x00000000c0000000, 0x00000000c5580000, 0x00000000eab00000)
  object space 87552K, 0% used [0x00000000c0000000,0x00000000c0000000,0x00000000c5580000)
 Metaspace       used 5796K, capacity 6768K, committed 7040K, reserved 1056768K
  class space    used 601K, capacity 616K, committed 640K, reserved 1048576K
}
Event: 2.971 GC heap before
{Heap before GC invocations=2 (full 0):
 PSYoungGen      total 38400K, used 37654K [0x00000000eab00000, 0x00000000ef600000, 0x0000000100000000)
  eden space 33280K, 100% used [0x00000000eab00000,0x00000000ecb80000,0x00000000ecb80000)
  from space 5120K, 85% used [0x00000000ecb80000,0x00000000ecfc5850,0x00000000ed080000)
  to   space 5120K, 0% used [0x00000000ef100000,0x00000000ef100000,0x00000000ef600000)
 ParOldGen       total 87552K, used 0K [0x00000000c0000000, 0x00000000c5580000, 0x00000000eab00000)
  object space 87552K, 0% used [0x00000000c0000000,0x00000000c0000000,0x00000000c5580000)
 Metaspace       used 6149K, capacity 7024K, committed 7296K, reserved 1056768K
  class space    used 602K, capacity 616K, committed 640K, reserved 1048576K
Event: 3.174 GC heap after
Heap after GC invocations=2 (full 0):
 PSYoungGen      total 71680K, used 5098K [0x00000000eab00000, 0x00000000ef600000, 0x0000000100000000)
  eden space 66560K, 0% used [0x00000000eab00000,0x00000000eab00000,0x00000000eec00000)
  from space 5120K, 99% used [0x00000000ef100000,0x00000000ef5faab8,0x00000000ef600000)
  to   space 5120K, 0% used [0x00000000eec00000,0x00000000eec00000,0x00000000ef100000)
 ParOldGen       total 87552K, used 3096K [0x00000000c0000000, 0x00000000c5580000, 0x00000000eab00000)
  object space 87552K, 3% used [0x00000000c0000000,0x00000000c0306310,0x00000000c5580000)
 Metaspace       used 6149K, capacity 7024K, committed 7296K, reserved 1056768K
  class space    used 602K, capacity 616K, committed 640K, reserved 1048576K
}
Event: 4.193 GC heap before
{Heap before GC invocations=3 (full 0):
 PSYoungGen      total 71680K, used 71658K [0x00000000eab00000, 0x00000000ef600000, 0x0000000100000000)
  eden space 66560K, 100% used [0x00000000eab00000,0x00000000eec00000,0x00000000eec00000)
  from space 5120K, 99% used [0x00000000ef100000,0x00000000ef5faab8,0x00000000ef600000)
  to   space 5120K, 0% used [0x00000000eec00000,0x00000000eec00000,0x00000000ef100000)
 ParOldGen       total 87552K, used 3096K [0x00000000c0000000, 0x00000000c5580000, 0x00000000eab00000)
  object space 87552K, 3% used [0x00000000c0000000,0x00000000c0306310,0x00000000c5580000)
 Metaspace       used 6388K, capacity 7192K, committed 7424K, reserved 1056768K
  class space    used 623K, capacity 656K, committed 768K, reserved 1048576K
Event: 4.216 GC heap after
Heap after GC invocations=3 (full 0):
 PSYoungGen      total 71680K, used 5094K [0x00000000eab00000, 0x00000000f3700000, 0x0000000100000000)
  eden space 66560K, 0% used [0x00000000eab00000,0x00000000eab00000,0x00000000eec00000)
  from space 5120K, 99% used [0x00000000eec00000,0x00000000ef0f9b98,0x00000000ef100000)
  to   space 5120K, 0% used [0x00000000f3200000,0x00000000f3200000,0x00000000f3700000)
 ParOldGen       total 87552K, used 13692K [0x00000000c0000000, 0x00000000c5580000, 0x00000000eab00000)
  object space 87552K, 15% used [0x00000000c0000000,0x00000000c0d5f1c0,0x00000000c5580000)
 Metaspace       used 6388K, capacity 7192K, committed 7424K, reserved 1056768K
  class space    used 623K, capacity 656K, committed 768K, reserved 1048576K
}
Event: 12.003 GC heap before
{Heap before GC invocations=4 (full 0):
 PSYoungGen      total 71680K, used 71654K [0x00000000eab00000, 0x00000000f3700000, 0x0000000100000000)
  eden space 66560K, 100% used [0x00000000eab00000,0x00000000eec00000,0x00000000eec00000)
  from space 5120K, 99% used [0x00000000eec00000,0x00000000ef0f9b98,0x00000000ef100000)
  to   space 5120K, 0% used [0x00000000f3200000,0x00000000f3200000,0x00000000f3700000)
 ParOldGen       total 87552K, used 13692K [0x00000000c0000000, 0x00000000c5580000, 0x00000000eab00000)
  object space 87552K, 15% used [0x00000000c0000000,0x00000000c0d5f1c0,0x00000000c5580000)
 Metaspace       used 6476K, capacity 7192K, committed 7424K, reserved 1056768K
  class space    used 624K, capacity 656K, committed 768K, reserved 1048576K
Event: 12.374 GC heap after
Heap after GC invocations=4 (full 0):
 PSYoungGen      total 138240K, used 5094K [0x00000000eab00000, 0x00000000f3700000, 0x0000000100000000)
  eden space 133120K, 0% used [0x00000000eab00000,0x00000000eab00000,0x00000000f2d00000)
  from space 5120K, 99% used [0x00000000f3200000,0x00000000f36f9b98,0x00000000f3700000)
  to   space 5120K, 0% used [0x00000000f2d00000,0x00000000f2d00000,0x00000000f3200000)
 ParOldGen       total 87552K, used 24234K [0x00000000c0000000, 0x00000000c5580000, 0x00000000eab00000)
  object space 87552K, 27% used [0x00000000c0000000,0x00000000c17aaba8,0x00000000c5580000)
 Metaspace       used 6476K, capacity 7192K, committed 7424K, reserved 1056768K
  class space    used 624K, capacity 656K, committed 768K, reserved 1048576K
}

Deoptimization events (10 events):
Event: 11.557 Thread 0x0000000056ddc800 Uncommon trap: reason=bimorphic action=maybe_recompile pc=0x0000000002eb5a04 method=com.android.dx.cf.code.BytecodeArray.parseInstruction(ILcom/android/dx/cf/code/BytecodeArray$Visitor;)I @ 2135
Event: 11.996 Thread 0x00000000569b1000 Uncommon trap: reason=bimorphic action=maybe_recompile pc=0x0000000002f469ec method=com.android.dx.cf.code.BytecodeArray.parseInstruction(ILcom/android/dx/cf/code/BytecodeArray$Visitor;)I @ 1501
Event: 11.996 Thread 0x00000000569b1000 Uncommon trap: reason=bimorphic action=maybe_recompile pc=0x0000000002f469ec method=com.android.dx.cf.code.BytecodeArray.parseInstruction(ILcom/android/dx/cf/code/BytecodeArray$Visitor;)I @ 1501
Event: 13.497 Thread 0x00000000569b1000 Uncommon trap: reason=class_check action=maybe_recompile pc=0x0000000002f2e960 method=com.android.dx.cf.code.OneLocalsArray.set(ILcom/android/dx/rop/type/TypeBearer;)V @ 85
Event: 14.380 Thread 0x0000000056d91000 Uncommon trap: reason=class_check action=maybe_recompile pc=0x0000000002d46d5c method=com.android.dx.cf.code.Ropper.processBlock(Lcom/android/dx/cf/code/ByteBlock;Lcom/android/dx/cf/code/Frame;[I)V @ 777
Event: 14.818 Thread 0x0000000056d91000 Uncommon trap: reason=unstable_if action=reinterpret pc=0x0000000002f71444 method=java.util.HashMap.putVal(ILjava/lang/Object;Ljava/lang/Object;ZZ)Ljava/lang/Object; @ 109
Event: 14.841 Thread 0x00000000569b2800 Uncommon trap: reason=unstable_if action=reinterpret pc=0x0000000002f7e458 method=java.util.HashMap.putVal(ILjava/lang/Object;Ljava/lang/Object;ZZ)Ljava/lang/Object; @ 109
Event: 15.089 Thread 0x0000000056ddc800 Uncommon trap: reason=class_check action=maybe_recompile pc=0x0000000002e73018 method=com.android.dx.ssa.SCCP.replaceConstants()V @ 127
Event: 16.676 Thread 0x0000000001f2e000 Uncommon trap: reason=unstable_if action=reinterpret pc=0x0000000002d8ddcc method=com.android.dx.cf.direct.StdAttributeFactory.parse0(Lcom/android/dx/cf/direct/DirectClassFile;ILjava/lang/String;IILcom/android/dx/cf/iface/ParseObserver;)Lcom/android/dx/cf/.Ù=“Ü0@
Event: 16.862 Thread 0x00000000569b1000 Uncommon trap: reason=unstable_if action=reinterpret pc=0x0000000002db1b7c method=com.android.dx.dex.file.DexFile.internIfAppropriate(Lcom/android/dx/rop/cst/Constant;)V @ 92

Internal exceptions (6 events):
Event: 0.039 Thread 0x0000000001f2e000 Exception <a 'java/lang/NoSuchMethodError': Method sun.misc.Unsafe.defineClass(Ljava/lang/String;[BII)Ljava/lang/Class; name or signature does not match> (0x00000000eab0d890) thrown at [C:\re\workspace\8-2-build-windows-amd64-cygwin\jdk8u60\4407\hotspot\srŠ—z-¤?
Event: 0.039 Thread 0x0000000001f2e000 Exception <a 'java/lang/NoSuchMethodError': Method sun.misc.Unsafe.prefetchRead(Ljava/lang/Object;J)V name or signature does not match> (0x00000000eab0db78) thrown at [C:\re\workspace\8-2-build-windows-amd64-cygwin\jdk8u60\4407\hotspot\src\share\vm\prims\jßÏŠôE@
Event: 4.068 Thread 0x0000000056d91000 Implicit null exception at 0x0000000002c203ca to 0x0000000002c204bf
Event: 4.126 Thread 0x0000000001f2e000 Exception <a 'java/lang/ArrayIndexOutOfBoundsException': 18> (0x00000000edd108f8) thrown at [C:\re\workspace\8-2-build-windows-amd64-cygwin\jdk8u60\4407\hotspot\src\share\vm\interpreter\interpreterRuntime.cpp, line 366]
Event: 4.126 Thread 0x0000000001f2e000 Exception <a 'java/lang/ArrayIndexOutOfBoundsException'> (0x00000000edd12478) thrown at [C:\re\workspace\8-2-build-windows-amd64-cygwin\jdk8u60\4407\hotspot\src\share\vm\runtime\sharedRuntime.cpp, line 605]
Event: 4.127 Thread 0x0000000001f2e000 Exception <a 'java/lang/ArrayIndexOutOfBoundsException'> (0x00000000edd13760) thrown at [C:\re\workspace\8-2-build-windows-amd64-cygwin\jdk8u60\4407\hotspot\src\share\vm\runtime\sharedRuntime.cpp, line 605]

Events (10 events):
Event: 14.841 Thread 0x00000000569b2800 DEOPT UNPACKING pc=0x00000000025b582a sp=0x0000000057ace970 mode 2
Event: 15.089 Thread 0x0000000056ddc800 Uncommon trap: trap_request=0xffffffde fr.pc=0x0000000002e73018
Event: 15.089 Thread 0x0000000056ddc800 DEOPT PACKING pc=0x0000000002e73018 sp=0x0000000057f0ebe0
Event: 15.089 Thread 0x0000000056ddc800 DEOPT UNPACKING pc=0x00000000025b582a sp=0x0000000057f0eb80 mode 2
Event: 16.676 Thread 0x0000000001f2e000 Uncommon trap: trap_request=0xffffff65 fr.pc=0x0000000002d8ddcc
Event: 16.676 Thread 0x0000000001f2e000 DEOPT PACKING pc=0x0000000002d8ddcc sp=0x000000000229e9b0
Event: 16.676 Thread 0x0000000001f2e000 DEOPT UNPACKING pc=0x00000000025b582a sp=0x000000000229e9a8 mode 2
Event: 16.862 Thread 0x00000000569b1000 Uncommon trap: trap_request=0xffffff65 fr.pc=0x0000000002db1b7c
Event: 16.862 Thread 0x00000000569b1000 DEOPT PACKING pc=0x0000000002db1b7c sp=0x000000005773eec0
Event: 16.862 Thread 0x00000000569b1000 DEOPT UNPACKING pc=0x00000000025b582a sp=0x000000005773eea0 mode 2


Dynamic libraries:
0x000000013f110000 - 0x000000013f147000 	C:\Program Files\Java\jdk1.8.0_60\bin\java.exe
0x0000000077930000 - 0x0000000077ada000 	C:\Windows\SYSTEM32\ntdll.dll
0x0000000077810000 - 0x000000007792f000 	C:\Windows\system32\kernel32.dll
0x000007fefd8d0000 - 0x000007fefd93a000 	C:\Windows\system32\KERNELBASE.dll
0x000007fefdda0000 - 0x000007fefde7b000 	C:\Windows\system32\ADVAPI32.dll
0x000007fefdd00000 - 0x000007fefdd9f000 	C:\Windows\system32\msvcrt.dll
0x000007fefdfb0000 - 0x000007fefdfcf000 	C:\Windows\SYSTEM32\sechost.dll
0x000007feff600000 - 0x000007feff72d000 	C:\Windows\system32\RPCRT4.dll
0x0000000077710000 - 0x000000007780a000 	C:\Windows\system32\USER32.dll
0x000007fefdea0000 - 0x000007fefdf07000 	C:\Windows\system32\GDI32.dll
0x000007fefda20000 - 0x000007fefda2e000 	C:\Windows\system32\LPK.dll
0x000007fefe130000 - 0x000007fefe1fa000 	C:\Windows\system32\USP10.dll
0x000007fefbf40000 - 0x000007fefc134000 	C:\Windows\WinSxS\amd64_microsoft.windows.common-controls_6595b64144ccf1df_6.0.7601.18837_none_fa3b1e3d17594757\COMCTL32.dll
0x000007fefe0b0000 - 0x000007fefe121000 	C:\Windows\system32\SHLWAPI.dll
0x000007feffa60000 - 0x000007feffa8e000 	C:\Windows\system32\IMM32.DLL
0x000007feffb30000 - 0x000007feffc39000 	C:\Windows\system32\MSCTF.dll
0x0000000064f40000 - 0x0000000065012000 	C:\Program Files\Java\jdk1.8.0_60\jre\bin\msvcr100.dll
0x00000000646b0000 - 0x0000000064f39000 	C:\Program Files\Java\jdk1.8.0_60\jre\bin\server\jvm.dll
0x000007fef4e60000 - 0x000007fef4e69000 	C:\Windows\system32\WSOCK32.dll
0x000007feff730000 - 0x000007feff77d000 	C:\Windows\system32\WS2_32.dll
0x000007fefe570000 - 0x000007fefe578000 	C:\Windows\system32\NSI.dll
0x000007fef8b80000 - 0x000007fef8bbb000 	C:\Windows\system32\WINMM.dll
0x000007fefc750000 - 0x000007fefc75c000 	C:\Windows\system32\VERSION.dll
0x0000000077af0000 - 0x0000000077af7000 	C:\Windows\system32\PSAPI.DLL
0x0000000069f00000 - 0x0000000069f0f000 	C:\Program Files\Java\jdk1.8.0_60\jre\bin\verify.dll
0x0000000069ed0000 - 0x0000000069ef9000 	C:\Program Files\Java\jdk1.8.0_60\jre\bin\java.dll
0x0000000069eb0000 - 0x0000000069ec6000 	C:\Program Files\Java\jdk1.8.0_60\jre\bin\zip.dll
0x000007fefe660000 - 0x000007feff3ea000 	C:\Windows\system32\SHELL32.dll
0x000007feff3f0000 - 0x000007feff5f3000 	C:\Windows\system32\ole32.dll
0x000007fefd670000 - 0x000007fefd67f000 	C:\Windows\system32\profapi.dll

VM Arguments:
jvm_args: -Djava.awt.headless=true -Xmx1024M -Dfile.encoding=windows-1252 -Duser.country=US -Duser.language=en -Duser.variant 
java_command: com.android.dx.command.Main --dex --force-jumbo --num-threads=4 --multi-dex --output C:\Users\Vuksa2103\Documents\coinomi-android\wallet\build\intermediates\transforms\dex\debug\folders\1000\10\guava-16.0.1_221624fe1d9ac3ff701c42b4b61fcc9957e1a222 C:\Users\Vuksa2103\.gradle\caches\modules-2\files-2.1\com.google.guava\guava\16.0.1\5fa98cd1a63c99a44dd8d3b77e4762b066a5d0c5\guava-16.0.1.jar
java_class_path (initial): C:\Users\Vuksa2103\AppData\Local\Android\sdk\tool\build-tools\23.0.3\lib\dx.jar
Launcher Type: SUN_STANDARD

Environment Variables:
PATH=C:\Program Files (x86)\Mozilla Firefox;C:\ProgramData\Oracle\Java\javapath;C:\Program Files (x86)\Intel\iCLS Client\;C:\Program Files\Intel\iCLS Client\;C:\Windows\system32;C:\Windows;C:\Windows\System32\Wbem;C:\Windows\System32\WindowsPowerShell\v1.0\;C:\Program Files (x86)\AMD\ATI.ACE\Core-Static;C:\Program Files\Intel\Intel(R) Management Engine Components\DAL;C:\Program Files\Intel\Intel(R) Management Engine Components\IPT;C:\Program Files (x86)\Intel\Intel(R) Management Engine Components\DAL;C:\Program Files (x86)\Intel\Intel(R) Management Engine Components\IPT;C:\Program Files\nodejs\;C:\Users\Vuksa2103\AppData\Roaming\npm;C:\adb;C:\gradle-2.2.1\bin;C:\Users\Vuksa2103\AppData\Roaming\npm
USERNAME=Vuksa2103
OS=Windows_NT
PROCESSOR_IDENTIFIER=Intel64 Family 6 Model 42 Stepping 7, GenuineIntel



---------------  S Y S T E M  ---------------

OS: Windows 7 , 64 bit Build 7601 (6.1.7601.23543)

CPU:total 4 (4 cores per cpu, 1 threads per core) family 6 model 42 stepping 7, cmov, cx8, fxsr, mmx, sse, sse2, sse3, ssse3, sse4.1, sse4.2, popcnt, avx, aes, clmul, tsc, tscinvbit

Memory: 4k page, physical 8351496k(1990588k free), swap 9398212k(5516k free)

vm_info: Java HotSpot(TM) 64-Bit Server VM (25.60-b23) for windows-amd64 JRE (1.8.0_60-b27), built on Aug  4 2015 11:06:27 by "java_re" with MS VC++ 10.0 (VS2010)

time: Sat Oct 29 19:35:58 2016
elapsed time: 19 seconds (0d 0h 0m 19s)

