#
# There is insufficient memory for the Java Runtime Environment to continue.
# Native memory allocation (malloc) failed to allocate 358864 bytes for Chunk::new
# Possible reasons:
#   The system is out of physical RAM or swap space
#   In 32 bit mode, the process size limit was hit
# Possible solutions:
#   Reduce memory load on the system
#   Increase physical memory or swap space
#   Check if swap backing store is full
#   Use 64 bit Java on a 64 bit OS
#   Decrease Java heap size (-Xmx/-Xms)
#   Decrease number of Java threads
#   Decrease Java thread stack sizes (-Xss)
#   Set larger code cache with -XX:ReservedCodeCacheSize=
# This output file may be truncated or incomplete.
#
#  Out of Memory Error (allocation.cpp:390), pid=6484, tid=5172
#
# JRE version: Java(TM) SE Runtime Environment (8.0_60-b27) (build 1.8.0_60-b27)
# Java VM: Java HotSpot(TM) 64-Bit Server VM (25.60-b23 mixed mode windows-amd64 compressed oops)
# Failed to write core dump. Minidumps are not enabled by default on client versions of Windows
#

---------------  T H R E A D  ---------------

Current thread (0x0000000054c76800):  JavaThread "C2 CompilerThread0" daemon [_thread_in_native, id=5172, stack(0x0000000056440000,0x0000000056540000)]

Stack: [0x0000000056440000,0x0000000056540000]
[error occurred during error reporting (printing stack bounds), id 0xc0000005]

Native frames: (J=compiled Java code, j=interpreted, Vv=VM code, C=native code)


Current CompileTask:
C2:   4255 2165   !   4       com.android.dx.cf.code.BytecodeArray::parseInstruction (2764 bytes)


---------------  P R O C E S S  ---------------

Java Threads: ( => current thread )
  0x000000005693e800 JavaThread "pool-2-thread-4" [_thread_blocked, id=9684, stack(0x00000000578b0000,0x00000000579b0000)]
  0x0000000056838800 JavaThread "pool-2-thread-3" [_thread_in_Java, id=6124, stack(0x0000000057d70000,0x0000000057e70000)]
  0x0000000056835800 JavaThread "pool-2-thread-2" [_thread_in_Java, id=6212, stack(0x0000000057b70000,0x0000000057c70000)]
  0x000000005686a800 JavaThread "pool-3-thread-1" [_thread_blocked, id=9856, stack(0x0000000057a20000,0x0000000057b20000)]
  0x00000000567c9000 JavaThread "pool-2-thread-1" [_thread_blocked, id=11148, stack(0x00000000577b0000,0x00000000578b0000)]
  0x000000005659c800 JavaThread "Service Thread" daemon [_thread_blocked, id=7552, stack(0x0000000056c00000,0x0000000056d00000)]
  0x0000000056593800 JavaThread "C1 CompilerThread2" daemon [_thread_blocked, id=6200, stack(0x0000000056950000,0x0000000056a50000)]
  0x000000005658b000 JavaThread "C2 CompilerThread1" daemon [_thread_in_native, id=6532, stack(0x0000000056ac0000,0x0000000056bc0000)]
=>0x0000000054c76800 JavaThread "C2 CompilerThread0" daemon [_thread_in_native, id=5172, stack(0x0000000056440000,0x0000000056540000)]
  0x0000000054c75800 JavaThread "Attach Listener" daemon [_thread_blocked, id=9636, stack(0x0000000055fb0000,0x00000000560b0000)]
  0x0000000054c72000 JavaThread "Signal Dispatcher" daemon [_thread_blocked, id=8332, stack(0x00000000562c0000,0x00000000563c0000)]
  0x0000000054c17000 JavaThread "Finalizer" daemon [_thread_blocked, id=5880, stack(0x00000000560d0000,0x00000000561d0000)]
  0x0000000054c10000 JavaThread "Reference Handler" daemon [_thread_blocked, id=6656, stack(0x0000000055e10000,0x0000000055f10000)]
  0x0000000001fce000 JavaThread "main" [_thread_blocked, id=6160, stack(0x0000000002070000,0x0000000002170000)]

Other Threads:
  0x0000000054c0a800 VMThread [stack: 0x0000000055c10000,0x0000000055d10000] [id=6256]
  0x00000000565b1000 WatcherThread [stack: 0x0000000056d60000,0x0000000056e60000] [id=10724]

VM state:not at safepoint (normal execution)

VM Mutex/Monitor currently owned by a thread: None

Heap:
 PSYoungGen      total 138240K, used 16990K [0x00000000eab00000, 0x00000000fe900000, 0x0000000100000000)
  eden space 133120K, 8% used [0x00000000eab00000,0x00000000eb699078,0x00000000f2d00000)
  from space 5120K, 99% used [0x00000000f2d00000,0x00000000f31feb08,0x00000000f3200000)
  to   space 29696K, 0% used [0x00000000fcc00000,0x00000000fcc00000,0x00000000fe900000)
 ParOldGen       total 87552K, used 45418K [0x00000000c0000000, 0x00000000c5580000, 0x00000000eab00000)
  object space 87552K, 51% used [0x00000000c0000000,0x00000000c2c5a998,0x00000000c5580000)
 Metaspace       used 6481K, capacity 7256K, committed 7424K, reserved 1056768K
  class space    used 623K, capacity 656K, committed 768K, reserved 1048576K

Card table byte_map: [0x0000000011800000,0x0000000011a10000] byte_map_base: 0x0000000011200000

Marking Bits: (ParMarkBitMap*) 0x0000000064eba5b0
 Begin Bits: [0x0000000012080000, 0x0000000013080000)
 End Bits:   [0x0000000013080000, 0x0000000014080000)

Polling page: 0x0000000000210000

CodeCache: size=245760Kb used=8651Kb max_used=8671Kb free=237108Kb
 bounds [0x0000000002440000, 0x0000000002cc0000, 0x0000000011440000]
 total_blobs=2297 nmethods=2027 adapters=182
 compilation: enabled

Compilation events (10 events):
Event: 4.103 Thread 0x0000000056593800 2170       2       com.android.dx.ssa.back.FirstFitLocalCombiningAllocator$1::processInsn (169 bytes)
Event: 4.104 Thread 0x0000000056593800 nmethod 2170 0x0000000002cb0050 code [0x0000000002cb02c0, 0x0000000002cb0d48]
Event: 4.105 Thread 0x0000000056593800 2171       2       java.util.DualPivotQuicksort::sort (614 bytes)
Event: 4.106 Thread 0x0000000056593800 nmethod 2171 0x0000000002cb1950 code [0x0000000002cb1ba0, 0x0000000002cb28f8]
Event: 4.107 Thread 0x0000000054c76800 nmethod 2077 0x0000000002cb3cd0 code [0x0000000002cb4140, 0x0000000002cb8348]
Event: 4.107 Thread 0x0000000054c76800 2165   !   4       com.android.dx.cf.code.BytecodeArray::parseInstruction (2764 bytes)
Event: 4.115 Thread 0x0000000056593800 2172       1       com.android.dx.rop.cst.CstLiteral64::isCategory2 (2 bytes)
Event: 4.115 Thread 0x0000000056593800 nmethod 2172 0x0000000002c86310 code [0x0000000002c86460, 0x0000000002c86570]
Event: 4.118 Thread 0x0000000056593800 2173       2       com.android.dx.ssa.SsaConverter::edgeSplitMoveExceptionsAndResults (157 bytes)
Event: 4.120 Thread 0x0000000056593800 nmethod 2173 0x0000000002cae610 code [0x0000000002cae8a0, 0x0000000002caf188]

GC Heap History (10 events):
Event: 0.763 GC heap before
{Heap before GC invocations=1 (full 0):
 PSYoungGen      total 38400K, used 33280K [0x00000000eab00000, 0x00000000ed580000, 0x0000000100000000)
  eden space 33280K, 100% used [0x00000000eab00000,0x00000000ecb80000,0x00000000ecb80000)
  from space 5120K, 0% used [0x00000000ed080000,0x00000000ed080000,0x00000000ed580000)
  to   space 5120K, 0% used [0x00000000ecb80000,0x00000000ecb80000,0x00000000ed080000)
 ParOldGen       total 87552K, used 0K [0x00000000c0000000, 0x00000000c5580000, 0x00000000eab00000)
  object space 87552K, 0% used [0x00000000c0000000,0x00000000c0000000,0x00000000c5580000)
 Metaspace       used 5706K, capacity 6704K, committed 6784K, reserved 1056768K
  class space    used 601K, capacity 616K, committed 640K, reserved 1048576K
Event: 0.961 GC heap after
Heap after GC invocations=1 (full 0):
 PSYoungGen      total 38400K, used 4281K [0x00000000eab00000, 0x00000000ef600000, 0x0000000100000000)
  eden space 33280K, 0% used [0x00000000eab00000,0x00000000eab00000,0x00000000ecb80000)
  from space 5120K, 83% used [0x00000000ecb80000,0x00000000ecfae7a0,0x00000000ed080000)
  to   space 5120K, 0% used [0x00000000ef100000,0x00000000ef100000,0x00000000ef600000)
 ParOldGen       total 87552K, used 0K [0x00000000c0000000, 0x00000000c5580000, 0x00000000eab00000)
  object space 87552K, 0% used [0x00000000c0000000,0x00000000c0000000,0x00000000c5580000)
 Metaspace       used 5706K, capacity 6704K, committed 6784K, reserved 1056768K
  class space    used 601K, capacity 616K, committed 640K, reserved 1048576K
}
Event: 1.437 GC heap before
{Heap before GC invocations=2 (full 0):
 PSYoungGen      total 38400K, used 37561K [0x00000000eab00000, 0x00000000ef600000, 0x0000000100000000)
  eden space 33280K, 100% used [0x00000000eab00000,0x00000000ecb80000,0x00000000ecb80000)
  from space 5120K, 83% used [0x00000000ecb80000,0x00000000ecfae7a0,0x00000000ed080000)
  to   space 5120K, 0% used [0x00000000ef100000,0x00000000ef100000,0x00000000ef600000)
 ParOldGen       total 87552K, used 0K [0x00000000c0000000, 0x00000000c5580000, 0x00000000eab00000)
  object space 87552K, 0% used [0x00000000c0000000,0x00000000c0000000,0x00000000c5580000)
 Metaspace       used 6154K, capacity 7088K, committed 7296K, reserved 1056768K
  class space    used 602K, capacity 616K, committed 640K, reserved 1048576K
Event: 1.445 GC heap after
Heap after GC invocations=2 (full 0):
 PSYoungGen      total 71680K, used 5095K [0x00000000eab00000, 0x00000000ef600000, 0x0000000100000000)
  eden space 66560K, 0% used [0x00000000eab00000,0x00000000eab00000,0x00000000eec00000)
  from space 5120K, 99% used [0x00000000ef100000,0x00000000ef5f9c60,0x00000000ef600000)
  to   space 5120K, 0% used [0x00000000eec00000,0x00000000eec00000,0x00000000ef100000)
 ParOldGen       total 87552K, used 3039K [0x00000000c0000000, 0x00000000c5580000, 0x00000000eab00000)
  object space 87552K, 3% used [0x00000000c0000000,0x00000000c02f7f50,0x00000000c5580000)
 Metaspace       used 6154K, capacity 7088K, committed 7296K, reserved 1056768K
  class space    used 602K, capacity 616K, committed 640K, reserved 1048576K
}
Event: 1.829 GC heap before
{Heap before GC invocations=3 (full 0):
 PSYoungGen      total 71680K, used 71655K [0x00000000eab00000, 0x00000000ef600000, 0x0000000100000000)
  eden space 66560K, 100% used [0x00000000eab00000,0x00000000eec00000,0x00000000eec00000)
  from space 5120K, 99% used [0x00000000ef100000,0x00000000ef5f9c60,0x00000000ef600000)
  to   space 5120K, 0% used [0x00000000eec00000,0x00000000eec00000,0x00000000ef100000)
 ParOldGen       total 87552K, used 3039K [0x00000000c0000000, 0x00000000c5580000, 0x00000000eab00000)
  object space 87552K, 3% used [0x00000000c0000000,0x00000000c02f7f50,0x00000000c5580000)
 Metaspace       used 6346K, capacity 7192K, committed 7424K, reserved 1056768K
  class space    used 623K, capacity 656K, committed 768K, reserved 1048576K
Event: 1.866 GC heap after
Heap after GC invocations=3 (full 0):
 PSYoungGen      total 71680K, used 5095K [0x00000000eab00000, 0x00000000f3700000, 0x0000000100000000)
  eden space 66560K, 0% used [0x00000000eab00000,0x00000000eab00000,0x00000000eec00000)
  from space 5120K, 99% used [0x00000000eec00000,0x00000000ef0f9d88,0x00000000ef100000)
  to   space 5120K, 0% used [0x00000000f3200000,0x00000000f3200000,0x00000000f3700000)
 ParOldGen       total 87552K, used 13557K [0x00000000c0000000, 0x00000000c5580000, 0x00000000eab00000)
  object space 87552K, 15% used [0x00000000c0000000,0x00000000c0d3d7c0,0x00000000c5580000)
 Metaspace       used 6346K, capacity 7192K, committed 7424K, reserved 1056768K
  class space    used 623K, capacity 656K, committed 768K, reserved 1048576K
}
Event: 2.124 GC heap before
{Heap before GC invocations=4 (full 0):
 PSYoungGen      total 71680K, used 71655K [0x00000000eab00000, 0x00000000f3700000, 0x0000000100000000)
  eden space 66560K, 100% used [0x00000000eab00000,0x00000000eec00000,0x00000000eec00000)
  from space 5120K, 99% used [0x00000000eec00000,0x00000000ef0f9d88,0x00000000ef100000)
  to   space 5120K, 0% used [0x00000000f3200000,0x00000000f3200000,0x00000000f3700000)
 ParOldGen       total 87552K, used 13557K [0x00000000c0000000, 0x00000000c5580000, 0x00000000eab00000)
  object space 87552K, 15% used [0x00000000c0000000,0x00000000c0d3d7c0,0x00000000c5580000)
 Metaspace       used 6411K, capacity 7192K, committed 7424K, reserved 1056768K
  class space    used 623K, capacity 656K, committed 768K, reserved 1048576K
Event: 2.173 GC heap after
Heap after GC invocations=4 (full 0):
 PSYoungGen      total 138240K, used 5111K [0x00000000eab00000, 0x00000000f3700000, 0x0000000100000000)
  eden space 133120K, 0% used [0x00000000eab00000,0x00000000eab00000,0x00000000f2d00000)
  from space 5120K, 99% used [0x00000000f3200000,0x00000000f36fdd98,0x00000000f3700000)
  to   space 5120K, 0% used [0x00000000f2d00000,0x00000000f2d00000,0x00000000f3200000)
 ParOldGen       total 87552K, used 23673K [0x00000000c0000000, 0x00000000c5580000, 0x00000000eab00000)
  object space 87552K, 27% used [0x00000000c0000000,0x00000000c171e7e0,0x00000000c5580000)
 Metaspace       used 6411K, capacity 7192K, committed 7424K, reserved 1056768K
  class space    used 623K, capacity 656K, committed 768K, reserved 1048576K
}
Event: 4.131 GC heap before
{Heap before GC invocations=5 (full 0):
 PSYoungGen      total 138240K, used 138231K [0x00000000eab00000, 0x00000000f3700000, 0x0000000100000000)
  eden space 133120K, 100% used [0x00000000eab00000,0x00000000f2d00000,0x00000000f2d00000)
  from space 5120K, 99% used [0x00000000f3200000,0x00000000f36fdd98,0x00000000f3700000)
  to   space 5120K, 0% used [0x00000000f2d00000,0x00000000f2d00000,0x00000000f3200000)
 ParOldGen       total 87552K, used 23673K [0x00000000c0000000, 0x00000000c5580000, 0x00000000eab00000)
  object space 87552K, 27% used [0x00000000c0000000,0x00000000c171e7e0,0x00000000c5580000)
 Metaspace       used 6481K, capacity 7256K, committed 7424K, reserved 1056768K
  class space    used 623K, capacity 656K, committed 768K, reserved 1048576K
Event: 4.166 GC heap after
Heap after GC invocations=5 (full 0):
 PSYoungGen      total 138240K, used 5114K [0x00000000eab00000, 0x00000000fe900000, 0x0000000100000000)
  eden space 133120K, 0% used [0x00000000eab00000,0x00000000eab00000,0x00000000f2d00000)
  from space 5120K, 99% used [0x00000000f2d00000,0x00000000f31feb08,0x00000000f3200000)
  to   space 29696K, 0% used [0x00000000fcc00000,0x00000000fcc00000,0x00000000fe900000)
 ParOldGen       total 87552K, used 45418K [0x00000000c0000000, 0x00000000c5580000, 0x00000000eab00000)
  object space 87552K, 51% used [0x00000000c0000000,0x00000000c2c5a998,0x00000000c5580000)
 Metaspace       used 6481K, capacity 7256K, committed 7424K, reserved 1056768K
  class space    used 623K, capacity 656K, committed 768K, reserved 1048576K
}

Deoptimization events (10 events):
Event: 2.061 Thread 0x0000000001fce000 Uncommon trap: reason=unstable_if action=reinterpret pc=0x0000000002a7854c method=java.util.HashMap.putVal(ILjava/lang/Object;Ljava/lang/Object;ZZ)Ljava/lang/Object; @ 162
Event: 2.095 Thread 0x00000000567c9000 Uncommon trap: reason=bimorphic action=maybe_recompile pc=0x0000000002afb4cc method=com.android.dx.cf.code.BytecodeArray.parseInstruction(ILcom/android/dx/cf/code/BytecodeArray$Visitor;)I @ 1597
Event: 2.095 Thread 0x00000000567c9000 Uncommon trap: reason=class_check action=maybe_recompile pc=0x0000000002afc83c method=com.android.dx.cf.code.BytecodeArray.parseInstruction(ILcom/android/dx/cf/code/BytecodeArray$Visitor;)I @ 2002
Event: 2.095 Thread 0x00000000567c9000 Uncommon trap: reason=class_check action=maybe_recompile pc=0x0000000002afc83c method=com.android.dx.cf.code.BytecodeArray.parseInstruction(ILcom/android/dx/cf/code/BytecodeArray$Visitor;)I @ 2002
Event: 3.215 Thread 0x0000000056835800 Uncommon trap: reason=unstable_if action=reinterpret pc=0x0000000002bb8658 method=java.util.HashMap.putVal(ILjava/lang/Object;Ljava/lang/Object;ZZ)Ljava/lang/Object; @ 109
Event: 3.928 Thread 0x00000000567c9000 Uncommon trap: reason=unstable_if action=reinterpret pc=0x0000000002bed4cc method=com.android.dx.dex.file.DexFile.internIfAppropriate(Lcom/android/dx/rop/cst/Constant;)V @ 92
Event: 3.946 Thread 0x000000005693e800 Uncommon trap: reason=unstable_if action=reinterpret pc=0x0000000002c1b824 method=java.util.HashMap.resize()[Ljava/util/HashMap$Node; @ 206
Event: 4.058 Thread 0x00000000567c9000 Uncommon trap: reason=bimorphic action=maybe_recompile pc=0x0000000002bc9378 method=com.android.dx.cf.code.BytecodeArray.parseInstruction(ILcom/android/dx/cf/code/BytecodeArray$Visitor;)I @ 1501
Event: 4.058 Thread 0x00000000567c9000 Uncommon trap: reason=bimorphic action=maybe_recompile pc=0x0000000002bc9378 method=com.android.dx.cf.code.BytecodeArray.parseInstruction(ILcom/android/dx/cf/code/BytecodeArray$Visitor;)I @ 1501
Event: 4.102 Thread 0x0000000056835800 Uncommon trap: reason=unstable_if action=reinterpret pc=0x0000000002a4883c method=com.android.dx.rop.code.LocalItem.compareHandlesNulls(Lcom/android/dx/rop/cst/CstString;Lcom/android/dx/rop/cst/CstString;)I @ 14

Internal exceptions (7 events):
Event: 0.037 Thread 0x0000000001fce000 Exception <a 'java/lang/NoSuchMethodError': Method sun.misc.Unsafe.defineClass(Ljava/lang/String;[BII)Ljava/lang/Class; name or signature does not match> (0x00000000eab0d710) thrown at [C:\re\workspace\8-2-build-windows-amd64-cygwin\jdk8u60\4407\hotspot\srô…Ey £?
Event: 0.037 Thread 0x0000000001fce000 Exception <a 'java/lang/NoSuchMethodError': Method sun.misc.Unsafe.prefetchRead(Ljava/lang/Object;J)V name or signature does not match> (0x00000000eab0d9f8) thrown at [C:\re\workspace\8-2-build-windows-amd64-cygwin\jdk8u60\4407\hotspot\src\share\vm\prims\jŒ“ ´p^æ?
Event: 0.699 Thread 0x0000000056835800 Implicit null exception at 0x0000000002671409 to 0x00000000026734fd
Event: 1.723 Thread 0x0000000001fce000 Exception <a 'java/lang/ArrayIndexOutOfBoundsException': 18> (0x00000000ee5c6ee0) thrown at [C:\re\workspace\8-2-build-windows-amd64-cygwin\jdk8u60\4407\hotspot\src\share\vm\interpreter\interpreterRuntime.cpp, line 366]
Event: 1.724 Thread 0x0000000001fce000 Exception <a 'java/lang/ArrayIndexOutOfBoundsException'> (0x00000000ee5c8a60) thrown at [C:\re\workspace\8-2-build-windows-amd64-cygwin\jdk8u60\4407\hotspot\src\share\vm\runtime\sharedRuntime.cpp, line 605]
Event: 1.724 Thread 0x0000000001fce000 Exception <a 'java/lang/ArrayIndexOutOfBoundsException'> (0x00000000ee5c9d48) thrown at [C:\re\workspace\8-2-build-windows-amd64-cygwin\jdk8u60\4407\hotspot\src\share\vm\runtime\sharedRuntime.cpp, line 605]
Event: 4.102 Thread 0x0000000056835800 Implicit null exception at 0x0000000002a46d4f to 0x0000000002a4880d

Events (10 events):
Event: 4.118 Thread 0x000000005693e800 DEOPT PACKING pc=0x000000000295b555 sp=0x00000000579ae6a0
Event: 4.118 Thread 0x000000005693e800 DEOPT UNPACKING pc=0x000000000248787f sp=0x00000000579ae3d8 mode 0
Event: 4.121 Thread 0x0000000056835800 DEOPT PACKING pc=0x00000000028eb184 sp=0x0000000057c6e8b0
Event: 4.121 Thread 0x0000000056835800 DEOPT UNPACKING pc=0x000000000248787f sp=0x0000000057c6e670 mode 0
Event: 4.122 Thread 0x0000000056835800 DEOPT PACKING pc=0x00000000028ed259 sp=0x0000000057c6e520
Event: 4.122 Thread 0x0000000056835800 DEOPT UNPACKING pc=0x000000000248787f sp=0x0000000057c6e300 mode 0
Event: 4.131 Executing VM operation: ParallelGCFailedAllocation
Event: 4.167 Executing VM operation: ParallelGCFailedAllocation done
Event: 4.196 Thread 0x0000000056835800 DEOPT PACKING pc=0x00000000027330c5 sp=0x0000000057c6e8f0
Event: 4.196 Thread 0x0000000056835800 DEOPT UNPACKING pc=0x000000000248787f sp=0x0000000057c6e690 mode 0


Dynamic libraries:
0x000000013f110000 - 0x000000013f147000 	C:\Program Files\Java\jdk1.8.0_60\bin\java.exe
0x0000000077930000 - 0x0000000077ada000 	C:\Windows\SYSTEM32\ntdll.dll
0x0000000077810000 - 0x000000007792f000 	C:\Windows\system32\kernel32.dll
0x000007fefd8d0000 - 0x000007fefd93a000 	C:\Windows\system32\KERNELBASE.dll
0x000007fefdda0000 - 0x000007fefde7b000 	C:\Windows\system32\ADVAPI32.dll
0x000007fefdd00000 - 0x000007fefdd9f000 	C:\Windows\system32\msvcrt.dll
0x000007fefdfb0000 - 0x000007fefdfcf000 	C:\Windows\SYSTEM32\sechost.dll
0x000007feff600000 - 0x000007feff72d000 	C:\Windows\system32\RPCRT4.dll
0x0000000077710000 - 0x000000007780a000 	C:\Windows\system32\USER32.dll
0x000007fefdea0000 - 0x000007fefdf07000 	C:\Windows\system32\GDI32.dll
0x000007fefda20000 - 0x000007fefda2e000 	C:\Windows\system32\LPK.dll
0x000007fefe130000 - 0x000007fefe1fa000 	C:\Windows\system32\USP10.dll
0x000007fefbf40000 - 0x000007fefc134000 	C:\Windows\WinSxS\amd64_microsoft.windows.common-controls_6595b64144ccf1df_6.0.7601.18837_none_fa3b1e3d17594757\COMCTL32.dll
0x000007fefe0b0000 - 0x000007fefe121000 	C:\Windows\system32\SHLWAPI.dll
0x000007feffa60000 - 0x000007feffa8e000 	C:\Windows\system32\IMM32.DLL
0x000007feffb30000 - 0x000007feffc39000 	C:\Windows\system32\MSCTF.dll
0x0000000064f40000 - 0x0000000065012000 	C:\Program Files\Java\jdk1.8.0_60\jre\bin\msvcr100.dll
0x00000000646b0000 - 0x0000000064f39000 	C:\Program Files\Java\jdk1.8.0_60\jre\bin\server\jvm.dll
0x000007fef4e60000 - 0x000007fef4e69000 	C:\Windows\system32\WSOCK32.dll
0x000007feff730000 - 0x000007feff77d000 	C:\Windows\system32\WS2_32.dll
0x000007fefe570000 - 0x000007fefe578000 	C:\Windows\system32\NSI.dll
0x000007fef8b80000 - 0x000007fef8bbb000 	C:\Windows\system32\WINMM.dll
0x000007fefc750000 - 0x000007fefc75c000 	C:\Windows\system32\VERSION.dll
0x0000000077af0000 - 0x0000000077af7000 	C:\Windows\system32\PSAPI.DLL
0x0000000069f00000 - 0x0000000069f0f000 	C:\Program Files\Java\jdk1.8.0_60\jre\bin\verify.dll
0x0000000069ed0000 - 0x0000000069ef9000 	C:\Program Files\Java\jdk1.8.0_60\jre\bin\java.dll
0x0000000069eb0000 - 0x0000000069ec6000 	C:\Program Files\Java\jdk1.8.0_60\jre\bin\zip.dll
0x000007fefe660000 - 0x000007feff3ea000 	C:\Windows\system32\SHELL32.dll
0x000007feff3f0000 - 0x000007feff5f3000 	C:\Windows\system32\ole32.dll
0x000007fefd670000 - 0x000007fefd67f000 	C:\Windows\system32\profapi.dll

VM Arguments:
jvm_args: -Djava.awt.headless=true -Xmx1024M -Dfile.encoding=windows-1252 -Duser.country=US -Duser.language=en -Duser.variant 
java_command: com.android.dx.command.Main --dex --force-jumbo --num-threads=4 --multi-dex --output C:\Users\Vuksa2103\Documents\coinomi-android\wallet\build\intermediates\transforms\dex\debug\folders\1000\10\guava-16.0.1_221624fe1d9ac3ff701c42b4b61fcc9957e1a222 C:\Users\Vuksa2103\.gradle\caches\modules-2\files-2.1\com.google.guava\guava\16.0.1\5fa98cd1a63c99a44dd8d3b77e4762b066a5d0c5\guava-16.0.1.jar
java_class_path (initial): C:\Users\Vuksa2103\AppData\Local\Android\sdk\tool\build-tools\23.0.3\lib\dx.jar
Launcher Type: SUN_STANDARD

Environment Variables:
PATH=C:\Program Files (x86)\Mozilla Firefox;C:\ProgramData\Oracle\Java\javapath;C:\Program Files (x86)\Intel\iCLS Client\;C:\Program Files\Intel\iCLS Client\;C:\Windows\system32;C:\Windows;C:\Windows\System32\Wbem;C:\Windows\System32\WindowsPowerShell\v1.0\;C:\Program Files (x86)\AMD\ATI.ACE\Core-Static;C:\Program Files\Intel\Intel(R) Management Engine Components\DAL;C:\Program Files\Intel\Intel(R) Management Engine Components\IPT;C:\Program Files (x86)\Intel\Intel(R) Management Engine Components\DAL;C:\Program Files (x86)\Intel\Intel(R) Management Engine Components\IPT;C:\Program Files\nodejs\;C:\Users\Vuksa2103\AppData\Roaming\npm;C:\adb;C:\gradle-2.2.1\bin;C:\Users\Vuksa2103\AppData\Roaming\npm
USERNAME=Vuksa2103
OS=Windows_NT
PROCESSOR_IDENTIFIER=Intel64 Family 6 Model 42 Stepping 7, GenuineIntel



---------------  S Y S T E M  ---------------

OS: Windows 7 , 64 bit Build 7601 (6.1.7601.23543)

CPU:total 4 (4 cores per cpu, 1 threads per core) family 6 model 42 stepping 7, cmov, cx8, fxsr, mmx, sse, sse2, sse3, ssse3, sse4.1, sse4.2, popcnt, avx, aes, clmul, tsc, tscinvbit

Memory: 4k page, physical 8351496k(1685156k free), swap 9398212k(5260k free)

vm_info: Java HotSpot(TM) 64-Bit Server VM (25.60-b23) for windows-amd64 JRE (1.8.0_60-b27), built on Aug  4 2015 11:06:27 by "java_re" with MS VC++ 10.0 (VS2010)

time: Sat Oct 29 19:44:02 2016
elapsed time: 4 seconds (0d 0h 0m 4s)

