#
# There is insufficient memory for the Java Runtime Environment to continue.
# Native memory allocation (malloc) failed to allocate 1157296 bytes for Chunk::new
# Possible reasons:
#   The system is out of physical RAM or swap space
#   In 32 bit mode, the process size limit was hit
# Possible solutions:
#   Reduce memory load on the system
#   Increase physical memory or swap space
#   Check if swap backing store is full
#   Use 64 bit Java on a 64 bit OS
#   Decrease Java heap size (-Xmx/-Xms)
#   Decrease number of Java threads
#   Decrease Java thread stack sizes (-Xss)
#   Set larger code cache with -XX:ReservedCodeCacheSize=
# This output file may be truncated or incomplete.
#
#  Out of Memory Error (allocation.cpp:390), pid=5832, tid=7160
#
# JRE version: Java(TM) SE Runtime Environment (8.0_60-b27) (build 1.8.0_60-b27)
# Java VM: Java HotSpot(TM) 64-Bit Server VM (25.60-b23 mixed mode windows-amd64 compressed oops)
# Failed to write core dump. Minidumps are not enabled by default on client versions of Windows
#

---------------  T H R E A D  ---------------

Current thread (0x0000000054f9b000):  JavaThread "C2 CompilerThread1" daemon [_thread_in_native, id=7160, stack(0x00000000567f0000,0x00000000568f0000)]

Stack: [0x00000000567f0000,0x00000000568f0000]
[error occurred during error reporting (printing stack bounds), id 0xc0000005]

Native frames: (J=compiled Java code, j=interpreted, Vv=VM code, C=native code)


Current CompileTask:
C2:   7667 1820       4       com.android.dx.ssa.SsaConverter::placePhiFunctions (394 bytes)


---------------  P R O C E S S  ---------------

Java Threads: ( => current thread )
  0x0000000057aac800 JavaThread "pool-2-thread-4" [_thread_blocked, id=6864, stack(0x000000005a060000,0x000000005a160000)]
  0x0000000056d46000 JavaThread "pool-2-thread-3" [_thread_blocked, id=10076, stack(0x0000000057e50000,0x0000000057f50000)]
  0x0000000056cb8000 JavaThread "pool-2-thread-2" [_thread_blocked, id=9504, stack(0x0000000057460000,0x0000000057560000)]
  0x0000000056b43800 JavaThread "pool-3-thread-1" [_thread_blocked, id=9192, stack(0x0000000057270000,0x0000000057370000)]
  0x0000000056b40000 JavaThread "pool-2-thread-1" [_thread_in_vm, id=9352, stack(0x0000000056300000,0x0000000056400000)]
  0x0000000054f9d800 JavaThread "Service Thread" daemon [_thread_blocked, id=10296, stack(0x0000000056ec0000,0x0000000056fc0000)]
  0x0000000054f9c000 JavaThread "C1 CompilerThread2" daemon [_thread_in_native, id=10572, stack(0x0000000056900000,0x0000000056a00000)]
=>0x0000000054f9b000 JavaThread "C2 CompilerThread1" daemon [_thread_in_native, id=7160, stack(0x00000000567f0000,0x00000000568f0000)]
  0x0000000054f97000 JavaThread "C2 CompilerThread0" daemon [_thread_in_native, id=7688, stack(0x0000000056640000,0x0000000056740000)]
  0x0000000054f93800 JavaThread "Attach Listener" daemon [_thread_blocked, id=7176, stack(0x00000000560f0000,0x00000000561f0000)]
  0x0000000054f92000 JavaThread "Signal Dispatcher" daemon [_thread_blocked, id=7736, stack(0x0000000056460000,0x0000000056560000)]
  0x0000000054f31800 JavaThread "Finalizer" daemon [_thread_blocked, id=6380, stack(0x00000000561f0000,0x00000000562f0000)]
  0x0000000054f30000 JavaThread "Reference Handler" daemon [_thread_blocked, id=10632, stack(0x0000000055fe0000,0x00000000560e0000)]
  0x0000000001e8e000 JavaThread "main" [_thread_in_native, id=6468, stack(0x0000000002100000,0x0000000002200000)]

Other Threads:
  0x0000000054f2a800 VMThread [stack: 0x0000000055e30000,0x0000000055f30000] [id=10080]
  0x0000000056a7f000 WatcherThread [stack: 0x0000000057050000,0x0000000057150000] [id=9696]

VM state:not at safepoint (normal execution)

VM Mutex/Monitor currently owned by a thread: None

Heap:
 PSYoungGen      total 257536K, used 122285K [0x00000000eab00000, 0x00000000fc980000, 0x0000000100000000)
  eden space 222720K, 43% used [0x00000000eab00000,0x00000000f0891610,0x00000000f8480000)
  from space 34816K, 76% used [0x00000000fa780000,0x00000000fc159f20,0x00000000fc980000)
  to   space 35328K, 0% used [0x00000000f8480000,0x00000000f8480000,0x00000000fa700000)
 ParOldGen       total 101376K, used 53537K [0x00000000c0000000, 0x00000000c6300000, 0x00000000eab00000)
  object space 101376K, 52% used [0x00000000c0000000,0x00000000c34486b8,0x00000000c6300000)
 Metaspace       used 6008K, capacity 7024K, committed 7296K, reserved 1056768K
  class space    used 593K, capacity 616K, committed 640K, reserved 1048576K

Card table byte_map: [0x0000000011890000,0x0000000011aa0000] byte_map_base: 0x0000000011290000

Marking Bits: (ParMarkBitMap*) 0x0000000064eba5b0
 Begin Bits: [0x00000000123a0000, 0x00000000133a0000)
 End Bits:   [0x00000000133a0000, 0x00000000143a0000)

Polling page: 0x0000000000120000

CodeCache: size=245760Kb used=8271Kb max_used=8271Kb free=237488Kb
 bounds [0x00000000024d0000, 0x0000000002cf0000, 0x00000000114d0000]
 total_blobs=2034 nmethods=1772 adapters=175
 compilation: enabled

Compilation events (10 events):
Event: 7.659 Thread 0x0000000054f9c000 1869       3       com.android.dx.rop.cst.CstLiteral64::equals (36 bytes)
Event: 7.659 Thread 0x0000000054f9c000 nmethod 1869 0x0000000002ccd950 code [0x0000000002ccdac0, 0x0000000002ccdf10]
Event: 7.659 Thread 0x0000000054f9c000 1870       1       com.android.dx.rop.annotation.NameValuePair::getName (5 bytes)
Event: 7.659 Thread 0x0000000054f9c000 nmethod 1870 0x0000000002cd0bd0 code [0x0000000002cd0d20, 0x0000000002cd0e30]
Event: 7.659 Thread 0x0000000054f9c000 1871       3       com.android.dx.cf.code.LineNumberList::concat (92 bytes)
Event: 7.660 Thread 0x0000000054f9c000 nmethod 1871 0x0000000002ce5450 code [0x0000000002ce5780, 0x0000000002ce7368]
Event: 7.662 Thread 0x0000000054f9c000 1873       3       com.android.dx.ssa.LocalVariableInfo::mergeStarts (59 bytes)
Event: 7.663 Thread 0x0000000054f9c000 nmethod 1873 0x0000000002cdd490 code [0x0000000002cdd660, 0x0000000002cddd58]
Event: 7.664 Thread 0x0000000054f9c000 1876       3       com.android.dx.cf.code.SwitchList::removeSuperfluousDefaults (149 bytes)
Event: 7.665 Thread 0x0000000054f9c000 nmethod 1876 0x0000000002ce8850 code [0x0000000002ce8a80, 0x0000000002ce96d8]

GC Heap History (10 events):
Event: 2.997 GC heap before
{Heap before GC invocations=3 (full 0):
 PSYoungGen      total 71680K, used 71651K [0x00000000eab00000, 0x00000000ef600000, 0x0000000100000000)
  eden space 66560K, 100% used [0x00000000eab00000,0x00000000eec00000,0x00000000eec00000)
  from space 5120K, 99% used [0x00000000ef100000,0x00000000ef5f8c08,0x00000000ef600000)
  to   space 5120K, 0% used [0x00000000eec00000,0x00000000eec00000,0x00000000ef100000)
 ParOldGen       total 87552K, used 18581K [0x00000000c0000000, 0x00000000c5580000, 0x00000000eab00000)
  object space 87552K, 21% used [0x00000000c0000000,0x00000000c1225620,0x00000000c5580000)
 Metaspace       used 5789K, capacity 6896K, committed 7040K, reserved 1056768K
  class space    used 591K, capacity 616K, committed 640K, reserved 1048576K
Event: 3.205 GC heap after
Heap after GC invocations=3 (full 0):
 PSYoungGen      total 71680K, used 5091K [0x00000000eab00000, 0x00000000f3700000, 0x0000000100000000)
  eden space 66560K, 0% used [0x00000000eab00000,0x00000000eab00000,0x00000000eec00000)
  from space 5120K, 99% used [0x00000000eec00000,0x00000000ef0f8c08,0x00000000ef100000)
  to   space 5120K, 0% used [0x00000000f3200000,0x00000000f3200000,0x00000000f3700000)
 ParOldGen       total 87552K, used 47892K [0x00000000c0000000, 0x00000000c5580000, 0x00000000eab00000)
  object space 87552K, 54% used [0x00000000c0000000,0x00000000c2ec5038,0x00000000c5580000)
 Metaspace       used 5789K, capacity 6896K, committed 7040K, reserved 1056768K
  class space    used 591K, capacity 616K, committed 640K, reserved 1048576K
}
Event: 3.692 GC heap before
{Heap before GC invocations=4 (full 0):
 PSYoungGen      total 71680K, used 71651K [0x00000000eab00000, 0x00000000f3700000, 0x0000000100000000)
  eden space 66560K, 100% used [0x00000000eab00000,0x00000000eec00000,0x00000000eec00000)
  from space 5120K, 99% used [0x00000000eec00000,0x00000000ef0f8c08,0x00000000ef100000)
  to   space 5120K, 0% used [0x00000000f3200000,0x00000000f3200000,0x00000000f3700000)
 ParOldGen       total 87552K, used 47892K [0x00000000c0000000, 0x00000000c5580000, 0x00000000eab00000)
  object space 87552K, 54% used [0x00000000c0000000,0x00000000c2ec5038,0x00000000c5580000)
 Metaspace       used 5818K, capacity 6896K, committed 7040K, reserved 1056768K
  class space    used 591K, capacity 616K, committed 640K, reserved 1048576K
Event: 4.551 GC heap after
Heap after GC invocations=4 (full 0):
 PSYoungGen      total 138240K, used 5095K [0x00000000eab00000, 0x00000000f3700000, 0x0000000100000000)
  eden space 133120K, 0% used [0x00000000eab00000,0x00000000eab00000,0x00000000f2d00000)
  from space 5120K, 99% used [0x00000000f3200000,0x00000000f36f9e58,0x00000000f3700000)
  to   space 5120K, 0% used [0x00000000f2d00000,0x00000000f2d00000,0x00000000f3200000)
 ParOldGen       total 87552K, used 61539K [0x00000000c0000000, 0x00000000c5580000, 0x00000000eab00000)
  object space 87552K, 70% used [0x00000000c0000000,0x00000000c3c18f78,0x00000000c5580000)
 Metaspace       used 5818K, capacity 6896K, committed 7040K, reserved 1056768K
  class space    used 591K, capacity 616K, committed 640K, reserved 1048576K
}
Event: 4.552 GC heap before
{Heap before GC invocations=5 (full 1):
 PSYoungGen      total 138240K, used 5095K [0x00000000eab00000, 0x00000000f3700000, 0x0000000100000000)
  eden space 133120K, 0% used [0x00000000eab00000,0x00000000eab00000,0x00000000f2d00000)
  from space 5120K, 99% used [0x00000000f3200000,0x00000000f36f9e58,0x00000000f3700000)
  to   space 5120K, 0% used [0x00000000f2d00000,0x00000000f2d00000,0x00000000f3200000)
 ParOldGen       total 87552K, used 61539K [0x00000000c0000000, 0x00000000c5580000, 0x00000000eab00000)
  object space 87552K, 70% used [0x00000000c0000000,0x00000000c3c18f78,0x00000000c5580000)
 Metaspace       used 5818K, capacity 6896K, committed 7040K, reserved 1056768K
  class space    used 591K, capacity 616K, committed 640K, reserved 1048576K
Event: 5.238 GC heap after
Heap after GC invocations=5 (full 1):
 PSYoungGen      total 138240K, used 0K [0x00000000eab00000, 0x00000000f3700000, 0x0000000100000000)
  eden space 133120K, 0% used [0x00000000eab00000,0x00000000eab00000,0x00000000f2d00000)
  from space 5120K, 0% used [0x00000000f3200000,0x00000000f3200000,0x00000000f3700000)
  to   space 5120K, 0% used [0x00000000f2d00000,0x00000000f2d00000,0x00000000f3200000)
 ParOldGen       total 101376K, used 31195K [0x00000000c0000000, 0x00000000c6300000, 0x00000000eab00000)
  object space 101376K, 30% used [0x00000000c0000000,0x00000000c1e76f28,0x00000000c6300000)
 Metaspace       used 5818K, capacity 6896K, committed 7040K, reserved 1056768K
  class space    used 591K, capacity 616K, committed 640K, reserved 1048576K
}
Event: 6.048 GC heap before
{Heap before GC invocations=6 (full 1):
 PSYoungGen      total 138240K, used 133120K [0x00000000eab00000, 0x00000000f3700000, 0x0000000100000000)
  eden space 133120K, 100% used [0x00000000eab00000,0x00000000f2d00000,0x00000000f2d00000)
  from space 5120K, 0% used [0x00000000f3200000,0x00000000f3200000,0x00000000f3700000)
  to   space 5120K, 0% used [0x00000000f2d00000,0x00000000f2d00000,0x00000000f3200000)
 ParOldGen       total 101376K, used 31195K [0x00000000c0000000, 0x00000000c6300000, 0x00000000eab00000)
  object space 101376K, 30% used [0x00000000c0000000,0x00000000c1e76f28,0x00000000c6300000)
 Metaspace       used 5910K, capacity 6960K, committed 7040K, reserved 1056768K
  class space    used 591K, capacity 616K, committed 640K, reserved 1048576K
Event: 6.293 GC heap after
Heap after GC invocations=6 (full 1):
 PSYoungGen      total 138240K, used 5100K [0x00000000eab00000, 0x00000000fc980000, 0x0000000100000000)
  eden space 133120K, 0% used [0x00000000eab00000,0x00000000eab00000,0x00000000f2d00000)
  from space 5120K, 99% used [0x00000000f2d00000,0x00000000f31fb1d0,0x00000000f3200000)
  to   space 34816K, 0% used [0x00000000fa780000,0x00000000fa780000,0x00000000fc980000)
 ParOldGen       total 101376K, used 53529K [0x00000000c0000000, 0x00000000c6300000, 0x00000000eab00000)
  object space 101376K, 52% used [0x00000000c0000000,0x00000000c34466b8,0x00000000c6300000)
 Metaspace       used 5910K, capacity 6960K, committed 7040K, reserved 1056768K
  class space    used 591K, capacity 616K, committed 640K, reserved 1048576K
}
Event: 6.804 GC heap before
{Heap before GC invocations=7 (full 1):
 PSYoungGen      total 138240K, used 138220K [0x00000000eab00000, 0x00000000fc980000, 0x0000000100000000)
  eden space 133120K, 100% used [0x00000000eab00000,0x00000000f2d00000,0x00000000f2d00000)
  from space 5120K, 99% used [0x00000000f2d00000,0x00000000f31fb1d0,0x00000000f3200000)
  to   space 34816K, 0% used [0x00000000fa780000,0x00000000fa780000,0x00000000fc980000)
 ParOldGen       total 101376K, used 53529K [0x00000000c0000000, 0x00000000c6300000, 0x00000000eab00000)
  object space 101376K, 52% used [0x00000000c0000000,0x00000000c34466b8,0x00000000c6300000)
 Metaspace       used 5956K, capacity 7024K, committed 7296K, reserved 1056768K
  class space    used 592K, capacity 616K, committed 640K, reserved 1048576K
Event: 6.957 GC heap after
Heap after GC invocations=7 (full 1):
 PSYoungGen      total 257536K, used 26471K [0x00000000eab00000, 0x00000000fc980000, 0x0000000100000000)
  eden space 222720K, 0% used [0x00000000eab00000,0x00000000eab00000,0x00000000f8480000)
  from space 34816K, 76% used [0x00000000fa780000,0x00000000fc159f20,0x00000000fc980000)
  to   space 35328K, 0% used [0x00000000f8480000,0x00000000f8480000,0x00000000fa700000)
 ParOldGen       total 101376K, used 53537K [0x00000000c0000000, 0x00000000c6300000, 0x00000000eab00000)
  object space 101376K, 52% used [0x00000000c0000000,0x00000000c34486b8,0x00000000c6300000)
 Metaspace       used 5956K, capacity 7024K, committed 7296K, reserved 1056768K
  class space    used 592K, capacity 616K, committed 640K, reserved 1048576K
}

Deoptimization events (10 events):
Event: 6.466 Thread 0x0000000057aac800 Uncommon trap: reason=bimorphic action=maybe_recompile pc=0x0000000002a060b0 method=com.android.dx.rop.code.Rops.opMoveResultPseudo(Lcom/android/dx/rop/type/TypeBearer;)Lcom/android/dx/rop/code/Rop; @ 7
Event: 6.549 Thread 0x0000000056cb8000 Uncommon trap: reason=bimorphic action=maybe_recompile pc=0x0000000002a0623c method=com.android.dx.cf.code.RopperMachine.run(Lcom/android/dx/cf/code/Frame;II)V @ 988
Event: 7.427 Thread 0x0000000057aac800 Uncommon trap: reason=unstable_if action=reinterpret pc=0x0000000002c58060 method=com.android.dx.ssa.SsaRenamer$BlockRenamer.addMapping(ILcom/android/dx/rop/code/RegisterSpec;)V @ 120
Event: 7.427 Thread 0x0000000057aac800 Uncommon trap: reason=unstable_if action=reinterpret pc=0x0000000002887cf8 method=com.android.dx.ssa.SsaRenamer$BlockRenamer.addMapping(ILcom/android/dx/rop/code/RegisterSpec;)V @ 120
Event: 7.495 Thread 0x0000000056b40000 Uncommon trap: reason=unstable_if action=reinterpret pc=0x0000000002af6be4 method=com.android.dx.cf.code.Ropper.isSynchronized()Z @ 12
Event: 7.495 Thread 0x0000000056b40000 Uncommon trap: reason=unstable_if action=reinterpret pc=0x0000000002a05a58 method=com.android.dx.cf.code.Ropper.isSynchronized()Z @ 12
Event: 7.496 Thread 0x0000000056b40000 Uncommon trap: reason=unstable_if action=reinterpret pc=0x0000000002ba5370 method=com.android.dx.ssa.SCCP.simulateBranch(Lcom/android/dx/ssa/SsaInsn;)V @ 64
Event: 7.547 Thread 0x0000000057aac800 Uncommon trap: reason=null_check action=make_not_entrant pc=0x000000000293b778 method=com.android.dx.ssa.SsaRenamer.getLocalForNewReg(I)Lcom/android/dx/rop/code/LocalItem; @ 19
Event: 7.627 Thread 0x0000000056d46000 Uncommon trap: reason=unstable_if action=reinterpret pc=0x0000000002c465fc method=com.android.dx.rop.code.LocalVariableExtractor.processBlock(I)V @ 195
Event: 7.658 Thread 0x0000000056b40000 Uncommon trap: reason=unstable_if action=reinterpret pc=0x0000000002b5f3c4 method=com.android.dx.rop.code.RegisterSpecSet.put(Lcom/android/dx/rop/code/RegisterSpec;)V @ 77

Internal exceptions (4 events):
Event: 0.123 Thread 0x0000000001e8e000 Exception <a 'java/lang/NoSuchMethodError': Method sun.misc.Unsafe.defineClass(Ljava/lang/String;[BII)Ljava/lang/Class; name or signature does not match> (0x00000000eab0d690) thrown at [C:\re\workspace\8-2-build-windows-amd64-cygwin\jdk8u60\4407\hotspot\srL~GL‡¿?
Event: 0.123 Thread 0x0000000001e8e000 Exception <a 'java/lang/NoSuchMethodError': Method sun.misc.Unsafe.prefetchRead(Ljava/lang/Object;J)V name or signature does not match> (0x00000000eab0d978) thrown at [C:\re\workspace\8-2-build-windows-amd64-cygwin\jdk8u60\4407\hotspot\src\share\vm\prims\jq¶@ñÁ÷@
Event: 2.496 Thread 0x0000000056b40000 Implicit null exception at 0x00000000027bdad2 to 0x00000000027bdbc2
Event: 7.547 Thread 0x0000000057aac800 Implicit null exception at 0x000000000293ada9 to 0x000000000293b751

Events (10 events):
Event: 7.627 Thread 0x0000000056d46000 Uncommon trap: trap_request=0xffffff65 fr.pc=0x0000000002c465fc
Event: 7.627 Thread 0x0000000056d46000 DEOPT PACKING pc=0x0000000002c465fc sp=0x0000000057f4f150
Event: 7.627 Thread 0x0000000056d46000 DEOPT UNPACKING pc=0x000000000251582a sp=0x0000000057f4f120 mode 2
Event: 7.658 Thread 0x0000000056b40000 Uncommon trap: trap_request=0xffffff65 fr.pc=0x0000000002b5f3c4
Event: 7.658 Thread 0x0000000056b40000 DEOPT PACKING pc=0x0000000002b5f3c4 sp=0x00000000563feab0
Event: 7.658 Thread 0x0000000056b40000 DEOPT UNPACKING pc=0x000000000251582a sp=0x00000000563fe990 mode 2
Event: 7.658 Thread 0x0000000056b40000 DEOPT PACKING pc=0x0000000002c56d8f sp=0x00000000563fe810
Event: 7.658 Thread 0x0000000056b40000 DEOPT UNPACKING pc=0x000000000251787f sp=0x00000000563fe558 mode 0
Event: 7.663 Thread 0x0000000056b40000 DEOPT PACKING pc=0x00000000029fd0ec sp=0x00000000563feac0
Event: 7.663 Thread 0x0000000056b40000 DEOPT UNPACKING pc=0x000000000251787f sp=0x00000000563fe840 mode 0


Dynamic libraries:
0x000000013f110000 - 0x000000013f147000 	C:\Program Files\Java\jdk1.8.0_60\bin\java.exe
0x0000000077930000 - 0x0000000077ada000 	C:\Windows\SYSTEM32\ntdll.dll
0x0000000077810000 - 0x000000007792f000 	C:\Windows\system32\kernel32.dll
0x000007fefd8d0000 - 0x000007fefd93a000 	C:\Windows\system32\KERNELBASE.dll
0x000007fefdda0000 - 0x000007fefde7b000 	C:\Windows\system32\ADVAPI32.dll
0x000007fefdd00000 - 0x000007fefdd9f000 	C:\Windows\system32\msvcrt.dll
0x000007fefdfb0000 - 0x000007fefdfcf000 	C:\Windows\SYSTEM32\sechost.dll
0x000007feff600000 - 0x000007feff72d000 	C:\Windows\system32\RPCRT4.dll
0x0000000077710000 - 0x000000007780a000 	C:\Windows\system32\USER32.dll
0x000007fefdea0000 - 0x000007fefdf07000 	C:\Windows\system32\GDI32.dll
0x000007fefda20000 - 0x000007fefda2e000 	C:\Windows\system32\LPK.dll
0x000007fefe130000 - 0x000007fefe1fa000 	C:\Windows\system32\USP10.dll
0x000007fefbf40000 - 0x000007fefc134000 	C:\Windows\WinSxS\amd64_microsoft.windows.common-controls_6595b64144ccf1df_6.0.7601.18837_none_fa3b1e3d17594757\COMCTL32.dll
0x000007fefe0b0000 - 0x000007fefe121000 	C:\Windows\system32\SHLWAPI.dll
0x000007feffa60000 - 0x000007feffa8e000 	C:\Windows\system32\IMM32.DLL
0x000007feffb30000 - 0x000007feffc39000 	C:\Windows\system32\MSCTF.dll
0x0000000064f40000 - 0x0000000065012000 	C:\Program Files\Java\jdk1.8.0_60\jre\bin\msvcr100.dll
0x00000000646b0000 - 0x0000000064f39000 	C:\Program Files\Java\jdk1.8.0_60\jre\bin\server\jvm.dll
0x000007fef4e60000 - 0x000007fef4e69000 	C:\Windows\system32\WSOCK32.dll
0x000007feff730000 - 0x000007feff77d000 	C:\Windows\system32\WS2_32.dll
0x000007fefe570000 - 0x000007fefe578000 	C:\Windows\system32\NSI.dll
0x000007fef8b80000 - 0x000007fef8bbb000 	C:\Windows\system32\WINMM.dll
0x000007fefc750000 - 0x000007fefc75c000 	C:\Windows\system32\VERSION.dll
0x0000000077af0000 - 0x0000000077af7000 	C:\Windows\system32\PSAPI.DLL
0x0000000069f00000 - 0x0000000069f0f000 	C:\Program Files\Java\jdk1.8.0_60\jre\bin\verify.dll
0x0000000069ed0000 - 0x0000000069ef9000 	C:\Program Files\Java\jdk1.8.0_60\jre\bin\java.dll
0x0000000069eb0000 - 0x0000000069ec6000 	C:\Program Files\Java\jdk1.8.0_60\jre\bin\zip.dll
0x000007fefe660000 - 0x000007feff3ea000 	C:\Windows\system32\SHELL32.dll
0x000007feff3f0000 - 0x000007feff5f3000 	C:\Windows\system32\ole32.dll
0x000007fefd670000 - 0x000007fefd67f000 	C:\Windows\system32\profapi.dll

VM Arguments:
jvm_args: -Djava.awt.headless=true -Xmx1024M -Dfile.encoding=windows-1252 -Duser.country=US -Duser.language=en -Duser.variant 
java_command: com.android.dx.command.Main --dex --force-jumbo --num-threads=4 --multi-dex --output C:\Users\Vuksa2103\Documents\coinomi-android\wallet\build\intermediates\transforms\dex\debug\folders\1000\5\slice_6 C:\Users\Vuksa2103\Documents\coinomi-android\wallet\build\intermediates\transforms\instantRunSlicer\debug\folders\1\5\slice_6
java_class_path (initial): C:\Users\Vuksa2103\AppData\Local\Android\sdk\tool\build-tools\23.0.3\lib\dx.jar
Launcher Type: SUN_STANDARD

Environment Variables:
PATH=C:\Program Files (x86)\Mozilla Firefox;C:\ProgramData\Oracle\Java\javapath;C:\Program Files (x86)\Intel\iCLS Client\;C:\Program Files\Intel\iCLS Client\;C:\Windows\system32;C:\Windows;C:\Windows\System32\Wbem;C:\Windows\System32\WindowsPowerShell\v1.0\;C:\Program Files (x86)\AMD\ATI.ACE\Core-Static;C:\Program Files\Intel\Intel(R) Management Engine Components\DAL;C:\Program Files\Intel\Intel(R) Management Engine Components\IPT;C:\Program Files (x86)\Intel\Intel(R) Management Engine Components\DAL;C:\Program Files (x86)\Intel\Intel(R) Management Engine Components\IPT;C:\Program Files\nodejs\;C:\Users\Vuksa2103\AppData\Roaming\npm;C:\adb;C:\gradle-2.2.1\bin;C:\Users\Vuksa2103\AppData\Roaming\npm
USERNAME=Vuksa2103
OS=Windows_NT
PROCESSOR_IDENTIFIER=Intel64 Family 6 Model 42 Stepping 7, GenuineIntel



---------------  S Y S T E M  ---------------

OS: Windows 7 , 64 bit Build 7601 (6.1.7601.23543)

CPU:total 4 (4 cores per cpu, 1 threads per core) family 6 model 42 stepping 7, cmov, cx8, fxsr, mmx, sse, sse2, sse3, ssse3, sse4.1, sse4.2, popcnt, avx, aes, clmul, tsc, tscinvbit

Memory: 4k page, physical 8351496k(723440k free), swap 9398212k(5888k free)

vm_info: Java HotSpot(TM) 64-Bit Server VM (25.60-b23) for windows-amd64 JRE (1.8.0_60-b27), built on Aug  4 2015 11:06:27 by "java_re" with MS VC++ 10.0 (VS2010)

time: Sat Oct 29 19:21:11 2016
elapsed time: 7 seconds (0d 0h 0m 7s)

