#
# There is insufficient memory for the Java Runtime Environment to continue.
# Native memory allocation (malloc) failed to allocate 1702736 bytes for Chunk::new
# Possible reasons:
#   The system is out of physical RAM or swap space
#   In 32 bit mode, the process size limit was hit
# Possible solutions:
#   Reduce memory load on the system
#   Increase physical memory or swap space
#   Check if swap backing store is full
#   Use 64 bit Java on a 64 bit OS
#   Decrease Java heap size (-Xmx/-Xms)
#   Decrease number of Java threads
#   Decrease Java thread stack sizes (-Xss)
#   Set larger code cache with -XX:ReservedCodeCacheSize=
# This output file may be truncated or incomplete.
#
#  Out of Memory Error (allocation.cpp:390), pid=11152, tid=5608
#
# JRE version: Java(TM) SE Runtime Environment (8.0_60-b27) (build 1.8.0_60-b27)
# Java VM: Java HotSpot(TM) 64-Bit Server VM (25.60-b23 mixed mode windows-amd64 compressed oops)
# Failed to write core dump. Minidumps are not enabled by default on client versions of Windows
#

---------------  T H R E A D  ---------------

Current thread (0x0000000054deb000):  JavaThread "C2 CompilerThread1" daemon [_thread_in_native, id=5608, stack(0x0000000056780000,0x0000000056880000)]

Stack: [0x0000000056780000,0x0000000056880000]
[error occurred during error reporting (printing stack bounds), id 0xc0000005]

Native frames: (J=compiled Java code, j=interpreted, Vv=VM code, C=native code)


Current CompileTask:
C2:   1337 1213   !   4       com.android.dx.cf.cst.ConstantPoolParser::parse0 (731 bytes)


---------------  P R O C E S S  ---------------

Java Threads: ( => current thread )
  0x0000000056ae8800 JavaThread "pool-2-thread-4" [_thread_in_Java, id=9528, stack(0x0000000057980000,0x0000000057a80000)]
  0x0000000057076800 JavaThread "pool-2-thread-3" [_thread_blocked, id=8640, stack(0x0000000057c00000,0x0000000057d00000)]
  0x0000000057074000 JavaThread "pool-2-thread-2" [_thread_blocked, id=6824, stack(0x0000000056490000,0x0000000056590000)]
  0x0000000056c47800 JavaThread "pool-3-thread-1" [_thread_blocked, id=8916, stack(0x0000000057a80000,0x0000000057b80000)]
  0x0000000056c47000 JavaThread "pool-2-thread-1" [_thread_blocked, id=8644, stack(0x0000000057860000,0x0000000057960000)]
  0x0000000054ded800 JavaThread "Service Thread" daemon [_thread_blocked, id=5200, stack(0x0000000056d20000,0x0000000056e20000)]
  0x0000000054dec000 JavaThread "C1 CompilerThread2" daemon [_thread_blocked, id=9080, stack(0x0000000011ff0000,0x00000000120f0000)]
=>0x0000000054deb000 JavaThread "C2 CompilerThread1" daemon [_thread_in_native, id=5608, stack(0x0000000056780000,0x0000000056880000)]
  0x0000000054de7000 JavaThread "C2 CompilerThread0" daemon [_thread_in_native, id=9480, stack(0x0000000055de0000,0x0000000055ee0000)]
  0x0000000054de3800 JavaThread "Attach Listener" daemon [_thread_blocked, id=5664, stack(0x0000000056620000,0x0000000056720000)]
  0x0000000054de2000 JavaThread "Signal Dispatcher" daemon [_thread_blocked, id=5764, stack(0x0000000056390000,0x0000000056490000)]
  0x0000000054d81800 JavaThread "Finalizer" daemon [_thread_blocked, id=10300, stack(0x0000000056210000,0x0000000056310000)]
  0x0000000054d80000 JavaThread "Reference Handler" daemon [_thread_blocked, id=6120, stack(0x0000000056100000,0x0000000056200000)]
  0x0000000001f2e000 JavaThread "main" [_thread_blocked, id=10184, stack(0x0000000002030000,0x0000000002130000)]

Other Threads:
  0x0000000054d7a800 VMThread [stack: 0x0000000055f00000,0x0000000056000000] [id=6888]
  0x00000000568f9000 WatcherThread [stack: 0x0000000056f00000,0x0000000057000000] [id=10312]

VM state:not at safepoint (normal execution)

VM Mutex/Monitor currently owned by a thread: None

Heap:
 PSYoungGen      total 38400K, used 13379K [0x00000000eab00000, 0x00000000ed580000, 0x0000000100000000)
  eden space 33280K, 24% used [0x00000000eab00000,0x00000000eb317260,0x00000000ecb80000)
  from space 5120K, 99% used [0x00000000ecb80000,0x00000000ed079c68,0x00000000ed080000)
  to   space 5120K, 0% used [0x00000000ed080000,0x00000000ed080000,0x00000000ed580000)
 ParOldGen       total 87552K, used 1004K [0x00000000c0000000, 0x00000000c5580000, 0x00000000eab00000)
  object space 87552K, 1% used [0x00000000c0000000,0x00000000c00fb310,0x00000000c5580000)
 Metaspace       used 6021K, capacity 6960K, committed 7040K, reserved 1056768K
  class space    used 601K, capacity 616K, committed 640K, reserved 1048576K

Card table byte_map: [0x00000000117c0000,0x00000000119d0000] byte_map_base: 0x00000000111c0000

Marking Bits: (ParMarkBitMap*) 0x0000000064eba5b0
 Begin Bits: [0x00000000121f0000, 0x00000000131f0000)
 End Bits:   [0x00000000131f0000, 0x00000000141f0000)

Polling page: 0x0000000000210000

CodeCache: size=245760Kb used=4926Kb max_used=4941Kb free=240833Kb
 bounds [0x0000000002400000, 0x00000000028e0000, 0x0000000011400000]
 total_blobs=1522 nmethods=1253 adapters=182
 compilation: enabled

Compilation events (10 events):
Event: 1.302 Thread 0x0000000054dec000 1257       3       com.android.dx.rop.cst.CstNat::getFieldType (11 bytes)
Event: 1.302 Thread 0x0000000054dec000 nmethod 1257 0x00000000028c7d90 code [0x00000000028c7f00, 0x00000000028c8128]
Event: 1.302 Thread 0x0000000054dec000 1258       3       com.android.dx.rop.cst.CstFieldRef::getType (8 bytes)
Event: 1.302 Thread 0x0000000054dec000 nmethod 1258 0x00000000028d1b50 code [0x00000000028d1cc0, 0x00000000028d2048]
Event: 1.302 Thread 0x0000000054dec000 1259       3       com.android.dx.rop.cst.CstBaseMethodRef::getType (8 bytes)
Event: 1.302 Thread 0x0000000054dec000 nmethod 1259 0x00000000028c7990 code [0x00000000028c7ae0, 0x00000000028c7cd0]
Event: 1.302 Thread 0x0000000054dec000 1261       3       com.android.dx.cf.code.ConcreteMethod::getMaxLocals (8 bytes)
Event: 1.302 Thread 0x0000000054dec000 nmethod 1261 0x00000000028d2150 code [0x00000000028d22a0, 0x00000000028d2490]
Event: 1.323 Thread 0x0000000054de7000 nmethod 1255 0x00000000028d5f90 code [0x00000000028d6140, 0x00000000028d6f38]
Event: 1.323 Thread 0x0000000054de7000 1248       4       com.android.dx.ssa.SCCP::simulateStmt (481 bytes)

GC Heap History (2 events):
Event: 1.132 GC heap before
{Heap before GC invocations=1 (full 0):
 PSYoungGen      total 38400K, used 33280K [0x00000000eab00000, 0x00000000ed580000, 0x0000000100000000)
  eden space 33280K, 100% used [0x00000000eab00000,0x00000000ecb80000,0x00000000ecb80000)
  from space 5120K, 0% used [0x00000000ed080000,0x00000000ed080000,0x00000000ed580000)
  to   space 5120K, 0% used [0x00000000ecb80000,0x00000000ecb80000,0x00000000ed080000)
 ParOldGen       total 87552K, used 0K [0x00000000c0000000, 0x00000000c5580000, 0x00000000eab00000)
  object space 87552K, 0% used [0x00000000c0000000,0x00000000c0000000,0x00000000c5580000)
 Metaspace       used 5906K, capacity 6832K, committed 7040K, reserved 1056768K
  class space    used 601K, capacity 616K, committed 640K, reserved 1048576K
Event: 1.159 GC heap after
Heap after GC invocations=1 (full 0):
 PSYoungGen      total 38400K, used 5095K [0x00000000eab00000, 0x00000000ed580000, 0x0000000100000000)
  eden space 33280K, 0% used [0x00000000eab00000,0x00000000eab00000,0x00000000ecb80000)
  from space 5120K, 99% used [0x00000000ecb80000,0x00000000ed079c68,0x00000000ed080000)
  to   space 5120K, 0% used [0x00000000ed080000,0x00000000ed080000,0x00000000ed580000)
 ParOldGen       total 87552K, used 1004K [0x00000000c0000000, 0x00000000c5580000, 0x00000000eab00000)
  object space 87552K, 1% used [0x00000000c0000000,0x00000000c00fb310,0x00000000c5580000)
 Metaspace       used 5906K, capacity 6832K, committed 7040K, reserved 1056768K
  class space    used 601K, capacity 616K, committed 640K, reserved 1048576K
}

Deoptimization events (6 events):
Event: 0.433 Thread 0x0000000001f2e000 Uncommon trap: reason=unstable_if action=reinterpret pc=0x00000000025547c4 method=java.lang.String.compareTo(Ljava/lang/String;)I @ 38
Event: 0.671 Thread 0x0000000057074000 Uncommon trap: reason=unstable_if action=reinterpret pc=0x0000000002615a60 method=java.util.BitSet.nextSetBit(I)I @ 87
Event: 0.679 Thread 0x0000000057074000 Uncommon trap: reason=unstable_if action=reinterpret pc=0x00000000026132e8 method=java.util.HashMap.getNode(ILjava/lang/Object;)Ljava/util/HashMap$Node; @ 62
Event: 1.009 Thread 0x0000000057074000 Uncommon trap: reason=null_check action=make_not_entrant pc=0x00000000026e29b8 method=com.android.dx.ssa.SsaRenamer.getLocalForNewReg(I)Lcom/android/dx/rop/code/LocalItem; @ 19
Event: 1.020 Thread 0x0000000056c47000 Uncommon trap: reason=unstable_if action=reinterpret pc=0x0000000002765c80 method=com.android.dx.rop.code.RegisterSpecSet.put(Lcom/android/dx/rop/code/RegisterSpec;)V @ 77
Event: 1.063 Thread 0x0000000056ae8800 Uncommon trap: reason=unstable_if action=reinterpret pc=0x00000000026bfed0 method=com.android.dx.rop.code.RegisterSpec.equals(ILcom/android/dx/rop/type/TypeBearer;Lcom/android/dx/rop/code/LocalItem;)Z @ 42

Internal exceptions (3 events):
Event: 0.039 Thread 0x0000000001f2e000 Exception <a 'java/lang/NoSuchMethodError': Method sun.misc.Unsafe.defineClass(Ljava/lang/String;[BII)Ljava/lang/Class; name or signature does not match> (0x00000000eab0d8c0) thrown at [C:\re\workspace\8-2-build-windows-amd64-cygwin\jdk8u60\4407\hotspot\srÑçÿA§?
Event: 0.039 Thread 0x0000000001f2e000 Exception <a 'java/lang/NoSuchMethodError': Method sun.misc.Unsafe.prefetchRead(Ljava/lang/Object;J)V name or signature does not match> (0x00000000eab0dba8) thrown at [C:\re\workspace\8-2-build-windows-amd64-cygwin\jdk8u60\4407\hotspot\src\share\vm\prims\j—Íam&?
Event: 1.009 Thread 0x0000000057074000 Implicit null exception at 0x00000000026e0714 to 0x00000000026e2975

Events (10 events):
Event: 1.020 Thread 0x0000000056c47000 Uncommon trap: trap_request=0xffffff65 fr.pc=0x0000000002765c80
Event: 1.020 Thread 0x0000000056c47000 DEOPT PACKING pc=0x0000000002765c80 sp=0x000000005795e800
Event: 1.020 Thread 0x0000000056c47000 DEOPT UNPACKING pc=0x000000000244582a sp=0x000000005795e720 mode 2
Event: 1.063 Thread 0x0000000056ae8800 Uncommon trap: trap_request=0xffffff65 fr.pc=0x00000000026bfed0
Event: 1.063 Thread 0x0000000056ae8800 DEOPT PACKING pc=0x00000000026bfed0 sp=0x0000000057a7ec70
Event: 1.063 Thread 0x0000000056ae8800 DEOPT UNPACKING pc=0x000000000244582a sp=0x0000000057a7ebf8 mode 2
Event: 1.122 Executing VM operation: ParallelGCFailedAllocation
Event: 1.159 Executing VM operation: ParallelGCFailedAllocation done
Event: 1.161 loading class com/android/dx/dex/file/FieldAnnotationStruct
Event: 1.161 loading class com/android/dx/dex/file/FieldAnnotationStruct done


Dynamic libraries:
0x000000013f110000 - 0x000000013f147000 	C:\Program Files\Java\jdk1.8.0_60\bin\java.exe
0x0000000077930000 - 0x0000000077ada000 	C:\Windows\SYSTEM32\ntdll.dll
0x0000000077810000 - 0x000000007792f000 	C:\Windows\system32\kernel32.dll
0x000007fefd8d0000 - 0x000007fefd93a000 	C:\Windows\system32\KERNELBASE.dll
0x000007fefdda0000 - 0x000007fefde7b000 	C:\Windows\system32\ADVAPI32.dll
0x000007fefdd00000 - 0x000007fefdd9f000 	C:\Windows\system32\msvcrt.dll
0x000007fefdfb0000 - 0x000007fefdfcf000 	C:\Windows\SYSTEM32\sechost.dll
0x000007feff600000 - 0x000007feff72d000 	C:\Windows\system32\RPCRT4.dll
0x0000000077710000 - 0x000000007780a000 	C:\Windows\system32\USER32.dll
0x000007fefdea0000 - 0x000007fefdf07000 	C:\Windows\system32\GDI32.dll
0x000007fefda20000 - 0x000007fefda2e000 	C:\Windows\system32\LPK.dll
0x000007fefe130000 - 0x000007fefe1fa000 	C:\Windows\system32\USP10.dll
0x000007fefbf40000 - 0x000007fefc134000 	C:\Windows\WinSxS\amd64_microsoft.windows.common-controls_6595b64144ccf1df_6.0.7601.18837_none_fa3b1e3d17594757\COMCTL32.dll
0x000007fefe0b0000 - 0x000007fefe121000 	C:\Windows\system32\SHLWAPI.dll
0x000007feffa60000 - 0x000007feffa8e000 	C:\Windows\system32\IMM32.DLL
0x000007feffb30000 - 0x000007feffc39000 	C:\Windows\system32\MSCTF.dll
0x0000000064f40000 - 0x0000000065012000 	C:\Program Files\Java\jdk1.8.0_60\jre\bin\msvcr100.dll
0x00000000646b0000 - 0x0000000064f39000 	C:\Program Files\Java\jdk1.8.0_60\jre\bin\server\jvm.dll
0x000007fef4e60000 - 0x000007fef4e69000 	C:\Windows\system32\WSOCK32.dll
0x000007feff730000 - 0x000007feff77d000 	C:\Windows\system32\WS2_32.dll
0x000007fefe570000 - 0x000007fefe578000 	C:\Windows\system32\NSI.dll
0x000007fef8b80000 - 0x000007fef8bbb000 	C:\Windows\system32\WINMM.dll
0x000007fefc750000 - 0x000007fefc75c000 	C:\Windows\system32\VERSION.dll
0x0000000077af0000 - 0x0000000077af7000 	C:\Windows\system32\PSAPI.DLL
0x0000000069f00000 - 0x0000000069f0f000 	C:\Program Files\Java\jdk1.8.0_60\jre\bin\verify.dll
0x0000000069ed0000 - 0x0000000069ef9000 	C:\Program Files\Java\jdk1.8.0_60\jre\bin\java.dll
0x0000000069eb0000 - 0x0000000069ec6000 	C:\Program Files\Java\jdk1.8.0_60\jre\bin\zip.dll
0x000007fefe660000 - 0x000007feff3ea000 	C:\Windows\system32\SHELL32.dll
0x000007feff3f0000 - 0x000007feff5f3000 	C:\Windows\system32\ole32.dll
0x000007fefd670000 - 0x000007fefd67f000 	C:\Windows\system32\profapi.dll

VM Arguments:
jvm_args: -Djava.awt.headless=true -Xmx1024M -Dfile.encoding=windows-1252 -Duser.country=US -Duser.language=en -Duser.variant 
java_command: com.android.dx.command.Main --dex --force-jumbo --num-threads=4 --multi-dex --output C:\Users\Vuksa2103\Documents\coinomi-android\wallet\build\intermediates\transforms\dex\debug\folders\1000\10\com.android.support-appcompat-v7-23.3.0_48d3bcf6be4a44cfab53fd86ae0ebeea058349b8 C:\Users\Vuksa2103\Documents\coinomi-android\wallet\build\intermediates\exploded-aar\com.android.support\appcompat-v7\23.3.0\jars\classes.jar
java_class_path (initial): C:\Users\Vuksa2103\AppData\Local\Android\sdk\tool\build-tools\23.0.3\lib\dx.jar
Launcher Type: SUN_STANDARD

Environment Variables:
PATH=C:\Program Files (x86)\Mozilla Firefox;C:\ProgramData\Oracle\Java\javapath;C:\Program Files (x86)\Intel\iCLS Client\;C:\Program Files\Intel\iCLS Client\;C:\Windows\system32;C:\Windows;C:\Windows\System32\Wbem;C:\Windows\System32\WindowsPowerShell\v1.0\;C:\Program Files (x86)\AMD\ATI.ACE\Core-Static;C:\Program Files\Intel\Intel(R) Management Engine Components\DAL;C:\Program Files\Intel\Intel(R) Management Engine Components\IPT;C:\Program Files (x86)\Intel\Intel(R) Management Engine Components\DAL;C:\Program Files (x86)\Intel\Intel(R) Management Engine Components\IPT;C:\Program Files\nodejs\;C:\Users\Vuksa2103\AppData\Roaming\npm;C:\adb;C:\gradle-2.2.1\bin;C:\Users\Vuksa2103\AppData\Roaming\npm
USERNAME=Vuksa2103
OS=Windows_NT
PROCESSOR_IDENTIFIER=Intel64 Family 6 Model 42 Stepping 7, GenuineIntel



---------------  S Y S T E M  ---------------

OS: Windows 7 , 64 bit Build 7601 (6.1.7601.23543)

CPU:total 4 (4 cores per cpu, 1 threads per core) family 6 model 42 stepping 7, cmov, cx8, fxsr, mmx, sse, sse2, sse3, ssse3, sse4.1, sse4.2, popcnt, avx, aes, clmul, tsc, tscinvbit

Memory: 4k page, physical 8351496k(1716156k free), swap 9398212k(5496k free)

vm_info: Java HotSpot(TM) 64-Bit Server VM (25.60-b23) for windows-amd64 JRE (1.8.0_60-b27), built on Aug  4 2015 11:06:27 by "java_re" with MS VC++ 10.0 (VS2010)

time: Sat Oct 29 19:50:57 2016
elapsed time: 1 seconds (0d 0h 0m 1s)

